<html>
<head>
<title>TestNG:  FirefoxTest</title>
<link href="../testng.css" rel="stylesheet" type="text/css" />
<link href="../my-testng.css" rel="stylesheet" type="text/css" />

<style type="text/css">
.log { display: none;} 
.stack-trace { display: none;} 
</style>
<script type="text/javascript">
<!--
function flip(e) {
  current = e.style.display;
  if (current == 'block') {
    e.style.display = 'none';
    return 0;
  }
  else {
    e.style.display = 'block';
    return 1;
  }
}

function toggleBox(szDivId, elem, msg1, msg2)
{
  var res = -1;  if (document.getElementById) {
    res = flip(document.getElementById(szDivId));
  }
  else if (document.all) {
    // this is the way old msie versions work
    res = flip(document.all[szDivId]);
  }
  if(elem) {
    if(res == 0) elem.innerHTML = msg1; else elem.innerHTML = msg2;
  }

}

function toggleAllBoxes() {
  if (document.getElementsByTagName) {
    d = document.getElementsByTagName('div');
    for (i = 0; i < d.length; i++) {
      if (d[i].className == 'log') {
        flip(d[i]);
      }
    }
  }
}

// -->
</script>

</head>
<body>
<h2 align='center'>FirefoxTest</h2><table border='1' align="center">
<tr>
<td>Tests passed/Failed/Skipped:</td><td>1/3/37</td>
</tr><tr>
<td>Started on:</td><td>Mon Nov 03 16:22:01 EET 2014</td>
</tr>
<tr><td>Total time:</td><td>71 seconds (71972 ms)</td>
</tr><tr>
<td>Included groups:</td><td></td>
</tr><tr>
<td>Excluded groups:</td><td></td>
</tr>
</table><p/>
<small><i>(Hover the method name to see the test class name)</i></small><p/>
<table width='100%' border='1' class='invocation-failed'>
<tr><td colspan='4' align='center'><b>FAILED CONFIGURATIONS</b></td></tr>
<tr><td><b>Test method</b></td>
<td width="30%"><b>Exception</b></td>
<td width="10%"><b>Time (seconds)</b></td>
<td><b>Instance</b></td>
</tr>
<tr>
<td title='Survey.SurveyDownload.closeBrowser()'><b>closeBrowser</b><br>Test class: Survey.SurveyDownload</td>
<td><div><pre>org.openqa.selenium.remote.UnreachableBrowserException: Error communicating with the remote browser. It may have died.
Build info: version: &apos;2.43.1&apos;, revision: &apos;5163bce&apos;, time: &apos;2014-09-10 16:27:33&apos;
System info: host: &apos;Madis-PC&apos;, ip: &apos;192.168.0.109&apos;, os.name: &apos;Windows 7&apos;, os.arch: &apos;amd64&apos;, os.version: &apos;6.1&apos;, java.version: &apos;1.8.0_20&apos;
Driver info: driver.version: RemoteWebDriver
	at org.openqa.selenium.remote.RemoteWebDriver.execute(RemoteWebDriver.java:593)
	at org.openqa.selenium.remote.RemoteWebDriver.execute(RemoteWebDriver.java:614)
	at org.openqa.selenium.remote.RemoteWebDriver.close(RemoteWebDriver.java:463)
	at Utils.Browser.closeBrowser(Browser.java:57)
	at java.util.concurrent.FutureTask.run(Unknown Source)
	at java.util.concurrent.ThreadPoolExecutor.runWorker(Unknown Source)
	at java.util.concurrent.ThreadPoolExecutor$Worker.run(Unknown Source)
	at java.lang.Thread.run(Unknown Source)
Caused by: org.apache.http.conn.HttpHostConnectException: Connect to 127.0.0.1:7055 [/127.0.0.1] failed: Connection refused: connect
	at org.apache.http.impl.conn.HttpClientConnectionOperator.connect(HttpClientConnectionOperator.java:140)
	at org.apache.http.impl.conn.PoolingHttpClientConnectionManager.connect(PoolingHttpClientConnectionManager.java:318)
	at org.apache.http.impl.execchain.MainClientExec.establishRoute(MainClientExec.java:363)
	at org.apache.http.impl.execchain.MainClientExec.execute(MainClientExec.java:219)
	at org.apache.http.impl.execchain.ProtocolExec.execute(ProtocolExec.java:195)
	at org.apache.http.impl.execchain.RetryExec.execute(RetryExec.java:86)
	at org.apache.http.impl.execchain.RedirectExec.execute(RedirectExec.java:108)
	at org.apache.http.impl.client.InternalHttpClient.doExecute(InternalHttpClient.java:184)
	at org.apache.http.impl.client.CloseableHttpClient.execute(CloseableHttpClient.java:72)
	at org.apache.http.impl.client.CloseableHttpClient.execute(CloseableHttpClient.java:57)
	at org.openqa.selenium.remote.HttpCommandExecutor.fallBackExecute(HttpCommandExecutor.java:215)
	at org.openqa.selenium.remote.HttpCommandExecutor.execute(HttpCommandExecutor.java:184)
	at org.openqa.selenium.firefox.internal.NewProfileExtensionConnection.execute(NewProfileExtensionConnection.java:165)
	at org.openqa.selenium.firefox.FirefoxDriver$LazyCommandExecutor.execute(FirefoxDriver.java:362)
	at org.openqa.selenium.remote.RemoteWebDriver.execute(RemoteWebDriver.java:572)
	... 25 more
Caused by: java.net.ConnectException: Connection refused: connect
	at java.net.DualStackPlainSocketImpl.waitForConnect(Native Method)
	at java.net.DualStackPlainSocketImpl.socketConnect(Unknown Source)
	at java.net.AbstractPlainSocketImpl.doConnect(Unknown Source)
	at java.net.AbstractPlainSocketImpl.connectToAddress(Unknown Source)
	at java.net.AbstractPlainSocketImpl.connect(Unknown Source)
	at java.net.PlainSocketImpl.connect(Unknown Source)
	at java.net.SocksSocketImpl.connect(Unknown Source)
	at java.net.Socket.connect(Unknown Source)
	at org.apache.http.conn.socket.PlainConnectionSocketFactory.connectSocket(PlainConnectionSocketFactory.java:72)
	at org.apache.http.impl.conn.HttpClientConnectionOperator.connect(HttpClientConnectionOperator.java:123)
	... 39 more
... Removed 18 stack frames</pre></div><a href='#' onClick='toggleBox("stack-trace1058727818", this, "Click to show all stack frames", "Click to hide stack frames")'>Click to show all stack frames</a>
<div class='stack-trace' id='stack-trace1058727818'><pre>org.openqa.selenium.remote.UnreachableBrowserException: Error communicating with the remote browser. It may have died.
Build info: version: &apos;2.43.1&apos;, revision: &apos;5163bce&apos;, time: &apos;2014-09-10 16:27:33&apos;
System info: host: &apos;Madis-PC&apos;, ip: &apos;192.168.0.109&apos;, os.name: &apos;Windows 7&apos;, os.arch: &apos;amd64&apos;, os.version: &apos;6.1&apos;, java.version: &apos;1.8.0_20&apos;
Driver info: driver.version: RemoteWebDriver
	at org.openqa.selenium.remote.RemoteWebDriver.execute(RemoteWebDriver.java:593)
	at org.openqa.selenium.remote.RemoteWebDriver.execute(RemoteWebDriver.java:614)
	at org.openqa.selenium.remote.RemoteWebDriver.close(RemoteWebDriver.java:463)
	at Utils.Browser.closeBrowser(Browser.java:57)
	at sun.reflect.NativeMethodAccessorImpl.invoke0(Native Method)
	at sun.reflect.NativeMethodAccessorImpl.invoke(Unknown Source)
	at sun.reflect.DelegatingMethodAccessorImpl.invoke(Unknown Source)
	at java.lang.reflect.Method.invoke(Unknown Source)
	at org.testng.internal.MethodInvocationHelper.invokeMethod(MethodInvocationHelper.java:84)
	at org.testng.internal.Invoker.invokeConfigurationMethod(Invoker.java:564)
	at org.testng.internal.Invoker.invokeConfigurations(Invoker.java:213)
	at org.testng.internal.Invoker.invokeMethod(Invoker.java:786)
	at org.testng.internal.Invoker.invokeTestMethod(Invoker.java:901)
	at org.testng.internal.Invoker.invokeTestMethods(Invoker.java:1231)
	at org.testng.internal.TestMethodWorker.invokeTestMethods(TestMethodWorker.java:127)
	at org.testng.internal.TestMethodWorker.run(TestMethodWorker.java:111)
	at org.testng.TestRunner.privateRun(TestRunner.java:767)
	at org.testng.TestRunner.run(TestRunner.java:617)
	at org.testng.SuiteRunner.runTest(SuiteRunner.java:334)
	at org.testng.SuiteRunner.access$000(SuiteRunner.java:37)
	at org.testng.SuiteRunner$SuiteWorker.run(SuiteRunner.java:368)
	at org.testng.internal.thread.ThreadUtil$2.call(ThreadUtil.java:64)
	at java.util.concurrent.FutureTask.run(Unknown Source)
	at java.util.concurrent.ThreadPoolExecutor.runWorker(Unknown Source)
	at java.util.concurrent.ThreadPoolExecutor$Worker.run(Unknown Source)
	at java.lang.Thread.run(Unknown Source)
Caused by: org.apache.http.conn.HttpHostConnectException: Connect to 127.0.0.1:7055 [/127.0.0.1] failed: Connection refused: connect
	at org.apache.http.impl.conn.HttpClientConnectionOperator.connect(HttpClientConnectionOperator.java:140)
	at org.apache.http.impl.conn.PoolingHttpClientConnectionManager.connect(PoolingHttpClientConnectionManager.java:318)
	at org.apache.http.impl.execchain.MainClientExec.establishRoute(MainClientExec.java:363)
	at org.apache.http.impl.execchain.MainClientExec.execute(MainClientExec.java:219)
	at org.apache.http.impl.execchain.ProtocolExec.execute(ProtocolExec.java:195)
	at org.apache.http.impl.execchain.RetryExec.execute(RetryExec.java:86)
	at org.apache.http.impl.execchain.RedirectExec.execute(RedirectExec.java:108)
	at org.apache.http.impl.client.InternalHttpClient.doExecute(InternalHttpClient.java:184)
	at org.apache.http.impl.client.CloseableHttpClient.execute(CloseableHttpClient.java:72)
	at org.apache.http.impl.client.CloseableHttpClient.execute(CloseableHttpClient.java:57)
	at org.openqa.selenium.remote.HttpCommandExecutor.fallBackExecute(HttpCommandExecutor.java:215)
	at org.openqa.selenium.remote.HttpCommandExecutor.execute(HttpCommandExecutor.java:184)
	at org.openqa.selenium.firefox.internal.NewProfileExtensionConnection.execute(NewProfileExtensionConnection.java:165)
	at org.openqa.selenium.firefox.FirefoxDriver$LazyCommandExecutor.execute(FirefoxDriver.java:362)
	at org.openqa.selenium.remote.RemoteWebDriver.execute(RemoteWebDriver.java:572)
	... 25 more
Caused by: java.net.ConnectException: Connection refused: connect
	at java.net.DualStackPlainSocketImpl.waitForConnect(Native Method)
	at java.net.DualStackPlainSocketImpl.socketConnect(Unknown Source)
	at java.net.AbstractPlainSocketImpl.doConnect(Unknown Source)
	at java.net.AbstractPlainSocketImpl.connectToAddress(Unknown Source)
	at java.net.AbstractPlainSocketImpl.connect(Unknown Source)
	at java.net.PlainSocketImpl.connect(Unknown Source)
	at java.net.SocksSocketImpl.connect(Unknown Source)
	at java.net.Socket.connect(Unknown Source)
	at org.apache.http.conn.socket.PlainConnectionSocketFactory.connectSocket(PlainConnectionSocketFactory.java:72)
	at org.apache.http.impl.conn.HttpClientConnectionOperator.connect(HttpClientConnectionOperator.java:123)
	... 39 more
</pre></div></td>
<td>0</td>
<td>Survey.SurveyDownload@649d209a</td></tr>
</table><p>
<table width='100%' border='1' class='invocation-skipped'>
<tr><td colspan='4' align='center'><b>SKIPPED CONFIGURATIONS</b></td></tr>
<tr><td><b>Test method</b></td>
<td width="30%"><b>Exception</b></td>
<td width="10%"><b>Time (seconds)</b></td>
<td><b>Instance</b></td>
</tr>
<tr>
<td title='Survey.SurveyDownload.beforeTest()'><b>beforeTest</b><br>Test class: Survey.SurveyDownload</td>
<td></td>
<td>0</td>
<td>Survey.SurveyDownload@649d209a</td></tr>
<tr>
<td title='Survey.SurveyDownload.beforeTest()'><b>beforeTest</b><br>Test class: Survey.SurveyDownload</td>
<td></td>
<td>0</td>
<td>Survey.SurveyDownload@649d209a</td></tr>
<tr>
<td title='sayatme.Registration.Frontpagereg.beforeTest()'><b>beforeTest</b><br>Test class: sayatme.Registration.Frontpagereg</td>
<td></td>
<td>0</td>
<td>sayatme.Registration.Frontpagereg@6e3c1e69</td></tr>
<tr>
<td title='sayatme.Registration.Frontpagereg.beforeTest()'><b>beforeTest</b><br>Test class: sayatme.Registration.Frontpagereg</td>
<td></td>
<td>0</td>
<td>sayatme.Registration.Frontpagereg@6e3c1e69</td></tr>
<tr>
<td title='sayatme.Registration.Frontpagereg.beforeTest()'><b>beforeTest</b><br>Test class: sayatme.Registration.Frontpagereg</td>
<td></td>
<td>0</td>
<td>sayatme.Registration.Frontpagereg@6e3c1e69</td></tr>
<tr>
<td title='sayatme.Registration.ProfileRegInv.beforeTest()'><b>beforeTest</b><br>Test class: sayatme.Registration.ProfileRegInv</td>
<td></td>
<td>0</td>
<td>sayatme.Registration.ProfileRegInv@7907ec20</td></tr>
<tr>
<td title='sayatme.Registration.ProfileRegInv.beforeTest()'><b>beforeTest</b><br>Test class: sayatme.Registration.ProfileRegInv</td>
<td></td>
<td>0</td>
<td>sayatme.Registration.ProfileRegInv@7907ec20</td></tr>
<tr>
<td title='sayatme.Registration.ProfileRegInv.beforeTest()'><b>beforeTest</b><br>Test class: sayatme.Registration.ProfileRegInv</td>
<td></td>
<td>0</td>
<td>sayatme.Registration.ProfileRegInv@7907ec20</td></tr>
<tr>
<td title='sayatme.Registration.FeedbackRegInval.beforeTest()'><b>beforeTest</b><br>Test class: sayatme.Registration.FeedbackRegInval</td>
<td></td>
<td>0</td>
<td>sayatme.Registration.FeedbackRegInval@35851384</td></tr>
<tr>
<td title='sayatme.Registration.FeedbackRegInval.beforeTest()'><b>beforeTest</b><br>Test class: sayatme.Registration.FeedbackRegInval</td>
<td></td>
<td>0</td>
<td>sayatme.Registration.FeedbackRegInval@35851384</td></tr>
<tr>
<td title='sayatme.Registration.FeedbackRegInval.beforeTest()'><b>beforeTest</b><br>Test class: sayatme.Registration.FeedbackRegInval</td>
<td></td>
<td>0</td>
<td>sayatme.Registration.FeedbackRegInval@35851384</td></tr>
<tr>
<td title='Login.LoginInval.beforeTest()'><b>beforeTest</b><br>Test class: Login.LoginInval</td>
<td></td>
<td>0</td>
<td>Login.LoginInval@721e0f4f</td></tr>
<tr>
<td title='Login.LoginInval.beforeTest()'><b>beforeTest</b><br>Test class: Login.LoginInval</td>
<td></td>
<td>0</td>
<td>Login.LoginInval@721e0f4f</td></tr>
<tr>
<td title='Login.LoginInval.beforeTest()'><b>beforeTest</b><br>Test class: Login.LoginInval</td>
<td></td>
<td>0</td>
<td>Login.LoginInval@721e0f4f</td></tr>
<tr>
<td title='Login.LoginVal.beforeTest()'><b>beforeTest</b><br>Test class: Login.LoginVal</td>
<td></td>
<td>0</td>
<td>Login.LoginVal@1888ff2c</td></tr>
<tr>
<td title='Login.LoginVal.beforeTest()'><b>beforeTest</b><br>Test class: Login.LoginVal</td>
<td></td>
<td>0</td>
<td>Login.LoginVal@1888ff2c</td></tr>
<tr>
<td title='Login.LoginVal.beforeTest()'><b>beforeTest</b><br>Test class: Login.LoginVal</td>
<td></td>
<td>0</td>
<td>Login.LoginVal@1888ff2c</td></tr>
<tr>
<td title='Feedback.feedbackinv.beforeTest()'><b>beforeTest</b><br>Test class: Feedback.feedbackinv</td>
<td></td>
<td>0</td>
<td>Feedback.feedbackinv@2eee9593</td></tr>
<tr>
<td title='Feedback.feedbackinv.beforeTest()'><b>beforeTest</b><br>Test class: Feedback.feedbackinv</td>
<td></td>
<td>0</td>
<td>Feedback.feedbackinv@2eee9593</td></tr>
<tr>
<td title='Feedback.feedbackinv.beforeTest()'><b>beforeTest</b><br>Test class: Feedback.feedbackinv</td>
<td></td>
<td>0</td>
<td>Feedback.feedbackinv@2eee9593</td></tr>
<tr>
<td title='Feedback.FeedbackVal.beforeTest()'><b>beforeTest</b><br>Test class: Feedback.FeedbackVal</td>
<td></td>
<td>0</td>
<td>Feedback.FeedbackVal@546a03af</td></tr>
<tr>
<td title='Feedback.FeedbackVal.beforeTest()'><b>beforeTest</b><br>Test class: Feedback.FeedbackVal</td>
<td></td>
<td>0</td>
<td>Feedback.FeedbackVal@546a03af</td></tr>
<tr>
<td title='Feedback.FeedbackVal.beforeTest()'><b>beforeTest</b><br>Test class: Feedback.FeedbackVal</td>
<td></td>
<td>0</td>
<td>Feedback.FeedbackVal@546a03af</td></tr>
<tr>
<td title='Feedback.AnswerFeedback.beforeTest()'><b>beforeTest</b><br>Test class: Feedback.AnswerFeedback</td>
<td></td>
<td>0</td>
<td>Feedback.AnswerFeedback@6ea6d14e</td></tr>
<tr>
<td title='Feedback.AnswerFeedback.beforeTest()'><b>beforeTest</b><br>Test class: Feedback.AnswerFeedback</td>
<td></td>
<td>0</td>
<td>Feedback.AnswerFeedback@6ea6d14e</td></tr>
<tr>
<td title='Feedback.AnswerFeedback.beforeTest()'><b>beforeTest</b><br>Test class: Feedback.AnswerFeedback</td>
<td></td>
<td>0</td>
<td>Feedback.AnswerFeedback@6ea6d14e</td></tr>
<tr>
<td title='Friends.FollowFriends.beforeTest()'><b>beforeTest</b><br>Test class: Friends.FollowFriends</td>
<td></td>
<td>0</td>
<td>Friends.FollowFriends@7bb11784</td></tr>
<tr>
<td title='Friends.FriendsFeedback.beforeTest()'><b>beforeTest</b><br>Test class: Friends.FriendsFeedback</td>
<td></td>
<td>0</td>
<td>Friends.FriendsFeedback@28864e92</td></tr>
<tr>
<td title='Friends.FriendsFeedback.beforeTest()'><b>beforeTest</b><br>Test class: Friends.FriendsFeedback</td>
<td></td>
<td>0</td>
<td>Friends.FriendsFeedback@28864e92</td></tr>
<tr>
<td title='Friends.FriendsFeedback.beforeTest()'><b>beforeTest</b><br>Test class: Friends.FriendsFeedback</td>
<td></td>
<td>0</td>
<td>Friends.FriendsFeedback@28864e92</td></tr>
<tr>
<td title='Friends.UnfollowFriends.beforeTest()'><b>beforeTest</b><br>Test class: Friends.UnfollowFriends</td>
<td></td>
<td>0</td>
<td>Friends.UnfollowFriends@725bef66</td></tr>
<tr>
<td title='Survey.SurveywithInvalidData.beforeTest()'><b>beforeTest</b><br>Test class: Survey.SurveywithInvalidData</td>
<td></td>
<td>0</td>
<td>Survey.SurveywithInvalidData@6ad5c04e</td></tr>
<tr>
<td title='Survey.SurveywithInvalidData.beforeTest()'><b>beforeTest</b><br>Test class: Survey.SurveywithInvalidData</td>
<td></td>
<td>0</td>
<td>Survey.SurveywithInvalidData@6ad5c04e</td></tr>
<tr>
<td title='Survey.SurveywithInvalidData.beforeTest()'><b>beforeTest</b><br>Test class: Survey.SurveywithInvalidData</td>
<td></td>
<td>0</td>
<td>Survey.SurveywithInvalidData@6ad5c04e</td></tr>
<tr>
<td title='GeneralFunctions.ChangePw.beforeTest()'><b>beforeTest</b><br>Test class: GeneralFunctions.ChangePw</td>
<td></td>
<td>0</td>
<td>GeneralFunctions.ChangePw@2aaf7cc2</td></tr>
<tr>
<td title='GeneralFunctions.ChangePw.beforeTest()'><b>beforeTest</b><br>Test class: GeneralFunctions.ChangePw</td>
<td></td>
<td>0</td>
<td>GeneralFunctions.ChangePw@2aaf7cc2</td></tr>
<tr>
<td title='GeneralFunctions.ChangePw.beforeTest()'><b>beforeTest</b><br>Test class: GeneralFunctions.ChangePw</td>
<td></td>
<td>0</td>
<td>GeneralFunctions.ChangePw@2aaf7cc2</td></tr>
<tr>
<td title='Survey.SurveyDownload.closeBrowser()'><b>closeBrowser</b><br>Test class: Survey.SurveyDownload</td>
<td></td>
<td>0</td>
<td>Survey.SurveyDownload@649d209a</td></tr>
<tr>
<td title='Survey.SurveyDownload.closeBrowser()'><b>closeBrowser</b><br>Test class: Survey.SurveyDownload</td>
<td></td>
<td>0</td>
<td>Survey.SurveyDownload@649d209a</td></tr>
<tr>
<td title='sayatme.Registration.Frontpagereg.closeBrowser()'><b>closeBrowser</b><br>Test class: sayatme.Registration.Frontpagereg</td>
<td></td>
<td>0</td>
<td>sayatme.Registration.Frontpagereg@6e3c1e69</td></tr>
<tr>
<td title='sayatme.Registration.Frontpagereg.closeBrowser()'><b>closeBrowser</b><br>Test class: sayatme.Registration.Frontpagereg</td>
<td></td>
<td>0</td>
<td>sayatme.Registration.Frontpagereg@6e3c1e69</td></tr>
<tr>
<td title='sayatme.Registration.Frontpagereg.closeBrowser()'><b>closeBrowser</b><br>Test class: sayatme.Registration.Frontpagereg</td>
<td></td>
<td>0</td>
<td>sayatme.Registration.Frontpagereg@6e3c1e69</td></tr>
<tr>
<td title='sayatme.Registration.ProfileRegInv.closeBrowser()'><b>closeBrowser</b><br>Test class: sayatme.Registration.ProfileRegInv</td>
<td></td>
<td>0</td>
<td>sayatme.Registration.ProfileRegInv@7907ec20</td></tr>
<tr>
<td title='sayatme.Registration.ProfileRegInv.closeBrowser()'><b>closeBrowser</b><br>Test class: sayatme.Registration.ProfileRegInv</td>
<td></td>
<td>0</td>
<td>sayatme.Registration.ProfileRegInv@7907ec20</td></tr>
<tr>
<td title='sayatme.Registration.ProfileRegInv.closeBrowser()'><b>closeBrowser</b><br>Test class: sayatme.Registration.ProfileRegInv</td>
<td></td>
<td>0</td>
<td>sayatme.Registration.ProfileRegInv@7907ec20</td></tr>
<tr>
<td title='sayatme.Registration.FeedbackRegInval.closeBrowser()'><b>closeBrowser</b><br>Test class: sayatme.Registration.FeedbackRegInval</td>
<td></td>
<td>0</td>
<td>sayatme.Registration.FeedbackRegInval@35851384</td></tr>
<tr>
<td title='sayatme.Registration.FeedbackRegInval.closeBrowser()'><b>closeBrowser</b><br>Test class: sayatme.Registration.FeedbackRegInval</td>
<td></td>
<td>0</td>
<td>sayatme.Registration.FeedbackRegInval@35851384</td></tr>
<tr>
<td title='sayatme.Registration.FeedbackRegInval.closeBrowser()'><b>closeBrowser</b><br>Test class: sayatme.Registration.FeedbackRegInval</td>
<td></td>
<td>0</td>
<td>sayatme.Registration.FeedbackRegInval@35851384</td></tr>
<tr>
<td title='Login.LoginInval.closeBrowser()'><b>closeBrowser</b><br>Test class: Login.LoginInval</td>
<td></td>
<td>0</td>
<td>Login.LoginInval@721e0f4f</td></tr>
<tr>
<td title='Login.LoginInval.closeBrowser()'><b>closeBrowser</b><br>Test class: Login.LoginInval</td>
<td></td>
<td>0</td>
<td>Login.LoginInval@721e0f4f</td></tr>
<tr>
<td title='Login.LoginInval.closeBrowser()'><b>closeBrowser</b><br>Test class: Login.LoginInval</td>
<td></td>
<td>0</td>
<td>Login.LoginInval@721e0f4f</td></tr>
<tr>
<td title='Login.LoginVal.closeBrowser()'><b>closeBrowser</b><br>Test class: Login.LoginVal</td>
<td></td>
<td>0</td>
<td>Login.LoginVal@1888ff2c</td></tr>
<tr>
<td title='Login.LoginVal.closeBrowser()'><b>closeBrowser</b><br>Test class: Login.LoginVal</td>
<td></td>
<td>0</td>
<td>Login.LoginVal@1888ff2c</td></tr>
<tr>
<td title='Login.LoginVal.closeBrowser()'><b>closeBrowser</b><br>Test class: Login.LoginVal</td>
<td></td>
<td>0</td>
<td>Login.LoginVal@1888ff2c</td></tr>
<tr>
<td title='Feedback.feedbackinv.closeBrowser()'><b>closeBrowser</b><br>Test class: Feedback.feedbackinv</td>
<td></td>
<td>0</td>
<td>Feedback.feedbackinv@2eee9593</td></tr>
<tr>
<td title='Feedback.feedbackinv.closeBrowser()'><b>closeBrowser</b><br>Test class: Feedback.feedbackinv</td>
<td></td>
<td>0</td>
<td>Feedback.feedbackinv@2eee9593</td></tr>
<tr>
<td title='Feedback.feedbackinv.closeBrowser()'><b>closeBrowser</b><br>Test class: Feedback.feedbackinv</td>
<td></td>
<td>0</td>
<td>Feedback.feedbackinv@2eee9593</td></tr>
<tr>
<td title='Feedback.FeedbackVal.closeBrowser()'><b>closeBrowser</b><br>Test class: Feedback.FeedbackVal</td>
<td></td>
<td>0</td>
<td>Feedback.FeedbackVal@546a03af</td></tr>
<tr>
<td title='Feedback.FeedbackVal.closeBrowser()'><b>closeBrowser</b><br>Test class: Feedback.FeedbackVal</td>
<td></td>
<td>0</td>
<td>Feedback.FeedbackVal@546a03af</td></tr>
<tr>
<td title='Feedback.FeedbackVal.closeBrowser()'><b>closeBrowser</b><br>Test class: Feedback.FeedbackVal</td>
<td></td>
<td>0</td>
<td>Feedback.FeedbackVal@546a03af</td></tr>
<tr>
<td title='Feedback.AnswerFeedback.closeBrowser()'><b>closeBrowser</b><br>Test class: Feedback.AnswerFeedback</td>
<td></td>
<td>0</td>
<td>Feedback.AnswerFeedback@6ea6d14e</td></tr>
<tr>
<td title='Feedback.AnswerFeedback.closeBrowser()'><b>closeBrowser</b><br>Test class: Feedback.AnswerFeedback</td>
<td></td>
<td>0</td>
<td>Feedback.AnswerFeedback@6ea6d14e</td></tr>
<tr>
<td title='Feedback.AnswerFeedback.closeBrowser()'><b>closeBrowser</b><br>Test class: Feedback.AnswerFeedback</td>
<td></td>
<td>0</td>
<td>Feedback.AnswerFeedback@6ea6d14e</td></tr>
<tr>
<td title='Friends.FollowFriends.closeBrowser()'><b>closeBrowser</b><br>Test class: Friends.FollowFriends</td>
<td></td>
<td>0</td>
<td>Friends.FollowFriends@7bb11784</td></tr>
<tr>
<td title='Friends.FriendsFeedback.closeBrowser()'><b>closeBrowser</b><br>Test class: Friends.FriendsFeedback</td>
<td></td>
<td>0</td>
<td>Friends.FriendsFeedback@28864e92</td></tr>
<tr>
<td title='Friends.FriendsFeedback.closeBrowser()'><b>closeBrowser</b><br>Test class: Friends.FriendsFeedback</td>
<td></td>
<td>0</td>
<td>Friends.FriendsFeedback@28864e92</td></tr>
<tr>
<td title='Friends.FriendsFeedback.closeBrowser()'><b>closeBrowser</b><br>Test class: Friends.FriendsFeedback</td>
<td></td>
<td>0</td>
<td>Friends.FriendsFeedback@28864e92</td></tr>
<tr>
<td title='Friends.UnfollowFriends.closeBrowser()'><b>closeBrowser</b><br>Test class: Friends.UnfollowFriends</td>
<td></td>
<td>0</td>
<td>Friends.UnfollowFriends@725bef66</td></tr>
<tr>
<td title='Survey.SurveywithInvalidData.closeBrowser()'><b>closeBrowser</b><br>Test class: Survey.SurveywithInvalidData</td>
<td></td>
<td>0</td>
<td>Survey.SurveywithInvalidData@6ad5c04e</td></tr>
<tr>
<td title='Survey.SurveywithInvalidData.closeBrowser()'><b>closeBrowser</b><br>Test class: Survey.SurveywithInvalidData</td>
<td></td>
<td>0</td>
<td>Survey.SurveywithInvalidData@6ad5c04e</td></tr>
<tr>
<td title='Survey.SurveywithInvalidData.closeBrowser()'><b>closeBrowser</b><br>Test class: Survey.SurveywithInvalidData</td>
<td></td>
<td>0</td>
<td>Survey.SurveywithInvalidData@6ad5c04e</td></tr>
<tr>
<td title='GeneralFunctions.ChangePw.closeBrowser()'><b>closeBrowser</b><br>Test class: GeneralFunctions.ChangePw</td>
<td></td>
<td>0</td>
<td>GeneralFunctions.ChangePw@2aaf7cc2</td></tr>
<tr>
<td title='GeneralFunctions.ChangePw.closeBrowser()'><b>closeBrowser</b><br>Test class: GeneralFunctions.ChangePw</td>
<td></td>
<td>0</td>
<td>GeneralFunctions.ChangePw@2aaf7cc2</td></tr>
<tr>
<td title='GeneralFunctions.ChangePw.closeBrowser()'><b>closeBrowser</b><br>Test class: GeneralFunctions.ChangePw</td>
<td></td>
<td>0</td>
<td>GeneralFunctions.ChangePw@2aaf7cc2</td></tr>
</table><p>
<table width='100%' border='1' class='invocation-failed'>
<tr><td colspan='4' align='center'><b>FAILED TESTS</b></td></tr>
<tr><td><b>Test method</b></td>
<td width="30%"><b>Exception</b></td>
<td width="10%"><b>Time (seconds)</b></td>
<td><b>Instance</b></td>
</tr>
<tr>
<td title='Survey.SurveyDownload.TestSurveyDownload()'><b>TestSurveyDownload</b><br>Test class: Survey.SurveyDownload<br>Parameters: tavalinetont, testime11, Tavaline, Kas see on tavaline küsitlius, Tundub täiesti tavaline, Mis meeldib mulle, Tavalised asjad, Action, Draama, Õnnenumbrid on mul, Kolmteist, Seitse, Üks</td>
<td><div><pre>org.openqa.selenium.remote.UnreachableBrowserException: Error communicating with the remote browser. It may have died.
Build info: version: &apos;2.43.1&apos;, revision: &apos;5163bce&apos;, time: &apos;2014-09-10 16:27:33&apos;
System info: host: &apos;Madis-PC&apos;, ip: &apos;192.168.0.109&apos;, os.name: &apos;Windows 7&apos;, os.arch: &apos;amd64&apos;, os.version: &apos;6.1&apos;, java.version: &apos;1.8.0_20&apos;
Driver info: driver.version: RemoteWebDriver
	at org.openqa.selenium.remote.RemoteWebDriver.execute(RemoteWebDriver.java:593)
	at org.openqa.selenium.remote.RemoteWebDriver.findElement(RemoteWebDriver.java:352)
	at org.openqa.selenium.remote.RemoteWebDriver.findElementByLinkText(RemoteWebDriver.java:401)
	at org.openqa.selenium.By$ByLinkText.findElement(By.java:242)
	at org.openqa.selenium.remote.RemoteWebDriver.findElement(RemoteWebDriver.java:344)
	at Survey.SurveyDownload.TestSurveyDownload(SurveyDownload.java:31)
	at java.util.concurrent.FutureTask.run(Unknown Source)
	at java.util.concurrent.ThreadPoolExecutor.runWorker(Unknown Source)
	at java.util.concurrent.ThreadPoolExecutor$Worker.run(Unknown Source)
	at java.lang.Thread.run(Unknown Source)
Caused by: org.apache.http.conn.HttpHostConnectException: Connect to 127.0.0.1:7055 [/127.0.0.1] failed: Connection refused: connect
	at org.apache.http.impl.conn.HttpClientConnectionOperator.connect(HttpClientConnectionOperator.java:140)
	at org.apache.http.impl.conn.PoolingHttpClientConnectionManager.connect(PoolingHttpClientConnectionManager.java:318)
	at org.apache.http.impl.execchain.MainClientExec.establishRoute(MainClientExec.java:363)
	at org.apache.http.impl.execchain.MainClientExec.execute(MainClientExec.java:219)
	at org.apache.http.impl.execchain.ProtocolExec.execute(ProtocolExec.java:195)
	at org.apache.http.impl.execchain.RetryExec.execute(RetryExec.java:86)
	at org.apache.http.impl.execchain.RedirectExec.execute(RedirectExec.java:108)
	at org.apache.http.impl.client.InternalHttpClient.doExecute(InternalHttpClient.java:184)
	at org.apache.http.impl.client.CloseableHttpClient.execute(CloseableHttpClient.java:72)
	at org.apache.http.impl.client.CloseableHttpClient.execute(CloseableHttpClient.java:57)
	at org.openqa.selenium.remote.HttpCommandExecutor.fallBackExecute(HttpCommandExecutor.java:233)
	at org.openqa.selenium.remote.HttpCommandExecutor.execute(HttpCommandExecutor.java:184)
	at org.openqa.selenium.firefox.internal.NewProfileExtensionConnection.execute(NewProfileExtensionConnection.java:165)
	at org.openqa.selenium.firefox.FirefoxDriver$LazyCommandExecutor.execute(FirefoxDriver.java:362)
	at org.openqa.selenium.remote.RemoteWebDriver.execute(RemoteWebDriver.java:572)
	... 25 more
Caused by: java.net.ConnectException: Connection refused: connect
	at java.net.DualStackPlainSocketImpl.waitForConnect(Native Method)
	at java.net.DualStackPlainSocketImpl.socketConnect(Unknown Source)
	at java.net.AbstractPlainSocketImpl.doConnect(Unknown Source)
	at java.net.AbstractPlainSocketImpl.connectToAddress(Unknown Source)
	at java.net.AbstractPlainSocketImpl.connect(Unknown Source)
	at java.net.PlainSocketImpl.connect(Unknown Source)
	at java.net.SocksSocketImpl.connect(Unknown Source)
	at java.net.Socket.connect(Unknown Source)
	at org.apache.http.conn.socket.PlainConnectionSocketFactory.connectSocket(PlainConnectionSocketFactory.java:72)
	at org.apache.http.impl.conn.HttpClientConnectionOperator.connect(HttpClientConnectionOperator.java:123)
	... 39 more
... Removed 16 stack frames</pre></div><a href='#' onClick='toggleBox("stack-trace1855815207", this, "Click to show all stack frames", "Click to hide stack frames")'>Click to show all stack frames</a>
<div class='stack-trace' id='stack-trace1855815207'><pre>org.openqa.selenium.remote.UnreachableBrowserException: Error communicating with the remote browser. It may have died.
Build info: version: &apos;2.43.1&apos;, revision: &apos;5163bce&apos;, time: &apos;2014-09-10 16:27:33&apos;
System info: host: &apos;Madis-PC&apos;, ip: &apos;192.168.0.109&apos;, os.name: &apos;Windows 7&apos;, os.arch: &apos;amd64&apos;, os.version: &apos;6.1&apos;, java.version: &apos;1.8.0_20&apos;
Driver info: driver.version: RemoteWebDriver
	at org.openqa.selenium.remote.RemoteWebDriver.execute(RemoteWebDriver.java:593)
	at org.openqa.selenium.remote.RemoteWebDriver.findElement(RemoteWebDriver.java:352)
	at org.openqa.selenium.remote.RemoteWebDriver.findElementByLinkText(RemoteWebDriver.java:401)
	at org.openqa.selenium.By$ByLinkText.findElement(By.java:242)
	at org.openqa.selenium.remote.RemoteWebDriver.findElement(RemoteWebDriver.java:344)
	at Survey.SurveyDownload.TestSurveyDownload(SurveyDownload.java:31)
	at sun.reflect.NativeMethodAccessorImpl.invoke0(Native Method)
	at sun.reflect.NativeMethodAccessorImpl.invoke(Unknown Source)
	at sun.reflect.DelegatingMethodAccessorImpl.invoke(Unknown Source)
	at java.lang.reflect.Method.invoke(Unknown Source)
	at org.testng.internal.MethodInvocationHelper.invokeMethod(MethodInvocationHelper.java:84)
	at org.testng.internal.Invoker.invokeMethod(Invoker.java:714)
	at org.testng.internal.Invoker.invokeTestMethod(Invoker.java:901)
	at org.testng.internal.Invoker.invokeTestMethods(Invoker.java:1231)
	at org.testng.internal.TestMethodWorker.invokeTestMethods(TestMethodWorker.java:127)
	at org.testng.internal.TestMethodWorker.run(TestMethodWorker.java:111)
	at org.testng.TestRunner.privateRun(TestRunner.java:767)
	at org.testng.TestRunner.run(TestRunner.java:617)
	at org.testng.SuiteRunner.runTest(SuiteRunner.java:334)
	at org.testng.SuiteRunner.access$000(SuiteRunner.java:37)
	at org.testng.SuiteRunner$SuiteWorker.run(SuiteRunner.java:368)
	at org.testng.internal.thread.ThreadUtil$2.call(ThreadUtil.java:64)
	at java.util.concurrent.FutureTask.run(Unknown Source)
	at java.util.concurrent.ThreadPoolExecutor.runWorker(Unknown Source)
	at java.util.concurrent.ThreadPoolExecutor$Worker.run(Unknown Source)
	at java.lang.Thread.run(Unknown Source)
Caused by: org.apache.http.conn.HttpHostConnectException: Connect to 127.0.0.1:7055 [/127.0.0.1] failed: Connection refused: connect
	at org.apache.http.impl.conn.HttpClientConnectionOperator.connect(HttpClientConnectionOperator.java:140)
	at org.apache.http.impl.conn.PoolingHttpClientConnectionManager.connect(PoolingHttpClientConnectionManager.java:318)
	at org.apache.http.impl.execchain.MainClientExec.establishRoute(MainClientExec.java:363)
	at org.apache.http.impl.execchain.MainClientExec.execute(MainClientExec.java:219)
	at org.apache.http.impl.execchain.ProtocolExec.execute(ProtocolExec.java:195)
	at org.apache.http.impl.execchain.RetryExec.execute(RetryExec.java:86)
	at org.apache.http.impl.execchain.RedirectExec.execute(RedirectExec.java:108)
	at org.apache.http.impl.client.InternalHttpClient.doExecute(InternalHttpClient.java:184)
	at org.apache.http.impl.client.CloseableHttpClient.execute(CloseableHttpClient.java:72)
	at org.apache.http.impl.client.CloseableHttpClient.execute(CloseableHttpClient.java:57)
	at org.openqa.selenium.remote.HttpCommandExecutor.fallBackExecute(HttpCommandExecutor.java:233)
	at org.openqa.selenium.remote.HttpCommandExecutor.execute(HttpCommandExecutor.java:184)
	at org.openqa.selenium.firefox.internal.NewProfileExtensionConnection.execute(NewProfileExtensionConnection.java:165)
	at org.openqa.selenium.firefox.FirefoxDriver$LazyCommandExecutor.execute(FirefoxDriver.java:362)
	at org.openqa.selenium.remote.RemoteWebDriver.execute(RemoteWebDriver.java:572)
	... 25 more
Caused by: java.net.ConnectException: Connection refused: connect
	at java.net.DualStackPlainSocketImpl.waitForConnect(Native Method)
	at java.net.DualStackPlainSocketImpl.socketConnect(Unknown Source)
	at java.net.AbstractPlainSocketImpl.doConnect(Unknown Source)
	at java.net.AbstractPlainSocketImpl.connectToAddress(Unknown Source)
	at java.net.AbstractPlainSocketImpl.connect(Unknown Source)
	at java.net.PlainSocketImpl.connect(Unknown Source)
	at java.net.SocksSocketImpl.connect(Unknown Source)
	at java.net.Socket.connect(Unknown Source)
	at org.apache.http.conn.socket.PlainConnectionSocketFactory.connectSocket(PlainConnectionSocketFactory.java:72)
	at org.apache.http.impl.conn.HttpClientConnectionOperator.connect(HttpClientConnectionOperator.java:123)
	... 39 more
</pre></div></td>
<td>16</td>
<td>Survey.SurveyDownload@649d209a</td></tr>
<tr>
<td title='Survey.SurveyWithValidData.TestSurveywithvalidData()'><b>TestSurveywithvalidData</b><br>Test class: Survey.SurveyWithValidData<br>Parameters: puhtaloom, testime11, Loomaed, Kas Loomaias on loomi? Põhjenda?, Jah. Sest seda kutsutakse aiaks kus elavad loomad, Keda leidub loomaaias, gorilla, mammut, yeti, Mis loomad on mul kodus elanud, kassid, tsintsilja, tiiger</td>
<td><div><pre>org.openqa.selenium.NoSuchWindowException: Window not found. The browser window may have been closed.
Command duration or timeout: 16 milliseconds
Build info: version: &apos;2.43.1&apos;, revision: &apos;5163bce&apos;, time: &apos;2014-09-10 16:27:33&apos;
System info: host: &apos;Madis-PC&apos;, ip: &apos;192.168.0.109&apos;, os.name: &apos;Windows 7&apos;, os.arch: &apos;amd64&apos;, os.version: &apos;6.1&apos;, java.version: &apos;1.8.0_20&apos;
Driver info: org.openqa.selenium.firefox.FirefoxDriver
Capabilities [{applicationCacheEnabled=true, rotatable=false, handlesAlerts=true, databaseEnabled=true, version=33.0.2, platform=WINDOWS, nativeEvents=false, acceptSslCerts=true, webStorageEnabled=true, locationContextEnabled=true, browserName=firefox, takesScreenshot=true, javascriptEnabled=true, cssSelectorsEnabled=true}]
Session ID: 20290a8b-a82b-489e-bd00-abb8d5588c2a
	at org.openqa.selenium.remote.ErrorHandler.createThrowable(ErrorHandler.java:204)
	at org.openqa.selenium.remote.ErrorHandler.throwIfResponseFailed(ErrorHandler.java:156)
	at org.openqa.selenium.remote.RemoteWebDriver.execute(RemoteWebDriver.java:599)
	at org.openqa.selenium.remote.RemoteWebDriver.findElement(RemoteWebDriver.java:352)
	at org.openqa.selenium.remote.RemoteWebDriver.findElementByCssSelector(RemoteWebDriver.java:441)
	at org.openqa.selenium.By$ByCssSelector.findElement(By.java:426)
	at org.openqa.selenium.remote.RemoteWebDriver.findElement(RemoteWebDriver.java:344)
	at PageObjects.LoggedIn.KysitlusHalda(LoggedIn.java:192)
	at Survey.SurveyWithValidData.TestSurveywithvalidData(SurveyWithValidData.java:47)
	at java.util.concurrent.FutureTask.run(Unknown Source)
	at java.util.concurrent.ThreadPoolExecutor.runWorker(Unknown Source)
	at java.util.concurrent.ThreadPoolExecutor$Worker.run(Unknown Source)
	at java.lang.Thread.run(Unknown Source)
Caused by: org.openqa.selenium.NoSuchWindowException: Window not found. The browser window may have been closed.
Build info: version: &apos;2.43.1&apos;, revision: &apos;5163bce&apos;, time: &apos;2014-09-10 16:27:33&apos;
System info: host: &apos;Madis-PC&apos;, ip: &apos;192.168.0.109&apos;, os.name: &apos;Windows 7&apos;, os.arch: &apos;amd64&apos;, os.version: &apos;6.1&apos;, java.version: &apos;1.8.0_20&apos;
Driver info: driver.version: unknown
	at &lt;anonymous class&gt;.nsCommandProcessor.prototype.execute(file:///C:/Users/Madis/AppData/Local/Temp/anonymous444610846102322427webdriver-profile/extensions/fxdriver@googlecode.com/components/command-processor.js:11683:23)
	at &lt;anonymous class&gt;.Dispatcher.executeAs/&lt;(file:///C:/Users/Madis/AppData/Local/Temp/anonymous444610846102322427webdriver-profile/extensions/fxdriver@googlecode.com/components/driver-component.js:8430:5)
	at &lt;anonymous class&gt;.Resource.prototype.handle(file:///C:/Users/Madis/AppData/Local/Temp/anonymous444610846102322427webdriver-profile/extensions/fxdriver@googlecode.com/components/driver-component.js:8577:219)
	at &lt;anonymous class&gt;.Dispatcher.prototype.dispatch(file:///C:/Users/Madis/AppData/Local/Temp/anonymous444610846102322427webdriver-profile/extensions/fxdriver@googlecode.com/components/driver-component.js:8524:36)
	at &lt;anonymous class&gt;.WebDriverServer/&lt;.handle(file:///C:/Users/Madis/AppData/Local/Temp/anonymous444610846102322427webdriver-profile/extensions/fxdriver@googlecode.com/components/driver-component.js:11466:5)
	at &lt;anonymous class&gt;.createHandlerFunc/&lt;(file:///C:/Users/Madis/AppData/Local/Temp/anonymous444610846102322427webdriver-profile/extensions/fxdriver@googlecode.com/components/httpd.js:1935:41)
	at &lt;anonymous class&gt;.ServerHandler.prototype.handleResponse(file:///C:/Users/Madis/AppData/Local/Temp/anonymous444610846102322427webdriver-profile/extensions/fxdriver@googlecode.com/components/httpd.js:2261:15)
	at &lt;anonymous class&gt;.Connection.prototype.process(file:///C:/Users/Madis/AppData/Local/Temp/anonymous444610846102322427webdriver-profile/extensions/fxdriver@googlecode.com/components/httpd.js:1168:5)
	at &lt;anonymous class&gt;.RequestReader.prototype._handleResponse(file:///C:/Users/Madis/AppData/Local/Temp/anonymous444610846102322427webdriver-profile/extensions/fxdriver@googlecode.com/components/httpd.js:1616:5)
	at &lt;anonymous class&gt;.RequestReader.prototype._processBody(file:///C:/Users/Madis/AppData/Local/Temp/anonymous444610846102322427webdriver-profile/extensions/fxdriver@googlecode.com/components/httpd.js:1464:9)
	at &lt;anonymous class&gt;.RequestReader.prototype.onInputStreamReady(file:///C:/Users/Madis/AppData/Local/Temp/anonymous444610846102322427webdriver-profile/extensions/fxdriver@googlecode.com/components/httpd.js:1333:9)
... Removed 20 stack frames</pre></div><a href='#' onClick='toggleBox("stack-trace2053589435", this, "Click to show all stack frames", "Click to hide stack frames")'>Click to show all stack frames</a>
<div class='stack-trace' id='stack-trace2053589435'><pre>org.openqa.selenium.NoSuchWindowException: Window not found. The browser window may have been closed.
Command duration or timeout: 16 milliseconds
Build info: version: &apos;2.43.1&apos;, revision: &apos;5163bce&apos;, time: &apos;2014-09-10 16:27:33&apos;
System info: host: &apos;Madis-PC&apos;, ip: &apos;192.168.0.109&apos;, os.name: &apos;Windows 7&apos;, os.arch: &apos;amd64&apos;, os.version: &apos;6.1&apos;, java.version: &apos;1.8.0_20&apos;
Driver info: org.openqa.selenium.firefox.FirefoxDriver
Capabilities [{applicationCacheEnabled=true, rotatable=false, handlesAlerts=true, databaseEnabled=true, version=33.0.2, platform=WINDOWS, nativeEvents=false, acceptSslCerts=true, webStorageEnabled=true, locationContextEnabled=true, browserName=firefox, takesScreenshot=true, javascriptEnabled=true, cssSelectorsEnabled=true}]
Session ID: 20290a8b-a82b-489e-bd00-abb8d5588c2a
	at sun.reflect.NativeConstructorAccessorImpl.newInstance0(Native Method)
	at sun.reflect.NativeConstructorAccessorImpl.newInstance(Unknown Source)
	at sun.reflect.DelegatingConstructorAccessorImpl.newInstance(Unknown Source)
	at java.lang.reflect.Constructor.newInstance(Unknown Source)
	at org.openqa.selenium.remote.ErrorHandler.createThrowable(ErrorHandler.java:204)
	at org.openqa.selenium.remote.ErrorHandler.throwIfResponseFailed(ErrorHandler.java:156)
	at org.openqa.selenium.remote.RemoteWebDriver.execute(RemoteWebDriver.java:599)
	at org.openqa.selenium.remote.RemoteWebDriver.findElement(RemoteWebDriver.java:352)
	at org.openqa.selenium.remote.RemoteWebDriver.findElementByCssSelector(RemoteWebDriver.java:441)
	at org.openqa.selenium.By$ByCssSelector.findElement(By.java:426)
	at org.openqa.selenium.remote.RemoteWebDriver.findElement(RemoteWebDriver.java:344)
	at PageObjects.LoggedIn.KysitlusHalda(LoggedIn.java:192)
	at Survey.SurveyWithValidData.TestSurveywithvalidData(SurveyWithValidData.java:47)
	at sun.reflect.NativeMethodAccessorImpl.invoke0(Native Method)
	at sun.reflect.NativeMethodAccessorImpl.invoke(Unknown Source)
	at sun.reflect.DelegatingMethodAccessorImpl.invoke(Unknown Source)
	at java.lang.reflect.Method.invoke(Unknown Source)
	at org.testng.internal.MethodInvocationHelper.invokeMethod(MethodInvocationHelper.java:84)
	at org.testng.internal.Invoker.invokeMethod(Invoker.java:714)
	at org.testng.internal.Invoker.invokeTestMethod(Invoker.java:901)
	at org.testng.internal.Invoker.invokeTestMethods(Invoker.java:1231)
	at org.testng.internal.TestMethodWorker.invokeTestMethods(TestMethodWorker.java:127)
	at org.testng.internal.TestMethodWorker.run(TestMethodWorker.java:111)
	at org.testng.TestRunner.privateRun(TestRunner.java:767)
	at org.testng.TestRunner.run(TestRunner.java:617)
	at org.testng.SuiteRunner.runTest(SuiteRunner.java:334)
	at org.testng.SuiteRunner.access$000(SuiteRunner.java:37)
	at org.testng.SuiteRunner$SuiteWorker.run(SuiteRunner.java:368)
	at org.testng.internal.thread.ThreadUtil$2.call(ThreadUtil.java:64)
	at java.util.concurrent.FutureTask.run(Unknown Source)
	at java.util.concurrent.ThreadPoolExecutor.runWorker(Unknown Source)
	at java.util.concurrent.ThreadPoolExecutor$Worker.run(Unknown Source)
	at java.lang.Thread.run(Unknown Source)
Caused by: org.openqa.selenium.NoSuchWindowException: Window not found. The browser window may have been closed.
Build info: version: &apos;2.43.1&apos;, revision: &apos;5163bce&apos;, time: &apos;2014-09-10 16:27:33&apos;
System info: host: &apos;Madis-PC&apos;, ip: &apos;192.168.0.109&apos;, os.name: &apos;Windows 7&apos;, os.arch: &apos;amd64&apos;, os.version: &apos;6.1&apos;, java.version: &apos;1.8.0_20&apos;
Driver info: driver.version: unknown
	at &lt;anonymous class&gt;.nsCommandProcessor.prototype.execute(file:///C:/Users/Madis/AppData/Local/Temp/anonymous444610846102322427webdriver-profile/extensions/fxdriver@googlecode.com/components/command-processor.js:11683:23)
	at &lt;anonymous class&gt;.Dispatcher.executeAs/&lt;(file:///C:/Users/Madis/AppData/Local/Temp/anonymous444610846102322427webdriver-profile/extensions/fxdriver@googlecode.com/components/driver-component.js:8430:5)
	at &lt;anonymous class&gt;.Resource.prototype.handle(file:///C:/Users/Madis/AppData/Local/Temp/anonymous444610846102322427webdriver-profile/extensions/fxdriver@googlecode.com/components/driver-component.js:8577:219)
	at &lt;anonymous class&gt;.Dispatcher.prototype.dispatch(file:///C:/Users/Madis/AppData/Local/Temp/anonymous444610846102322427webdriver-profile/extensions/fxdriver@googlecode.com/components/driver-component.js:8524:36)
	at &lt;anonymous class&gt;.WebDriverServer/&lt;.handle(file:///C:/Users/Madis/AppData/Local/Temp/anonymous444610846102322427webdriver-profile/extensions/fxdriver@googlecode.com/components/driver-component.js:11466:5)
	at &lt;anonymous class&gt;.createHandlerFunc/&lt;(file:///C:/Users/Madis/AppData/Local/Temp/anonymous444610846102322427webdriver-profile/extensions/fxdriver@googlecode.com/components/httpd.js:1935:41)
	at &lt;anonymous class&gt;.ServerHandler.prototype.handleResponse(file:///C:/Users/Madis/AppData/Local/Temp/anonymous444610846102322427webdriver-profile/extensions/fxdriver@googlecode.com/components/httpd.js:2261:15)
	at &lt;anonymous class&gt;.Connection.prototype.process(file:///C:/Users/Madis/AppData/Local/Temp/anonymous444610846102322427webdriver-profile/extensions/fxdriver@googlecode.com/components/httpd.js:1168:5)
	at &lt;anonymous class&gt;.RequestReader.prototype._handleResponse(file:///C:/Users/Madis/AppData/Local/Temp/anonymous444610846102322427webdriver-profile/extensions/fxdriver@googlecode.com/components/httpd.js:1616:5)
	at &lt;anonymous class&gt;.RequestReader.prototype._processBody(file:///C:/Users/Madis/AppData/Local/Temp/anonymous444610846102322427webdriver-profile/extensions/fxdriver@googlecode.com/components/httpd.js:1464:9)
	at &lt;anonymous class&gt;.RequestReader.prototype.onInputStreamReady(file:///C:/Users/Madis/AppData/Local/Temp/anonymous444610846102322427webdriver-profile/extensions/fxdriver@googlecode.com/components/httpd.js:1333:9)
</pre></div></td>
<td>5</td>
<td>Survey.SurveyWithValidData@6833ce2c</td></tr>
<tr>
<td title='Survey.SurveyWithValidData.TestSurveywithvalidData()'><b>TestSurveywithvalidData</b><br>Test class: Survey.SurveyWithValidData<br>Parameters: filmweird, testime11, Filmid, Kas liiga palju järge on halb?, Kahjuks küll, kuid raha toovad nad sisse, Minu lemmikfilmi zanr, Comedy, Action, Draama, Minu lemmik filmid, Chinese Odyssey, Clerks, Tulnukas</td>
<td><div><pre>org.openqa.selenium.remote.UnreachableBrowserException: Error communicating with the remote browser. It may have died.
Build info: version: &apos;2.43.1&apos;, revision: &apos;5163bce&apos;, time: &apos;2014-09-10 16:27:33&apos;
System info: host: &apos;Madis-PC&apos;, ip: &apos;192.168.0.109&apos;, os.name: &apos;Windows 7&apos;, os.arch: &apos;amd64&apos;, os.version: &apos;6.1&apos;, java.version: &apos;1.8.0_20&apos;
Driver info: driver.version: RemoteWebDriver
	at org.openqa.selenium.remote.RemoteWebDriver.execute(RemoteWebDriver.java:593)
	at org.openqa.selenium.remote.RemoteWebDriver.get(RemoteWebDriver.java:304)
	at Survey.SurveyWithValidData.TestSurveywithvalidData(SurveyWithValidData.java:41)
	at java.util.concurrent.FutureTask.run(Unknown Source)
	at java.util.concurrent.ThreadPoolExecutor.runWorker(Unknown Source)
	at java.util.concurrent.ThreadPoolExecutor$Worker.run(Unknown Source)
	at java.lang.Thread.run(Unknown Source)
Caused by: org.apache.http.conn.HttpHostConnectException: Connect to 127.0.0.1:7055 [/127.0.0.1] failed: Connection refused: connect
	at org.apache.http.impl.conn.HttpClientConnectionOperator.connect(HttpClientConnectionOperator.java:140)
	at org.apache.http.impl.conn.PoolingHttpClientConnectionManager.connect(PoolingHttpClientConnectionManager.java:318)
	at org.apache.http.impl.execchain.MainClientExec.establishRoute(MainClientExec.java:363)
	at org.apache.http.impl.execchain.MainClientExec.execute(MainClientExec.java:219)
	at org.apache.http.impl.execchain.ProtocolExec.execute(ProtocolExec.java:195)
	at org.apache.http.impl.execchain.RetryExec.execute(RetryExec.java:86)
	at org.apache.http.impl.execchain.RedirectExec.execute(RedirectExec.java:108)
	at org.apache.http.impl.client.InternalHttpClient.doExecute(InternalHttpClient.java:184)
	at org.apache.http.impl.client.CloseableHttpClient.execute(CloseableHttpClient.java:72)
	at org.apache.http.impl.client.CloseableHttpClient.execute(CloseableHttpClient.java:57)
	at org.openqa.selenium.remote.HttpCommandExecutor.fallBackExecute(HttpCommandExecutor.java:233)
	at org.openqa.selenium.remote.HttpCommandExecutor.execute(HttpCommandExecutor.java:184)
	at org.openqa.selenium.firefox.internal.NewProfileExtensionConnection.execute(NewProfileExtensionConnection.java:165)
	at org.openqa.selenium.firefox.FirefoxDriver$LazyCommandExecutor.execute(FirefoxDriver.java:362)
	at org.openqa.selenium.remote.RemoteWebDriver.execute(RemoteWebDriver.java:572)
	... 22 more
Caused by: java.net.ConnectException: Connection refused: connect
	at java.net.DualStackPlainSocketImpl.waitForConnect(Native Method)
	at java.net.DualStackPlainSocketImpl.socketConnect(Unknown Source)
	at java.net.AbstractPlainSocketImpl.doConnect(Unknown Source)
	at java.net.AbstractPlainSocketImpl.connectToAddress(Unknown Source)
	at java.net.AbstractPlainSocketImpl.connect(Unknown Source)
	at java.net.PlainSocketImpl.connect(Unknown Source)
	at java.net.SocksSocketImpl.connect(Unknown Source)
	at java.net.Socket.connect(Unknown Source)
	at org.apache.http.conn.socket.PlainConnectionSocketFactory.connectSocket(PlainConnectionSocketFactory.java:72)
	at org.apache.http.impl.conn.HttpClientConnectionOperator.connect(HttpClientConnectionOperator.java:123)
	... 36 more
... Removed 16 stack frames</pre></div><a href='#' onClick='toggleBox("stack-trace1245196201", this, "Click to show all stack frames", "Click to hide stack frames")'>Click to show all stack frames</a>
<div class='stack-trace' id='stack-trace1245196201'><pre>org.openqa.selenium.remote.UnreachableBrowserException: Error communicating with the remote browser. It may have died.
Build info: version: &apos;2.43.1&apos;, revision: &apos;5163bce&apos;, time: &apos;2014-09-10 16:27:33&apos;
System info: host: &apos;Madis-PC&apos;, ip: &apos;192.168.0.109&apos;, os.name: &apos;Windows 7&apos;, os.arch: &apos;amd64&apos;, os.version: &apos;6.1&apos;, java.version: &apos;1.8.0_20&apos;
Driver info: driver.version: RemoteWebDriver
	at org.openqa.selenium.remote.RemoteWebDriver.execute(RemoteWebDriver.java:593)
	at org.openqa.selenium.remote.RemoteWebDriver.get(RemoteWebDriver.java:304)
	at Survey.SurveyWithValidData.TestSurveywithvalidData(SurveyWithValidData.java:41)
	at sun.reflect.NativeMethodAccessorImpl.invoke0(Native Method)
	at sun.reflect.NativeMethodAccessorImpl.invoke(Unknown Source)
	at sun.reflect.DelegatingMethodAccessorImpl.invoke(Unknown Source)
	at java.lang.reflect.Method.invoke(Unknown Source)
	at org.testng.internal.MethodInvocationHelper.invokeMethod(MethodInvocationHelper.java:84)
	at org.testng.internal.Invoker.invokeMethod(Invoker.java:714)
	at org.testng.internal.Invoker.invokeTestMethod(Invoker.java:901)
	at org.testng.internal.Invoker.invokeTestMethods(Invoker.java:1231)
	at org.testng.internal.TestMethodWorker.invokeTestMethods(TestMethodWorker.java:127)
	at org.testng.internal.TestMethodWorker.run(TestMethodWorker.java:111)
	at org.testng.TestRunner.privateRun(TestRunner.java:767)
	at org.testng.TestRunner.run(TestRunner.java:617)
	at org.testng.SuiteRunner.runTest(SuiteRunner.java:334)
	at org.testng.SuiteRunner.access$000(SuiteRunner.java:37)
	at org.testng.SuiteRunner$SuiteWorker.run(SuiteRunner.java:368)
	at org.testng.internal.thread.ThreadUtil$2.call(ThreadUtil.java:64)
	at java.util.concurrent.FutureTask.run(Unknown Source)
	at java.util.concurrent.ThreadPoolExecutor.runWorker(Unknown Source)
	at java.util.concurrent.ThreadPoolExecutor$Worker.run(Unknown Source)
	at java.lang.Thread.run(Unknown Source)
Caused by: org.apache.http.conn.HttpHostConnectException: Connect to 127.0.0.1:7055 [/127.0.0.1] failed: Connection refused: connect
	at org.apache.http.impl.conn.HttpClientConnectionOperator.connect(HttpClientConnectionOperator.java:140)
	at org.apache.http.impl.conn.PoolingHttpClientConnectionManager.connect(PoolingHttpClientConnectionManager.java:318)
	at org.apache.http.impl.execchain.MainClientExec.establishRoute(MainClientExec.java:363)
	at org.apache.http.impl.execchain.MainClientExec.execute(MainClientExec.java:219)
	at org.apache.http.impl.execchain.ProtocolExec.execute(ProtocolExec.java:195)
	at org.apache.http.impl.execchain.RetryExec.execute(RetryExec.java:86)
	at org.apache.http.impl.execchain.RedirectExec.execute(RedirectExec.java:108)
	at org.apache.http.impl.client.InternalHttpClient.doExecute(InternalHttpClient.java:184)
	at org.apache.http.impl.client.CloseableHttpClient.execute(CloseableHttpClient.java:72)
	at org.apache.http.impl.client.CloseableHttpClient.execute(CloseableHttpClient.java:57)
	at org.openqa.selenium.remote.HttpCommandExecutor.fallBackExecute(HttpCommandExecutor.java:233)
	at org.openqa.selenium.remote.HttpCommandExecutor.execute(HttpCommandExecutor.java:184)
	at org.openqa.selenium.firefox.internal.NewProfileExtensionConnection.execute(NewProfileExtensionConnection.java:165)
	at org.openqa.selenium.firefox.FirefoxDriver$LazyCommandExecutor.execute(FirefoxDriver.java:362)
	at org.openqa.selenium.remote.RemoteWebDriver.execute(RemoteWebDriver.java:572)
	... 22 more
Caused by: java.net.ConnectException: Connection refused: connect
	at java.net.DualStackPlainSocketImpl.waitForConnect(Native Method)
	at java.net.DualStackPlainSocketImpl.socketConnect(Unknown Source)
	at java.net.AbstractPlainSocketImpl.doConnect(Unknown Source)
	at java.net.AbstractPlainSocketImpl.connectToAddress(Unknown Source)
	at java.net.AbstractPlainSocketImpl.connect(Unknown Source)
	at java.net.PlainSocketImpl.connect(Unknown Source)
	at java.net.SocksSocketImpl.connect(Unknown Source)
	at java.net.Socket.connect(Unknown Source)
	at org.apache.http.conn.socket.PlainConnectionSocketFactory.connectSocket(PlainConnectionSocketFactory.java:72)
	at org.apache.http.impl.conn.HttpClientConnectionOperator.connect(HttpClientConnectionOperator.java:123)
	... 36 more
</pre></div></td>
<td>3</td>
<td>Survey.SurveyWithValidData@6833ce2c</td></tr>
</table><p>
<table width='100%' border='1' class='invocation-passed'>
<tr><td colspan='4' align='center'><b>PASSED TESTS</b></td></tr>
<tr><td><b>Test method</b></td>
<td width="30%"><b>Exception</b></td>
<td width="10%"><b>Time (seconds)</b></td>
<td><b>Instance</b></td>
</tr>
<tr>
<td title='Survey.SurveyWithValidData.TestSurveywithvalidData()'><b>TestSurveywithvalidData</b><br>Test class: Survey.SurveyWithValidData<br>Parameters: tavalinetont, testime11, Tavaline, Kas see on tavaline küsitlius, Tundub täiesti tavaline, Mis meeldib mulle, Tavalised asjad, Action, Draama, Õnnenumbrid on mul, Kolmteist, Seitse, Üks</td>
<td></td>
<td>20</td>
<td>Survey.SurveyWithValidData@6833ce2c</td></tr>
</table><p>
<table width='100%' border='1' class='invocation-skipped'>
<tr><td colspan='4' align='center'><b>SKIPPED TESTS</b></td></tr>
<tr><td><b>Test method</b></td>
<td width="30%"><b>Exception</b></td>
<td width="10%"><b>Time (seconds)</b></td>
<td><b>Instance</b></td>
</tr>
<tr>
<td title='Friends.UnfollowFriends.StopFollowing()'><b>StopFollowing</b><br>Test class: Friends.UnfollowFriends<br>Parameters: tavalinetont, Toivo Tavaline, puhtaloom, Martin Loom, filmweird, Toomas Film, testime11, Registration was a success</td>
<td></td>
<td>0</td>
<td>Friends.UnfollowFriends@725bef66</td></tr>
<tr>
<td title='Friends.FollowFriends.SõpradeJälgimine()'><b>SõpradeJälgimine</b><br>Test class: Friends.FollowFriends<br>Parameters: tavalinetont, Toivo Tavaline, puhtaloom, Martin Loom, filmweird, Toomas Film, testime11, Registration was a success</td>
<td></td>
<td>0</td>
<td>Friends.FollowFriends@7bb11784</td></tr>
<tr>
<td title='Feedback.AnswerFeedback.TestAnswerFeedback()'><b>TestAnswerFeedback</b><br>Test class: Feedback.AnswerFeedback<br>Parameters: tavalinetont, puhtaloom, filmweird, testime11, Anon kiidab sind, Oma küla vana, Jalgpalliäss, Eks sa tea paremini, selentest1@mailinator.com, selentest@hotmail.com</td>
<td></td>
<td>0</td>
<td>Feedback.AnswerFeedback@6ea6d14e</td></tr>
<tr>
<td title='Feedback.AnswerFeedback.TestAnswerFeedback()'><b>TestAnswerFeedback</b><br>Test class: Feedback.AnswerFeedback<br>Parameters: puhtaloom, filmweird, tavalinetont, testime11, Veits imelik, Omamoodi, We meet again. Weirdo, Eks kaitsetöö ole kah tähtis, testimeauto@mailinator.com, selentest@hotmail.com</td>
<td></td>
<td>0</td>
<td>Feedback.AnswerFeedback@6ea6d14e</td></tr>
<tr>
<td title='Feedback.AnswerFeedback.TestAnswerFeedback()'><b>TestAnswerFeedback</b><br>Test class: Feedback.AnswerFeedback<br>Parameters: filmweird, tavalinetont, puhtaloom, testime11, Sa ei tea kes ma olen, Ma tunnen vist sind, Vaikne Vend, Indeed, vahekonto@mailinator.com, selentest@hotmail.com</td>
<td></td>
<td>0</td>
<td>Feedback.AnswerFeedback@6ea6d14e</td></tr>
<tr>
<td title='GeneralFunctions.ChangePw.TestChangePw()'><b>TestChangePw</b><br>Test class: GeneralFunctions.ChangePw<br>Parameters: tavalinetont, puhtaloom, filmweird, testime11, Anon kiidab sind, Oma küla vana, Jalgpalliäss, Eks sa tea paremini, selentest1@mailinator.com, selentest@hotmail.com</td>
<td></td>
<td>0</td>
<td>GeneralFunctions.ChangePw@2aaf7cc2</td></tr>
<tr>
<td title='GeneralFunctions.ChangePw.TestChangePw()'><b>TestChangePw</b><br>Test class: GeneralFunctions.ChangePw<br>Parameters: puhtaloom, filmweird, tavalinetont, testime11, Veits imelik, Omamoodi, We meet again. Weirdo, Eks kaitsetöö ole kah tähtis, testimeauto@mailinator.com, selentest@hotmail.com</td>
<td></td>
<td>0</td>
<td>GeneralFunctions.ChangePw@2aaf7cc2</td></tr>
<tr>
<td title='GeneralFunctions.ChangePw.TestChangePw()'><b>TestChangePw</b><br>Test class: GeneralFunctions.ChangePw<br>Parameters: filmweird, tavalinetont, puhtaloom, testime11, Sa ei tea kes ma olen, Ma tunnen vist sind, Vaikne Vend, Indeed, vahekonto@mailinator.com, selentest@hotmail.com</td>
<td></td>
<td>0</td>
<td>GeneralFunctions.ChangePw@2aaf7cc2</td></tr>
<tr>
<td title='Friends.FriendsFeedback.TestFriendsFeedback()'><b>TestFriendsFeedback</b><br>Test class: Friends.FriendsFeedback<br>Parameters: tavalinetont, puhtaloom, filmweird, testime11, Anon kiidab sind, Oma küla vana, Jalgpalliäss, Eks sa tea paremini, selentest1@mailinator.com, selentest@hotmail.com</td>
<td></td>
<td>0</td>
<td>Friends.FriendsFeedback@28864e92</td></tr>
<tr>
<td title='Friends.FriendsFeedback.TestFriendsFeedback()'><b>TestFriendsFeedback</b><br>Test class: Friends.FriendsFeedback<br>Parameters: puhtaloom, filmweird, tavalinetont, testime11, Veits imelik, Omamoodi, We meet again. Weirdo, Eks kaitsetöö ole kah tähtis, testimeauto@mailinator.com, selentest@hotmail.com</td>
<td></td>
<td>0</td>
<td>Friends.FriendsFeedback@28864e92</td></tr>
<tr>
<td title='Friends.FriendsFeedback.TestFriendsFeedback()'><b>TestFriendsFeedback</b><br>Test class: Friends.FriendsFeedback<br>Parameters: filmweird, tavalinetont, puhtaloom, testime11, Sa ei tea kes ma olen, Ma tunnen vist sind, Vaikne Vend, Indeed, vahekonto@mailinator.com, selentest@hotmail.com</td>
<td></td>
<td>0</td>
<td>Friends.FriendsFeedback@28864e92</td></tr>
<tr>
<td title='Survey.SurveyDownload.TestSurveyDownload()'><b>TestSurveyDownload</b><br>Test class: Survey.SurveyDownload<br>Parameters: puhtaloom, testime11, Loomaed, Kas Loomaias on loomi? Põhjenda?, Jah. Sest seda kutsutakse aiaks kus elavad loomad, Keda leidub loomaaias, gorilla, mammut, yeti, Mis loomad on mul kodus elanud, kassid, tsintsilja, tiiger</td>
<td></td>
<td>0</td>
<td>Survey.SurveyDownload@649d209a</td></tr>
<tr>
<td title='Survey.SurveyDownload.TestSurveyDownload()'><b>TestSurveyDownload</b><br>Test class: Survey.SurveyDownload<br>Parameters: filmweird, testime11, Filmid, Kas liiga palju järge on halb?, Kahjuks küll, kuid raha toovad nad sisse, Minu lemmikfilmi zanr, Comedy, Action, Draama, Minu lemmik filmid, Chinese Odyssey, Clerks, Tulnukas</td>
<td></td>
<td>0</td>
<td>Survey.SurveyDownload@649d209a</td></tr>
<tr>
<td title='Survey.SurveywithInvalidData.TestSurveywithInvalid()'><b>TestSurveywithInvalid</b><br>Test class: Survey.SurveywithInvalidData<br>Parameters: tavalinetont, puhtaloom, filmweird, testime11, Anon kiidab sind, Oma küla vana, Jalgpalliäss, Eks sa tea paremini, selentest1@mailinator.com, selentest@hotmail.com</td>
<td></td>
<td>0</td>
<td>Survey.SurveywithInvalidData@6ad5c04e</td></tr>
<tr>
<td title='Survey.SurveywithInvalidData.TestSurveywithInvalid()'><b>TestSurveywithInvalid</b><br>Test class: Survey.SurveywithInvalidData<br>Parameters: puhtaloom, filmweird, tavalinetont, testime11, Veits imelik, Omamoodi, We meet again. Weirdo, Eks kaitsetöö ole kah tähtis, testimeauto@mailinator.com, selentest@hotmail.com</td>
<td></td>
<td>0</td>
<td>Survey.SurveywithInvalidData@6ad5c04e</td></tr>
<tr>
<td title='Survey.SurveywithInvalidData.TestSurveywithInvalid()'><b>TestSurveywithInvalid</b><br>Test class: Survey.SurveywithInvalidData<br>Parameters: filmweird, tavalinetont, puhtaloom, testime11, Sa ei tea kes ma olen, Ma tunnen vist sind, Vaikne Vend, Indeed, vahekonto@mailinator.com, selentest@hotmail.com</td>
<td></td>
<td>0</td>
<td>Survey.SurveywithInvalidData@6ad5c04e</td></tr>
<tr>
<td title='sayatme.Registration.FeedbackRegInval.testFeedbackRegInval()'><b>testFeedbackRegInval</b><br>Test class: sayatme.Registration.FeedbackRegInval<br>Parameters: Manualtest, selentest2, korralik1, korralik2, eiso, manualtest, selentest@, See on testi konto jah?, Ei tohi leida midagi</td>
<td></td>
<td>0</td>
<td>sayatme.Registration.FeedbackRegInval@35851384</td></tr>
<tr>
<td title='sayatme.Registration.FeedbackRegInval.testFeedbackRegInval()'><b>testFeedbackRegInval</b><br>Test class: sayatme.Registration.FeedbackRegInval<br>Parameters: Automaaaat, madiskangro1, korralik2, korralik3, vaike, Automaaaat, madiskangro$, See sul teine konto, Ei tohi yldse leida</td>
<td></td>
<td>0</td>
<td>sayatme.Registration.FeedbackRegInval@35851384</td></tr>
<tr>
<td title='sayatme.Registration.FeedbackRegInval.testFeedbackRegInval()'><b>testFeedbackRegInval</b><br>Test class: sayatme.Registration.FeedbackRegInval<br>Parameters: Peerfoooooo, MKtest, korralik3, korralik4, liiga, Peerfoooooo, Mktest!, See sul kolmas test, No ei leia midagi</td>
<td></td>
<td>0</td>
<td>sayatme.Registration.FeedbackRegInval@35851384</td></tr>
<tr>
<td title='Feedback.FeedbackVal.testFeedbackVal()'><b>testFeedbackVal</b><br>Test class: Feedback.FeedbackVal<br>Parameters: tavalinetont, puhtaloom, filmweird, testime11, Anon kiidab sind, Oma küla vana, Jalgpalliäss, Eks sa tea paremini, selentest1@mailinator.com, selentest@hotmail.com</td>
<td></td>
<td>0</td>
<td>Feedback.FeedbackVal@546a03af</td></tr>
<tr>
<td title='Feedback.FeedbackVal.testFeedbackVal()'><b>testFeedbackVal</b><br>Test class: Feedback.FeedbackVal<br>Parameters: puhtaloom, filmweird, tavalinetont, testime11, Veits imelik, Omamoodi, We meet again. Weirdo, Eks kaitsetöö ole kah tähtis, testimeauto@mailinator.com, selentest@hotmail.com</td>
<td></td>
<td>0</td>
<td>Feedback.FeedbackVal@546a03af</td></tr>
<tr>
<td title='Feedback.FeedbackVal.testFeedbackVal()'><b>testFeedbackVal</b><br>Test class: Feedback.FeedbackVal<br>Parameters: filmweird, tavalinetont, puhtaloom, testime11, Sa ei tea kes ma olen, Ma tunnen vist sind, Vaikne Vend, Indeed, vahekonto@mailinator.com, selentest@hotmail.com</td>
<td></td>
<td>0</td>
<td>Feedback.FeedbackVal@546a03af</td></tr>
<tr>
<td title='sayatme.Registration.Frontpagereg.testFrontpagereg()'><b>testFrontpagereg</b><br>Test class: sayatme.Registration.Frontpagereg<br>Parameters: Manualtest, selentest2, korralik1, korralik2, eiso, manualtest, selentest@, See on testi konto jah?, Ei tohi leida midagi</td>
<td></td>
<td>0</td>
<td>sayatme.Registration.Frontpagereg@6e3c1e69</td></tr>
<tr>
<td title='sayatme.Registration.Frontpagereg.testFrontpagereg()'><b>testFrontpagereg</b><br>Test class: sayatme.Registration.Frontpagereg<br>Parameters: Automaaaat, madiskangro1, korralik2, korralik3, vaike, Automaaaat, madiskangro$, See sul teine konto, Ei tohi yldse leida</td>
<td></td>
<td>0</td>
<td>sayatme.Registration.Frontpagereg@6e3c1e69</td></tr>
<tr>
<td title='sayatme.Registration.Frontpagereg.testFrontpagereg()'><b>testFrontpagereg</b><br>Test class: sayatme.Registration.Frontpagereg<br>Parameters: Peerfoooooo, MKtest, korralik3, korralik4, liiga, Peerfoooooo, Mktest!, See sul kolmas test, No ei leia midagi</td>
<td></td>
<td>0</td>
<td>sayatme.Registration.Frontpagereg@6e3c1e69</td></tr>
<tr>
<td title='Login.LoginInval.testLoginInval()'><b>testLoginInval</b><br>Test class: Login.LoginInval<br>Parameters: testavaleht, parool, Toivo Test, valepass</td>
<td></td>
<td>0</td>
<td>Login.LoginInval@721e0f4f</td></tr>
<tr>
<td title='Login.LoginInval.testLoginInval()'><b>testLoginInval</b><br>Test class: Login.LoginInval<br>Parameters: testtagasiside, parool, Tagasi Test, valepass</td>
<td></td>
<td>0</td>
<td>Login.LoginInval@721e0f4f</td></tr>
<tr>
<td title='Login.LoginInval.testLoginInval()'><b>testLoginInval</b><br>Test class: Login.LoginInval<br>Parameters: profiil, parool, Kysitlus test, valepass</td>
<td></td>
<td>0</td>
<td>Login.LoginInval@721e0f4f</td></tr>
<tr>
<td title='Login.LoginVal.testLoginVal()'><b>testLoginVal</b><br>Test class: Login.LoginVal<br>Parameters: testavaleht, parool, Toivo Test, valepass</td>
<td></td>
<td>0</td>
<td>Login.LoginVal@1888ff2c</td></tr>
<tr>
<td title='Login.LoginVal.testLoginVal()'><b>testLoginVal</b><br>Test class: Login.LoginVal<br>Parameters: testtagasiside, parool, Tagasi Test, valepass</td>
<td></td>
<td>0</td>
<td>Login.LoginVal@1888ff2c</td></tr>
<tr>
<td title='Login.LoginVal.testLoginVal()'><b>testLoginVal</b><br>Test class: Login.LoginVal<br>Parameters: profiil, parool, Kysitlus test, valepass</td>
<td></td>
<td>0</td>
<td>Login.LoginVal@1888ff2c</td></tr>
<tr>
<td title='sayatme.Registration.ProfileRegInv.testProfileRegInv()'><b>testProfileRegInv</b><br>Test class: sayatme.Registration.ProfileRegInv<br>Parameters: Manualtest, selentest2, korralik1, korralik2, eiso, manualtest, selentest@, See on testi konto jah?, Ei tohi leida midagi</td>
<td></td>
<td>0</td>
<td>sayatme.Registration.ProfileRegInv@7907ec20</td></tr>
<tr>
<td title='sayatme.Registration.ProfileRegInv.testProfileRegInv()'><b>testProfileRegInv</b><br>Test class: sayatme.Registration.ProfileRegInv<br>Parameters: Automaaaat, madiskangro1, korralik2, korralik3, vaike, Automaaaat, madiskangro$, See sul teine konto, Ei tohi yldse leida</td>
<td></td>
<td>0</td>
<td>sayatme.Registration.ProfileRegInv@7907ec20</td></tr>
<tr>
<td title='sayatme.Registration.ProfileRegInv.testProfileRegInv()'><b>testProfileRegInv</b><br>Test class: sayatme.Registration.ProfileRegInv<br>Parameters: Peerfoooooo, MKtest, korralik3, korralik4, liiga, Peerfoooooo, Mktest!, See sul kolmas test, No ei leia midagi</td>
<td></td>
<td>0</td>
<td>sayatme.Registration.ProfileRegInv@7907ec20</td></tr>
<tr>
<td title='Feedback.feedbackinv.testfeedbackinv()'><b>testfeedbackinv</b><br>Test class: Feedback.feedbackinv<br>Parameters: testavaleht, parool, See on testi konto jah?</td>
<td></td>
<td>0</td>
<td>Feedback.feedbackinv@2eee9593</td></tr>
<tr>
<td title='Feedback.feedbackinv.testfeedbackinv()'><b>testfeedbackinv</b><br>Test class: Feedback.feedbackinv<br>Parameters: testtagasiside, parool, See sul teine konto</td>
<td></td>
<td>0</td>
<td>Feedback.feedbackinv@2eee9593</td></tr>
<tr>
<td title='Feedback.feedbackinv.testfeedbackinv()'><b>testfeedbackinv</b><br>Test class: Feedback.feedbackinv<br>Parameters: profiil, parool, See sul kolmas test</td>
<td></td>
<td>0</td>
<td>Feedback.feedbackinv@2eee9593</td></tr>
</table><p>
</body>
</html>