<?xml version="1.0" encoding="UTF-8"?>
<!-- Generated by org.testng.reporters.JUnitXMLReporter -->
<testsuite hostname="Madis-PC" name="FirefoxTest" tests="41" failures="3" timestamp="3 Nov 2014 14:23:13 GMT" time="71.972" errors="0">
  <testcase name="@AfterMethod closeBrowser" time="0.0" classname="Survey.SurveyDownload">
    <failure type="org.openqa.selenium.remote.UnreachableBrowserException" message="Error communicating with the remote browser. It may have died.
Build info: version: &amp;apos;2.43.1&amp;apos;, revision: &amp;apos;5163bce&amp;apos;, time: &amp;apos;2014-09-10 16:27:33&amp;apos;
System info: host: &amp;apos;Madis-PC&amp;apos;, ip: &amp;apos;192.168.0.109&amp;apos;, os.name: &amp;apos;Windows 7&amp;apos;, os.arch: &amp;apos;amd64&amp;apos;, os.version: &amp;apos;6.1&amp;apos;, java.version: &amp;apos;1.8.0_20&amp;apos;
Driver info: driver.version: RemoteWebDriver">
      <![CDATA[org.openqa.selenium.remote.UnreachableBrowserException: Error communicating with the remote browser. It may have died.
Build info: version: '2.43.1', revision: '5163bce', time: '2014-09-10 16:27:33'
System info: host: 'Madis-PC', ip: '192.168.0.109', os.name: 'Windows 7', os.arch: 'amd64', os.version: '6.1', java.version: '1.8.0_20'
Driver info: driver.version: RemoteWebDriver
	at org.openqa.selenium.remote.RemoteWebDriver.execute(RemoteWebDriver.java:593)
	at org.openqa.selenium.remote.RemoteWebDriver.execute(RemoteWebDriver.java:614)
	at org.openqa.selenium.remote.RemoteWebDriver.close(RemoteWebDriver.java:463)
	at Utils.Browser.closeBrowser(Browser.java:57)
	at java.util.concurrent.FutureTask.run(Unknown Source)
	at java.util.concurrent.ThreadPoolExecutor.runWorker(Unknown Source)
	at java.util.concurrent.ThreadPoolExecutor$Worker.run(Unknown Source)
	at java.lang.Thread.run(Unknown Source)
Caused by: org.apache.http.conn.HttpHostConnectException: Connect to 127.0.0.1:7055 [/127.0.0.1] failed: Connection refused: connect
	at org.apache.http.impl.conn.HttpClientConnectionOperator.connect(HttpClientConnectionOperator.java:140)
	at org.apache.http.impl.conn.PoolingHttpClientConnectionManager.connect(PoolingHttpClientConnectionManager.java:318)
	at org.apache.http.impl.execchain.MainClientExec.establishRoute(MainClientExec.java:363)
	at org.apache.http.impl.execchain.MainClientExec.execute(MainClientExec.java:219)
	at org.apache.http.impl.execchain.ProtocolExec.execute(ProtocolExec.java:195)
	at org.apache.http.impl.execchain.RetryExec.execute(RetryExec.java:86)
	at org.apache.http.impl.execchain.RedirectExec.execute(RedirectExec.java:108)
	at org.apache.http.impl.client.InternalHttpClient.doExecute(InternalHttpClient.java:184)
	at org.apache.http.impl.client.CloseableHttpClient.execute(CloseableHttpClient.java:72)
	at org.apache.http.impl.client.CloseableHttpClient.execute(CloseableHttpClient.java:57)
	at org.openqa.selenium.remote.HttpCommandExecutor.fallBackExecute(HttpCommandExecutor.java:215)
	at org.openqa.selenium.remote.HttpCommandExecutor.execute(HttpCommandExecutor.java:184)
	at org.openqa.selenium.firefox.internal.NewProfileExtensionConnection.execute(NewProfileExtensionConnection.java:165)
	at org.openqa.selenium.firefox.FirefoxDriver$LazyCommandExecutor.execute(FirefoxDriver.java:362)
	at org.openqa.selenium.remote.RemoteWebDriver.execute(RemoteWebDriver.java:572)
	... 25 more
Caused by: java.net.ConnectException: Connection refused: connect
	at java.net.DualStackPlainSocketImpl.waitForConnect(Native Method)
	at java.net.DualStackPlainSocketImpl.socketConnect(Unknown Source)
	at java.net.AbstractPlainSocketImpl.doConnect(Unknown Source)
	at java.net.AbstractPlainSocketImpl.connectToAddress(Unknown Source)
	at java.net.AbstractPlainSocketImpl.connect(Unknown Source)
	at java.net.PlainSocketImpl.connect(Unknown Source)
	at java.net.SocksSocketImpl.connect(Unknown Source)
	at java.net.Socket.connect(Unknown Source)
	at org.apache.http.conn.socket.PlainConnectionSocketFactory.connectSocket(PlainConnectionSocketFactory.java:72)
	at org.apache.http.impl.conn.HttpClientConnectionOperator.connect(HttpClientConnectionOperator.java:123)
	... 39 more
... Removed 18 stack frames]]>
    </failure>
  </testcase> <!-- @AfterMethod closeBrowser -->
  <testcase name="@BeforeMethod beforeTest" time="0.0" classname="Survey.SurveyDownload">
    <skipped/>
  </testcase> <!-- @BeforeMethod beforeTest -->
  <testcase name="@AfterMethod closeBrowser" time="0.0" classname="Survey.SurveyDownload">
    <skipped/>
  </testcase> <!-- @AfterMethod closeBrowser -->
  <testcase name="@BeforeMethod beforeTest" time="0.0" classname="Survey.SurveyDownload">
    <skipped/>
  </testcase> <!-- @BeforeMethod beforeTest -->
  <testcase name="@AfterMethod closeBrowser" time="0.0" classname="Survey.SurveyDownload">
    <skipped/>
  </testcase> <!-- @AfterMethod closeBrowser -->
  <testcase name="@BeforeMethod beforeTest" time="0.0" classname="sayatme.Registration.Frontpagereg">
    <skipped/>
  </testcase> <!-- @BeforeMethod beforeTest -->
  <testcase name="@AfterMethod closeBrowser" time="0.0" classname="sayatme.Registration.Frontpagereg">
    <skipped/>
  </testcase> <!-- @AfterMethod closeBrowser -->
  <testcase name="@BeforeMethod beforeTest" time="0.0" classname="sayatme.Registration.Frontpagereg">
    <skipped/>
  </testcase> <!-- @BeforeMethod beforeTest -->
  <testcase name="@AfterMethod closeBrowser" time="0.0" classname="sayatme.Registration.Frontpagereg">
    <skipped/>
  </testcase> <!-- @AfterMethod closeBrowser -->
  <testcase name="@BeforeMethod beforeTest" time="0.0" classname="sayatme.Registration.Frontpagereg">
    <skipped/>
  </testcase> <!-- @BeforeMethod beforeTest -->
  <testcase name="@AfterMethod closeBrowser" time="0.0" classname="sayatme.Registration.Frontpagereg">
    <skipped/>
  </testcase> <!-- @AfterMethod closeBrowser -->
  <testcase name="@BeforeMethod beforeTest" time="0.0" classname="sayatme.Registration.ProfileRegInv">
    <skipped/>
  </testcase> <!-- @BeforeMethod beforeTest -->
  <testcase name="@AfterMethod closeBrowser" time="0.0" classname="sayatme.Registration.ProfileRegInv">
    <skipped/>
  </testcase> <!-- @AfterMethod closeBrowser -->
  <testcase name="@BeforeMethod beforeTest" time="0.0" classname="sayatme.Registration.ProfileRegInv">
    <skipped/>
  </testcase> <!-- @BeforeMethod beforeTest -->
  <testcase name="@AfterMethod closeBrowser" time="0.0" classname="sayatme.Registration.ProfileRegInv">
    <skipped/>
  </testcase> <!-- @AfterMethod closeBrowser -->
  <testcase name="@BeforeMethod beforeTest" time="0.0" classname="sayatme.Registration.ProfileRegInv">
    <skipped/>
  </testcase> <!-- @BeforeMethod beforeTest -->
  <testcase name="@AfterMethod closeBrowser" time="0.0" classname="sayatme.Registration.ProfileRegInv">
    <skipped/>
  </testcase> <!-- @AfterMethod closeBrowser -->
  <testcase name="@BeforeMethod beforeTest" time="0.0" classname="sayatme.Registration.FeedbackRegInval">
    <skipped/>
  </testcase> <!-- @BeforeMethod beforeTest -->
  <testcase name="@AfterMethod closeBrowser" time="0.0" classname="sayatme.Registration.FeedbackRegInval">
    <skipped/>
  </testcase> <!-- @AfterMethod closeBrowser -->
  <testcase name="@BeforeMethod beforeTest" time="0.0" classname="sayatme.Registration.FeedbackRegInval">
    <skipped/>
  </testcase> <!-- @BeforeMethod beforeTest -->
  <testcase name="@AfterMethod closeBrowser" time="0.0" classname="sayatme.Registration.FeedbackRegInval">
    <skipped/>
  </testcase> <!-- @AfterMethod closeBrowser -->
  <testcase name="@BeforeMethod beforeTest" time="0.0" classname="sayatme.Registration.FeedbackRegInval">
    <skipped/>
  </testcase> <!-- @BeforeMethod beforeTest -->
  <testcase name="@AfterMethod closeBrowser" time="0.0" classname="sayatme.Registration.FeedbackRegInval">
    <skipped/>
  </testcase> <!-- @AfterMethod closeBrowser -->
  <testcase name="@BeforeMethod beforeTest" time="0.0" classname="Login.LoginInval">
    <skipped/>
  </testcase> <!-- @BeforeMethod beforeTest -->
  <testcase name="@AfterMethod closeBrowser" time="0.0" classname="Login.LoginInval">
    <skipped/>
  </testcase> <!-- @AfterMethod closeBrowser -->
  <testcase name="@BeforeMethod beforeTest" time="0.0" classname="Login.LoginInval">
    <skipped/>
  </testcase> <!-- @BeforeMethod beforeTest -->
  <testcase name="@AfterMethod closeBrowser" time="0.0" classname="Login.LoginInval">
    <skipped/>
  </testcase> <!-- @AfterMethod closeBrowser -->
  <testcase name="@BeforeMethod beforeTest" time="0.0" classname="Login.LoginInval">
    <skipped/>
  </testcase> <!-- @BeforeMethod beforeTest -->
  <testcase name="@AfterMethod closeBrowser" time="0.0" classname="Login.LoginInval">
    <skipped/>
  </testcase> <!-- @AfterMethod closeBrowser -->
  <testcase name="@BeforeMethod beforeTest" time="0.0" classname="Login.LoginVal">
    <skipped/>
  </testcase> <!-- @BeforeMethod beforeTest -->
  <testcase name="@AfterMethod closeBrowser" time="0.0" classname="Login.LoginVal">
    <skipped/>
  </testcase> <!-- @AfterMethod closeBrowser -->
  <testcase name="@BeforeMethod beforeTest" time="0.0" classname="Login.LoginVal">
    <skipped/>
  </testcase> <!-- @BeforeMethod beforeTest -->
  <testcase name="@AfterMethod closeBrowser" time="0.0" classname="Login.LoginVal">
    <skipped/>
  </testcase> <!-- @AfterMethod closeBrowser -->
  <testcase name="@BeforeMethod beforeTest" time="0.0" classname="Login.LoginVal">
    <skipped/>
  </testcase> <!-- @BeforeMethod beforeTest -->
  <testcase name="@AfterMethod closeBrowser" time="0.0" classname="Login.LoginVal">
    <skipped/>
  </testcase> <!-- @AfterMethod closeBrowser -->
  <testcase name="@BeforeMethod beforeTest" time="0.0" classname="Feedback.feedbackinv">
    <skipped/>
  </testcase> <!-- @BeforeMethod beforeTest -->
  <testcase name="@AfterMethod closeBrowser" time="0.0" classname="Feedback.feedbackinv">
    <skipped/>
  </testcase> <!-- @AfterMethod closeBrowser -->
  <testcase name="@BeforeMethod beforeTest" time="0.0" classname="Feedback.feedbackinv">
    <skipped/>
  </testcase> <!-- @BeforeMethod beforeTest -->
  <testcase name="@AfterMethod closeBrowser" time="0.0" classname="Feedback.feedbackinv">
    <skipped/>
  </testcase> <!-- @AfterMethod closeBrowser -->
  <testcase name="@BeforeMethod beforeTest" time="0.0" classname="Feedback.feedbackinv">
    <skipped/>
  </testcase> <!-- @BeforeMethod beforeTest -->
  <testcase name="@AfterMethod closeBrowser" time="0.0" classname="Feedback.feedbackinv">
    <skipped/>
  </testcase> <!-- @AfterMethod closeBrowser -->
  <testcase name="@BeforeMethod beforeTest" time="0.0" classname="Feedback.FeedbackVal">
    <skipped/>
  </testcase> <!-- @BeforeMethod beforeTest -->
  <testcase name="@AfterMethod closeBrowser" time="0.0" classname="Feedback.FeedbackVal">
    <skipped/>
  </testcase> <!-- @AfterMethod closeBrowser -->
  <testcase name="@BeforeMethod beforeTest" time="0.0" classname="Feedback.FeedbackVal">
    <skipped/>
  </testcase> <!-- @BeforeMethod beforeTest -->
  <testcase name="@AfterMethod closeBrowser" time="0.0" classname="Feedback.FeedbackVal">
    <skipped/>
  </testcase> <!-- @AfterMethod closeBrowser -->
  <testcase name="@BeforeMethod beforeTest" time="0.0" classname="Feedback.FeedbackVal">
    <skipped/>
  </testcase> <!-- @BeforeMethod beforeTest -->
  <testcase name="@AfterMethod closeBrowser" time="0.0" classname="Feedback.FeedbackVal">
    <skipped/>
  </testcase> <!-- @AfterMethod closeBrowser -->
  <testcase name="@BeforeMethod beforeTest" time="0.0" classname="Feedback.AnswerFeedback">
    <skipped/>
  </testcase> <!-- @BeforeMethod beforeTest -->
  <testcase name="@AfterMethod closeBrowser" time="0.0" classname="Feedback.AnswerFeedback">
    <skipped/>
  </testcase> <!-- @AfterMethod closeBrowser -->
  <testcase name="@BeforeMethod beforeTest" time="0.0" classname="Feedback.AnswerFeedback">
    <skipped/>
  </testcase> <!-- @BeforeMethod beforeTest -->
  <testcase name="@AfterMethod closeBrowser" time="0.0" classname="Feedback.AnswerFeedback">
    <skipped/>
  </testcase> <!-- @AfterMethod closeBrowser -->
  <testcase name="@BeforeMethod beforeTest" time="0.0" classname="Feedback.AnswerFeedback">
    <skipped/>
  </testcase> <!-- @BeforeMethod beforeTest -->
  <testcase name="@AfterMethod closeBrowser" time="0.0" classname="Feedback.AnswerFeedback">
    <skipped/>
  </testcase> <!-- @AfterMethod closeBrowser -->
  <testcase name="@BeforeMethod beforeTest" time="0.0" classname="Friends.FollowFriends">
    <skipped/>
  </testcase> <!-- @BeforeMethod beforeTest -->
  <testcase name="@AfterMethod closeBrowser" time="0.0" classname="Friends.FollowFriends">
    <skipped/>
  </testcase> <!-- @AfterMethod closeBrowser -->
  <testcase name="@BeforeMethod beforeTest" time="0.0" classname="Friends.FriendsFeedback">
    <skipped/>
  </testcase> <!-- @BeforeMethod beforeTest -->
  <testcase name="@AfterMethod closeBrowser" time="0.0" classname="Friends.FriendsFeedback">
    <skipped/>
  </testcase> <!-- @AfterMethod closeBrowser -->
  <testcase name="@BeforeMethod beforeTest" time="0.0" classname="Friends.FriendsFeedback">
    <skipped/>
  </testcase> <!-- @BeforeMethod beforeTest -->
  <testcase name="@AfterMethod closeBrowser" time="0.0" classname="Friends.FriendsFeedback">
    <skipped/>
  </testcase> <!-- @AfterMethod closeBrowser -->
  <testcase name="@BeforeMethod beforeTest" time="0.0" classname="Friends.FriendsFeedback">
    <skipped/>
  </testcase> <!-- @BeforeMethod beforeTest -->
  <testcase name="@AfterMethod closeBrowser" time="0.0" classname="Friends.FriendsFeedback">
    <skipped/>
  </testcase> <!-- @AfterMethod closeBrowser -->
  <testcase name="@BeforeMethod beforeTest" time="0.0" classname="Friends.UnfollowFriends">
    <skipped/>
  </testcase> <!-- @BeforeMethod beforeTest -->
  <testcase name="@AfterMethod closeBrowser" time="0.0" classname="Friends.UnfollowFriends">
    <skipped/>
  </testcase> <!-- @AfterMethod closeBrowser -->
  <testcase name="@BeforeMethod beforeTest" time="0.0" classname="Survey.SurveywithInvalidData">
    <skipped/>
  </testcase> <!-- @BeforeMethod beforeTest -->
  <testcase name="@AfterMethod closeBrowser" time="0.0" classname="Survey.SurveywithInvalidData">
    <skipped/>
  </testcase> <!-- @AfterMethod closeBrowser -->
  <testcase name="@BeforeMethod beforeTest" time="0.0" classname="Survey.SurveywithInvalidData">
    <skipped/>
  </testcase> <!-- @BeforeMethod beforeTest -->
  <testcase name="@AfterMethod closeBrowser" time="0.0" classname="Survey.SurveywithInvalidData">
    <skipped/>
  </testcase> <!-- @AfterMethod closeBrowser -->
  <testcase name="@BeforeMethod beforeTest" time="0.0" classname="Survey.SurveywithInvalidData">
    <skipped/>
  </testcase> <!-- @BeforeMethod beforeTest -->
  <testcase name="@AfterMethod closeBrowser" time="0.0" classname="Survey.SurveywithInvalidData">
    <skipped/>
  </testcase> <!-- @AfterMethod closeBrowser -->
  <testcase name="@BeforeMethod beforeTest" time="0.0" classname="GeneralFunctions.ChangePw">
    <skipped/>
  </testcase> <!-- @BeforeMethod beforeTest -->
  <testcase name="@AfterMethod closeBrowser" time="0.0" classname="GeneralFunctions.ChangePw">
    <skipped/>
  </testcase> <!-- @AfterMethod closeBrowser -->
  <testcase name="@BeforeMethod beforeTest" time="0.0" classname="GeneralFunctions.ChangePw">
    <skipped/>
  </testcase> <!-- @BeforeMethod beforeTest -->
  <testcase name="@AfterMethod closeBrowser" time="0.0" classname="GeneralFunctions.ChangePw">
    <skipped/>
  </testcase> <!-- @AfterMethod closeBrowser -->
  <testcase name="@BeforeMethod beforeTest" time="0.0" classname="GeneralFunctions.ChangePw">
    <skipped/>
  </testcase> <!-- @BeforeMethod beforeTest -->
  <testcase name="@AfterMethod closeBrowser" time="0.0" classname="GeneralFunctions.ChangePw">
    <skipped/>
  </testcase> <!-- @AfterMethod closeBrowser -->
  <testcase name="TestSurveyDownload" time="16.892" classname="Survey.SurveyDownload">
    <failure type="org.openqa.selenium.remote.UnreachableBrowserException" message="Error communicating with the remote browser. It may have died.
Build info: version: &amp;apos;2.43.1&amp;apos;, revision: &amp;apos;5163bce&amp;apos;, time: &amp;apos;2014-09-10 16:27:33&amp;apos;
System info: host: &amp;apos;Madis-PC&amp;apos;, ip: &amp;apos;192.168.0.109&amp;apos;, os.name: &amp;apos;Windows 7&amp;apos;, os.arch: &amp;apos;amd64&amp;apos;, os.version: &amp;apos;6.1&amp;apos;, java.version: &amp;apos;1.8.0_20&amp;apos;
Driver info: driver.version: RemoteWebDriver">
      <![CDATA[org.openqa.selenium.remote.UnreachableBrowserException: Error communicating with the remote browser. It may have died.
Build info: version: '2.43.1', revision: '5163bce', time: '2014-09-10 16:27:33'
System info: host: 'Madis-PC', ip: '192.168.0.109', os.name: 'Windows 7', os.arch: 'amd64', os.version: '6.1', java.version: '1.8.0_20'
Driver info: driver.version: RemoteWebDriver
	at org.openqa.selenium.remote.RemoteWebDriver.execute(RemoteWebDriver.java:593)
	at org.openqa.selenium.remote.RemoteWebDriver.findElement(RemoteWebDriver.java:352)
	at org.openqa.selenium.remote.RemoteWebDriver.findElementByLinkText(RemoteWebDriver.java:401)
	at org.openqa.selenium.By$ByLinkText.findElement(By.java:242)
	at org.openqa.selenium.remote.RemoteWebDriver.findElement(RemoteWebDriver.java:344)
	at Survey.SurveyDownload.TestSurveyDownload(SurveyDownload.java:31)
	at java.util.concurrent.FutureTask.run(Unknown Source)
	at java.util.concurrent.ThreadPoolExecutor.runWorker(Unknown Source)
	at java.util.concurrent.ThreadPoolExecutor$Worker.run(Unknown Source)
	at java.lang.Thread.run(Unknown Source)
Caused by: org.apache.http.conn.HttpHostConnectException: Connect to 127.0.0.1:7055 [/127.0.0.1] failed: Connection refused: connect
	at org.apache.http.impl.conn.HttpClientConnectionOperator.connect(HttpClientConnectionOperator.java:140)
	at org.apache.http.impl.conn.PoolingHttpClientConnectionManager.connect(PoolingHttpClientConnectionManager.java:318)
	at org.apache.http.impl.execchain.MainClientExec.establishRoute(MainClientExec.java:363)
	at org.apache.http.impl.execchain.MainClientExec.execute(MainClientExec.java:219)
	at org.apache.http.impl.execchain.ProtocolExec.execute(ProtocolExec.java:195)
	at org.apache.http.impl.execchain.RetryExec.execute(RetryExec.java:86)
	at org.apache.http.impl.execchain.RedirectExec.execute(RedirectExec.java:108)
	at org.apache.http.impl.client.InternalHttpClient.doExecute(InternalHttpClient.java:184)
	at org.apache.http.impl.client.CloseableHttpClient.execute(CloseableHttpClient.java:72)
	at org.apache.http.impl.client.CloseableHttpClient.execute(CloseableHttpClient.java:57)
	at org.openqa.selenium.remote.HttpCommandExecutor.fallBackExecute(HttpCommandExecutor.java:233)
	at org.openqa.selenium.remote.HttpCommandExecutor.execute(HttpCommandExecutor.java:184)
	at org.openqa.selenium.firefox.internal.NewProfileExtensionConnection.execute(NewProfileExtensionConnection.java:165)
	at org.openqa.selenium.firefox.FirefoxDriver$LazyCommandExecutor.execute(FirefoxDriver.java:362)
	at org.openqa.selenium.remote.RemoteWebDriver.execute(RemoteWebDriver.java:572)
	... 25 more
Caused by: java.net.ConnectException: Connection refused: connect
	at java.net.DualStackPlainSocketImpl.waitForConnect(Native Method)
	at java.net.DualStackPlainSocketImpl.socketConnect(Unknown Source)
	at java.net.AbstractPlainSocketImpl.doConnect(Unknown Source)
	at java.net.AbstractPlainSocketImpl.connectToAddress(Unknown Source)
	at java.net.AbstractPlainSocketImpl.connect(Unknown Source)
	at java.net.PlainSocketImpl.connect(Unknown Source)
	at java.net.SocksSocketImpl.connect(Unknown Source)
	at java.net.Socket.connect(Unknown Source)
	at org.apache.http.conn.socket.PlainConnectionSocketFactory.connectSocket(PlainConnectionSocketFactory.java:72)
	at org.apache.http.impl.conn.HttpClientConnectionOperator.connect(HttpClientConnectionOperator.java:123)
	... 39 more
... Removed 16 stack frames]]>
    </failure>
  </testcase> <!-- TestSurveyDownload -->
  <testcase name="TestSurveyDownload" time="0.0" classname="Survey.SurveyDownload">
    <skipped/>
  </testcase> <!-- TestSurveyDownload -->
  <testcase name="TestSurveyDownload" time="0.0" classname="Survey.SurveyDownload">
    <skipped/>
  </testcase> <!-- TestSurveyDownload -->
  <testcase name="testFrontpagereg" time="0.0" classname="sayatme.Registration.Frontpagereg">
    <skipped/>
  </testcase> <!-- testFrontpagereg -->
  <testcase name="testFrontpagereg" time="0.0" classname="sayatme.Registration.Frontpagereg">
    <skipped/>
  </testcase> <!-- testFrontpagereg -->
  <testcase name="testFrontpagereg" time="0.0" classname="sayatme.Registration.Frontpagereg">
    <skipped/>
  </testcase> <!-- testFrontpagereg -->
  <testcase name="testProfileRegInv" time="0.0" classname="sayatme.Registration.ProfileRegInv">
    <skipped/>
  </testcase> <!-- testProfileRegInv -->
  <testcase name="testProfileRegInv" time="0.0" classname="sayatme.Registration.ProfileRegInv">
    <skipped/>
  </testcase> <!-- testProfileRegInv -->
  <testcase name="testProfileRegInv" time="0.0" classname="sayatme.Registration.ProfileRegInv">
    <skipped/>
  </testcase> <!-- testProfileRegInv -->
  <testcase name="testFeedbackRegInval" time="0.0" classname="sayatme.Registration.FeedbackRegInval">
    <skipped/>
  </testcase> <!-- testFeedbackRegInval -->
  <testcase name="testFeedbackRegInval" time="0.0" classname="sayatme.Registration.FeedbackRegInval">
    <skipped/>
  </testcase> <!-- testFeedbackRegInval -->
  <testcase name="testFeedbackRegInval" time="0.0" classname="sayatme.Registration.FeedbackRegInval">
    <skipped/>
  </testcase> <!-- testFeedbackRegInval -->
  <testcase name="testLoginInval" time="0.0" classname="Login.LoginInval">
    <skipped/>
  </testcase> <!-- testLoginInval -->
  <testcase name="testLoginInval" time="0.0" classname="Login.LoginInval">
    <skipped/>
  </testcase> <!-- testLoginInval -->
  <testcase name="testLoginInval" time="0.0" classname="Login.LoginInval">
    <skipped/>
  </testcase> <!-- testLoginInval -->
  <testcase name="testLoginVal" time="0.0" classname="Login.LoginVal">
    <skipped/>
  </testcase> <!-- testLoginVal -->
  <testcase name="testLoginVal" time="0.0" classname="Login.LoginVal">
    <skipped/>
  </testcase> <!-- testLoginVal -->
  <testcase name="testLoginVal" time="0.0" classname="Login.LoginVal">
    <skipped/>
  </testcase> <!-- testLoginVal -->
  <testcase name="testfeedbackinv" time="0.0" classname="Feedback.feedbackinv">
    <skipped/>
  </testcase> <!-- testfeedbackinv -->
  <testcase name="testfeedbackinv" time="0.001" classname="Feedback.feedbackinv">
    <skipped/>
  </testcase> <!-- testfeedbackinv -->
  <testcase name="testfeedbackinv" time="0.0" classname="Feedback.feedbackinv">
    <skipped/>
  </testcase> <!-- testfeedbackinv -->
  <testcase name="testFeedbackVal" time="0.0" classname="Feedback.FeedbackVal">
    <skipped/>
  </testcase> <!-- testFeedbackVal -->
  <testcase name="testFeedbackVal" time="0.0" classname="Feedback.FeedbackVal">
    <skipped/>
  </testcase> <!-- testFeedbackVal -->
  <testcase name="testFeedbackVal" time="0.0" classname="Feedback.FeedbackVal">
    <skipped/>
  </testcase> <!-- testFeedbackVal -->
  <testcase name="TestAnswerFeedback" time="0.0" classname="Feedback.AnswerFeedback">
    <skipped/>
  </testcase> <!-- TestAnswerFeedback -->
  <testcase name="TestAnswerFeedback" time="0.0" classname="Feedback.AnswerFeedback">
    <skipped/>
  </testcase> <!-- TestAnswerFeedback -->
  <testcase name="TestAnswerFeedback" time="0.0" classname="Feedback.AnswerFeedback">
    <skipped/>
  </testcase> <!-- TestAnswerFeedback -->
  <testcase name="S천pradeJ채lgimine" time="0.0" classname="Friends.FollowFriends">
    <skipped/>
  </testcase> <!-- S천pradeJ채lgimine -->
  <testcase name="TestFriendsFeedback" time="0.0" classname="Friends.FriendsFeedback">
    <skipped/>
  </testcase> <!-- TestFriendsFeedback -->
  <testcase name="TestFriendsFeedback" time="0.002" classname="Friends.FriendsFeedback">
    <skipped/>
  </testcase> <!-- TestFriendsFeedback -->
  <testcase name="TestFriendsFeedback" time="0.0" classname="Friends.FriendsFeedback">
    <skipped/>
  </testcase> <!-- TestFriendsFeedback -->
  <testcase name="StopFollowing" time="0.0" classname="Friends.UnfollowFriends">
    <skipped/>
  </testcase> <!-- StopFollowing -->
  <testcase name="TestSurveywithInvalid" time="0.062" classname="Survey.SurveywithInvalidData">
    <skipped/>
  </testcase> <!-- TestSurveywithInvalid -->
  <testcase name="TestSurveywithInvalid" time="0.0" classname="Survey.SurveywithInvalidData">
    <skipped/>
  </testcase> <!-- TestSurveywithInvalid -->
  <testcase name="TestSurveywithInvalid" time="0.0" classname="Survey.SurveywithInvalidData">
    <skipped/>
  </testcase> <!-- TestSurveywithInvalid -->
  <testcase name="TestSurveywithvalidData" time="20.595" classname="Survey.SurveyWithValidData"/>
  <testcase name="TestSurveywithvalidData" time="5.814" classname="Survey.SurveyWithValidData">
    <failure type="org.openqa.selenium.NoSuchWindowException" message="Window not found. The browser window may have been closed.
Command duration or timeout: 16 milliseconds
Build info: version: &amp;apos;2.43.1&amp;apos;, revision: &amp;apos;5163bce&amp;apos;, time: &amp;apos;2014-09-10 16:27:33&amp;apos;
System info: host: &amp;apos;Madis-PC&amp;apos;, ip: &amp;apos;192.168.0.109&amp;apos;, os.name: &amp;apos;Windows 7&amp;apos;, os.arch: &amp;apos;amd64&amp;apos;, os.version: &amp;apos;6.1&amp;apos;, java.version: &amp;apos;1.8.0_20&amp;apos;
Driver info: org.openqa.selenium.firefox.FirefoxDriver
Capabilities [{applicationCacheEnabled=true, rotatable=false, handlesAlerts=true, databaseEnabled=true, version=33.0.2, platform=WINDOWS, nativeEvents=false, acceptSslCerts=true, webStorageEnabled=true, locationContextEnabled=true, browserName=firefox, takesScreenshot=true, javascriptEnabled=true, cssSelectorsEnabled=true}]
Session ID: 20290a8b-a82b-489e-bd00-abb8d5588c2a">
      <![CDATA[org.openqa.selenium.NoSuchWindowException: Window not found. The browser window may have been closed.
Command duration or timeout: 16 milliseconds
Build info: version: '2.43.1', revision: '5163bce', time: '2014-09-10 16:27:33'
System info: host: 'Madis-PC', ip: '192.168.0.109', os.name: 'Windows 7', os.arch: 'amd64', os.version: '6.1', java.version: '1.8.0_20'
Driver info: org.openqa.selenium.firefox.FirefoxDriver
Capabilities [{applicationCacheEnabled=true, rotatable=false, handlesAlerts=true, databaseEnabled=true, version=33.0.2, platform=WINDOWS, nativeEvents=false, acceptSslCerts=true, webStorageEnabled=true, locationContextEnabled=true, browserName=firefox, takesScreenshot=true, javascriptEnabled=true, cssSelectorsEnabled=true}]
Session ID: 20290a8b-a82b-489e-bd00-abb8d5588c2a
	at org.openqa.selenium.remote.ErrorHandler.createThrowable(ErrorHandler.java:204)
	at org.openqa.selenium.remote.ErrorHandler.throwIfResponseFailed(ErrorHandler.java:156)
	at org.openqa.selenium.remote.RemoteWebDriver.execute(RemoteWebDriver.java:599)
	at org.openqa.selenium.remote.RemoteWebDriver.findElement(RemoteWebDriver.java:352)
	at org.openqa.selenium.remote.RemoteWebDriver.findElementByCssSelector(RemoteWebDriver.java:441)
	at org.openqa.selenium.By$ByCssSelector.findElement(By.java:426)
	at org.openqa.selenium.remote.RemoteWebDriver.findElement(RemoteWebDriver.java:344)
	at PageObjects.LoggedIn.KysitlusHalda(LoggedIn.java:192)
	at Survey.SurveyWithValidData.TestSurveywithvalidData(SurveyWithValidData.java:47)
	at java.util.concurrent.FutureTask.run(Unknown Source)
	at java.util.concurrent.ThreadPoolExecutor.runWorker(Unknown Source)
	at java.util.concurrent.ThreadPoolExecutor$Worker.run(Unknown Source)
	at java.lang.Thread.run(Unknown Source)
Caused by: org.openqa.selenium.NoSuchWindowException: Window not found. The browser window may have been closed.
Build info: version: '2.43.1', revision: '5163bce', time: '2014-09-10 16:27:33'
System info: host: 'Madis-PC', ip: '192.168.0.109', os.name: 'Windows 7', os.arch: 'amd64', os.version: '6.1', java.version: '1.8.0_20'
Driver info: driver.version: unknown
	at <anonymous class>.nsCommandProcessor.prototype.execute(file:///C:/Users/Madis/AppData/Local/Temp/anonymous444610846102322427webdriver-profile/extensions/fxdriver@googlecode.com/components/command-processor.js:11683:23)
	at <anonymous class>.Dispatcher.executeAs/<(file:///C:/Users/Madis/AppData/Local/Temp/anonymous444610846102322427webdriver-profile/extensions/fxdriver@googlecode.com/components/driver-component.js:8430:5)
	at <anonymous class>.Resource.prototype.handle(file:///C:/Users/Madis/AppData/Local/Temp/anonymous444610846102322427webdriver-profile/extensions/fxdriver@googlecode.com/components/driver-component.js:8577:219)
	at <anonymous class>.Dispatcher.prototype.dispatch(file:///C:/Users/Madis/AppData/Local/Temp/anonymous444610846102322427webdriver-profile/extensions/fxdriver@googlecode.com/components/driver-component.js:8524:36)
	at <anonymous class>.WebDriverServer/<.handle(file:///C:/Users/Madis/AppData/Local/Temp/anonymous444610846102322427webdriver-profile/extensions/fxdriver@googlecode.com/components/driver-component.js:11466:5)
	at <anonymous class>.createHandlerFunc/<(file:///C:/Users/Madis/AppData/Local/Temp/anonymous444610846102322427webdriver-profile/extensions/fxdriver@googlecode.com/components/httpd.js:1935:41)
	at <anonymous class>.ServerHandler.prototype.handleResponse(file:///C:/Users/Madis/AppData/Local/Temp/anonymous444610846102322427webdriver-profile/extensions/fxdriver@googlecode.com/components/httpd.js:2261:15)
	at <anonymous class>.Connection.prototype.process(file:///C:/Users/Madis/AppData/Local/Temp/anonymous444610846102322427webdriver-profile/extensions/fxdriver@googlecode.com/components/httpd.js:1168:5)
	at <anonymous class>.RequestReader.prototype._handleResponse(file:///C:/Users/Madis/AppData/Local/Temp/anonymous444610846102322427webdriver-profile/extensions/fxdriver@googlecode.com/components/httpd.js:1616:5)
	at <anonymous class>.RequestReader.prototype._processBody(file:///C:/Users/Madis/AppData/Local/Temp/anonymous444610846102322427webdriver-profile/extensions/fxdriver@googlecode.com/components/httpd.js:1464:9)
	at <anonymous class>.RequestReader.prototype.onInputStreamReady(file:///C:/Users/Madis/AppData/Local/Temp/anonymous444610846102322427webdriver-profile/extensions/fxdriver@googlecode.com/components/httpd.js:1333:9)
... Removed 20 stack frames]]>
    </failure>
  </testcase> <!-- TestSurveywithvalidData -->
  <testcase name="TestSurveywithvalidData" time="3.85" classname="Survey.SurveyWithValidData">
    <failure type="org.openqa.selenium.remote.UnreachableBrowserException" message="Error communicating with the remote browser. It may have died.
Build info: version: &amp;apos;2.43.1&amp;apos;, revision: &amp;apos;5163bce&amp;apos;, time: &amp;apos;2014-09-10 16:27:33&amp;apos;
System info: host: &amp;apos;Madis-PC&amp;apos;, ip: &amp;apos;192.168.0.109&amp;apos;, os.name: &amp;apos;Windows 7&amp;apos;, os.arch: &amp;apos;amd64&amp;apos;, os.version: &amp;apos;6.1&amp;apos;, java.version: &amp;apos;1.8.0_20&amp;apos;
Driver info: driver.version: RemoteWebDriver">
      <![CDATA[org.openqa.selenium.remote.UnreachableBrowserException: Error communicating with the remote browser. It may have died.
Build info: version: '2.43.1', revision: '5163bce', time: '2014-09-10 16:27:33'
System info: host: 'Madis-PC', ip: '192.168.0.109', os.name: 'Windows 7', os.arch: 'amd64', os.version: '6.1', java.version: '1.8.0_20'
Driver info: driver.version: RemoteWebDriver
	at org.openqa.selenium.remote.RemoteWebDriver.execute(RemoteWebDriver.java:593)
	at org.openqa.selenium.remote.RemoteWebDriver.get(RemoteWebDriver.java:304)
	at Survey.SurveyWithValidData.TestSurveywithvalidData(SurveyWithValidData.java:41)
	at java.util.concurrent.FutureTask.run(Unknown Source)
	at java.util.concurrent.ThreadPoolExecutor.runWorker(Unknown Source)
	at java.util.concurrent.ThreadPoolExecutor$Worker.run(Unknown Source)
	at java.lang.Thread.run(Unknown Source)
Caused by: org.apache.http.conn.HttpHostConnectException: Connect to 127.0.0.1:7055 [/127.0.0.1] failed: Connection refused: connect
	at org.apache.http.impl.conn.HttpClientConnectionOperator.connect(HttpClientConnectionOperator.java:140)
	at org.apache.http.impl.conn.PoolingHttpClientConnectionManager.connect(PoolingHttpClientConnectionManager.java:318)
	at org.apache.http.impl.execchain.MainClientExec.establishRoute(MainClientExec.java:363)
	at org.apache.http.impl.execchain.MainClientExec.execute(MainClientExec.java:219)
	at org.apache.http.impl.execchain.ProtocolExec.execute(ProtocolExec.java:195)
	at org.apache.http.impl.execchain.RetryExec.execute(RetryExec.java:86)
	at org.apache.http.impl.execchain.RedirectExec.execute(RedirectExec.java:108)
	at org.apache.http.impl.client.InternalHttpClient.doExecute(InternalHttpClient.java:184)
	at org.apache.http.impl.client.CloseableHttpClient.execute(CloseableHttpClient.java:72)
	at org.apache.http.impl.client.CloseableHttpClient.execute(CloseableHttpClient.java:57)
	at org.openqa.selenium.remote.HttpCommandExecutor.fallBackExecute(HttpCommandExecutor.java:233)
	at org.openqa.selenium.remote.HttpCommandExecutor.execute(HttpCommandExecutor.java:184)
	at org.openqa.selenium.firefox.internal.NewProfileExtensionConnection.execute(NewProfileExtensionConnection.java:165)
	at org.openqa.selenium.firefox.FirefoxDriver$LazyCommandExecutor.execute(FirefoxDriver.java:362)
	at org.openqa.selenium.remote.RemoteWebDriver.execute(RemoteWebDriver.java:572)
	... 22 more
Caused by: java.net.ConnectException: Connection refused: connect
	at java.net.DualStackPlainSocketImpl.waitForConnect(Native Method)
	at java.net.DualStackPlainSocketImpl.socketConnect(Unknown Source)
	at java.net.AbstractPlainSocketImpl.doConnect(Unknown Source)
	at java.net.AbstractPlainSocketImpl.connectToAddress(Unknown Source)
	at java.net.AbstractPlainSocketImpl.connect(Unknown Source)
	at java.net.PlainSocketImpl.connect(Unknown Source)
	at java.net.SocksSocketImpl.connect(Unknown Source)
	at java.net.Socket.connect(Unknown Source)
	at org.apache.http.conn.socket.PlainConnectionSocketFactory.connectSocket(PlainConnectionSocketFactory.java:72)
	at org.apache.http.impl.conn.HttpClientConnectionOperator.connect(HttpClientConnectionOperator.java:123)
	... 36 more
... Removed 16 stack frames]]>
    </failure>
  </testcase> <!-- TestSurveywithvalidData -->
  <testcase name="TestChangePw" time="0.0" classname="GeneralFunctions.ChangePw">
    <skipped/>
  </testcase> <!-- TestChangePw -->
  <testcase name="TestChangePw" time="0.0" classname="GeneralFunctions.ChangePw">
    <skipped/>
  </testcase> <!-- TestChangePw -->
  <testcase name="TestChangePw" time="0.0" classname="GeneralFunctions.ChangePw">
    <skipped/>
  </testcase> <!-- TestChangePw -->
</testsuite> <!-- FirefoxTest -->
