<?xml version="1.0" encoding="UTF-8"?>
<!-- Generated by org.testng.reporters.JUnitXMLReporter -->
<testsuite hostname="Madis-PC" name="Firefox kask6intundubkorras" tests="9" failures="0" timestamp="26 Nov 2014 13:55:50 GMT" time="720.216" errors="0">
  <testcase name="testFrontpagereg" time="144.667" classname="sayatme.Registration.Frontpagereg"/>
  <testcase name="testFrontpagereg" time="143.95" classname="sayatme.Registration.Frontpagereg"/>
  <testcase name="testFrontpagereg" time="144.298" classname="sayatme.Registration.Frontpagereg"/>
  <testcase name="testProfileRegInv" time="21.243" classname="sayatme.Registration.ProfileRegInv"/>
  <testcase name="testProfileRegInv" time="21.022" classname="sayatme.Registration.ProfileRegInv"/>
  <testcase name="testProfileRegInv" time="21.265" classname="sayatme.Registration.ProfileRegInv"/>
  <testcase name="testFeedbackRegInval" time="55.209" classname="sayatme.Registration.FeedbackRegInval"/>
  <testcase name="testFeedbackRegInval" time="55.168" classname="sayatme.Registration.FeedbackRegInval"/>
  <testcase name="testFeedbackRegInval" time="54.212" classname="sayatme.Registration.FeedbackRegInval"/>
</testsuite> <!-- Firefox kask6intundubkorras -->
