<?xml version="1.0" encoding="UTF-8"?>
<!-- Generated by org.testng.reporters.JUnitXMLReporter -->
<testsuite hostname="Madis-PC" name="IE kask6intundubkorras" tests="47" failures="1" timestamp="20 Nov 2014 15:37:46 GMT" time="11368.888" errors="0">
  <testcase name="@BeforeMethod beforeTest" time="0.0" classname="Feedback.CommentPrivateFeedback">
    <failure type="org.openqa.selenium.remote.UnreachableBrowserException" message="Could not start a new session. Possible causes are invalid address of the remote server or browser start-up failure.
Build info: version: &amp;apos;2.43.1&amp;apos;, revision: &amp;apos;5163bceef1bc36d43f3dc0b83c88998168a363a0&amp;apos;, time: &amp;apos;2014-09-10 09:43:55&amp;apos;
System info: host: &amp;apos;Madis-PC&amp;apos;, ip: &amp;apos;192.168.0.109&amp;apos;, os.name: &amp;apos;Windows 7&amp;apos;, os.arch: &amp;apos;amd64&amp;apos;, os.version: &amp;apos;6.1&amp;apos;, java.version: &amp;apos;1.8.0_20&amp;apos;
Driver info: driver.version: InternetExplorerDriver">
      <![CDATA[org.openqa.selenium.remote.UnreachableBrowserException: Could not start a new session. Possible causes are invalid address of the remote server or browser start-up failure.
Build info: version: '2.43.1', revision: '5163bceef1bc36d43f3dc0b83c88998168a363a0', time: '2014-09-10 09:43:55'
System info: host: 'Madis-PC', ip: '192.168.0.109', os.name: 'Windows 7', os.arch: 'amd64', os.version: '6.1', java.version: '1.8.0_20'
Driver info: driver.version: InternetExplorerDriver
	at org.openqa.selenium.remote.RemoteWebDriver.execute(RemoteWebDriver.java:593)
	at org.openqa.selenium.remote.RemoteWebDriver.startSession(RemoteWebDriver.java:240)
	at org.openqa.selenium.remote.RemoteWebDriver.startSession(RemoteWebDriver.java:225)
	at org.openqa.selenium.ie.InternetExplorerDriver.run(InternetExplorerDriver.java:182)
	at org.openqa.selenium.ie.InternetExplorerDriver.<init>(InternetExplorerDriver.java:174)
	at org.openqa.selenium.ie.InternetExplorerDriver.<init>(InternetExplorerDriver.java:150)
	at Utils.Browser.beforeTest(Browser.java:115)
Caused by: org.openqa.selenium.WebDriverException: java.net.SocketTimeoutException: Read timed out
Build info: version: '2.43.1', revision: '5163bceef1bc36d43f3dc0b83c88998168a363a0', time: '2014-09-10 09:43:55'
System info: host: 'Madis-PC', ip: '192.168.0.109', os.name: 'Windows 7', os.arch: 'amd64', os.version: '6.1', java.version: '1.8.0_20'
Driver info: driver.version: InternetExplorerDriver
	at org.openqa.selenium.remote.service.DriverCommandExecutor.execute(DriverCommandExecutor.java:75)
	at org.openqa.selenium.remote.RemoteWebDriver.execute(RemoteWebDriver.java:572)
	... 35 more
Caused by: java.net.SocketTimeoutException: Read timed out
	at java.net.SocketInputStream.socketRead0(Native Method)
	at java.net.SocketInputStream.read(SocketInputStream.java:150)
	at java.net.SocketInputStream.read(SocketInputStream.java:121)
	at org.apache.http.impl.io.SessionInputBufferImpl.streamRead(SessionInputBufferImpl.java:136)
	at org.apache.http.impl.io.SessionInputBufferImpl.fillBuffer(SessionInputBufferImpl.java:152)
	at org.apache.http.impl.io.SessionInputBufferImpl.readLine(SessionInputBufferImpl.java:270)
	at org.apache.http.impl.conn.DefaultHttpResponseParser.parseHead(DefaultHttpResponseParser.java:140)
	at org.apache.http.impl.conn.DefaultHttpResponseParser.parseHead(DefaultHttpResponseParser.java:57)
	at org.apache.http.impl.io.AbstractMessageParser.parse(AbstractMessageParser.java:260)
	at org.apache.http.impl.DefaultBHttpClientConnection.receiveResponseHeader(DefaultBHttpClientConnection.java:161)
	at org.apache.http.impl.conn.CPoolProxy.receiveResponseHeader(CPoolProxy.java:153)
	at org.apache.http.protocol.HttpRequestExecutor.doReceiveResponse(HttpRequestExecutor.java:271)
	at org.apache.http.protocol.HttpRequestExecutor.execute(HttpRequestExecutor.java:123)
	at org.apache.http.impl.execchain.MainClientExec.execute(MainClientExec.java:254)
	at org.apache.http.impl.execchain.ProtocolExec.execute(ProtocolExec.java:195)
	at org.apache.http.impl.execchain.RetryExec.execute(RetryExec.java:86)
	at org.apache.http.impl.execchain.RedirectExec.execute(RedirectExec.java:108)
	at org.apache.http.impl.client.InternalHttpClient.doExecute(InternalHttpClient.java:184)
	at org.apache.http.impl.client.CloseableHttpClient.execute(CloseableHttpClient.java:72)
	at org.apache.http.impl.client.CloseableHttpClient.execute(CloseableHttpClient.java:57)
	at org.openqa.selenium.remote.HttpCommandExecutor.fallBackExecute(HttpCommandExecutor.java:215)
	at org.openqa.selenium.remote.HttpCommandExecutor.execute(HttpCommandExecutor.java:184)
	at org.openqa.selenium.remote.service.DriverCommandExecutor.execute(DriverCommandExecutor.java:66)
	... 36 more
... Removed 29 stack frames]]>
    </failure>
  </testcase> <!-- @BeforeMethod beforeTest -->
  <testcase name="@AfterMethod closeBrowser" time="0.0" classname="Feedback.CommentPrivateFeedback">
    <skipped/>
  </testcase> <!-- @AfterMethod closeBrowser -->
  <testcase name="@BeforeMethod beforeTest" time="0.0" classname="Feedback.CommentPrivateFeedback">
    <skipped/>
  </testcase> <!-- @BeforeMethod beforeTest -->
  <testcase name="@AfterMethod closeBrowser" time="0.0" classname="Feedback.CommentPrivateFeedback">
    <skipped/>
  </testcase> <!-- @AfterMethod closeBrowser -->
  <testcase name="@BeforeMethod beforeTest" time="0.0" classname="Feedback.MakeFeedbackPublic">
    <skipped/>
  </testcase> <!-- @BeforeMethod beforeTest -->
  <testcase name="@AfterMethod closeBrowser" time="0.0" classname="Feedback.MakeFeedbackPublic">
    <skipped/>
  </testcase> <!-- @AfterMethod closeBrowser -->
  <testcase name="@BeforeMethod beforeTest" time="0.0" classname="Feedback.MakeFeedbackPublic">
    <skipped/>
  </testcase> <!-- @BeforeMethod beforeTest -->
  <testcase name="@AfterMethod closeBrowser" time="0.0" classname="Feedback.MakeFeedbackPublic">
    <skipped/>
  </testcase> <!-- @AfterMethod closeBrowser -->
  <testcase name="@BeforeMethod beforeTest" time="0.0" classname="Feedback.MakeFeedbackPublic">
    <skipped/>
  </testcase> <!-- @BeforeMethod beforeTest -->
  <testcase name="@AfterMethod closeBrowser" time="0.0" classname="Feedback.MakeFeedbackPublic">
    <skipped/>
  </testcase> <!-- @AfterMethod closeBrowser -->
  <testcase name="@BeforeMethod beforeTest" time="0.0" classname="Feedback.AnswerFeedback">
    <skipped/>
  </testcase> <!-- @BeforeMethod beforeTest -->
  <testcase name="@AfterMethod closeBrowser" time="0.0" classname="Feedback.AnswerFeedback">
    <skipped/>
  </testcase> <!-- @AfterMethod closeBrowser -->
  <testcase name="@BeforeMethod beforeTest" time="0.0" classname="Feedback.AnswerFeedback">
    <skipped/>
  </testcase> <!-- @BeforeMethod beforeTest -->
  <testcase name="@AfterMethod closeBrowser" time="0.0" classname="Feedback.AnswerFeedback">
    <skipped/>
  </testcase> <!-- @AfterMethod closeBrowser -->
  <testcase name="@BeforeMethod beforeTest" time="0.0" classname="Feedback.AnswerFeedback">
    <skipped/>
  </testcase> <!-- @BeforeMethod beforeTest -->
  <testcase name="@AfterMethod closeBrowser" time="0.0" classname="Feedback.AnswerFeedback">
    <skipped/>
  </testcase> <!-- @AfterMethod closeBrowser -->
  <testcase name="@BeforeMethod beforeTest" time="0.0" classname="Feedback.CommentPublicFeedback">
    <skipped/>
  </testcase> <!-- @BeforeMethod beforeTest -->
  <testcase name="@AfterMethod closeBrowser" time="0.0" classname="Feedback.CommentPublicFeedback">
    <skipped/>
  </testcase> <!-- @AfterMethod closeBrowser -->
  <testcase name="@BeforeMethod beforeTest" time="0.0" classname="Feedback.CommentPublicFeedback">
    <skipped/>
  </testcase> <!-- @BeforeMethod beforeTest -->
  <testcase name="@AfterMethod closeBrowser" time="0.0" classname="Feedback.CommentPublicFeedback">
    <skipped/>
  </testcase> <!-- @AfterMethod closeBrowser -->
  <testcase name="@BeforeMethod beforeTest" time="0.0" classname="Feedback.CommentPublicFeedback">
    <skipped/>
  </testcase> <!-- @BeforeMethod beforeTest -->
  <testcase name="@AfterMethod closeBrowser" time="0.0" classname="Feedback.CommentPublicFeedback">
    <skipped/>
  </testcase> <!-- @AfterMethod closeBrowser -->
  <testcase name="@BeforeMethod beforeTest" time="0.0" classname="Feedback.CommentPublicFeedbackNotLoggedin">
    <skipped/>
  </testcase> <!-- @BeforeMethod beforeTest -->
  <testcase name="@AfterMethod closeBrowser" time="0.0" classname="Feedback.CommentPublicFeedbackNotLoggedin">
    <skipped/>
  </testcase> <!-- @AfterMethod closeBrowser -->
  <testcase name="@BeforeMethod beforeTest" time="0.0" classname="Feedback.CommentPublicFeedbackNotLoggedin">
    <skipped/>
  </testcase> <!-- @BeforeMethod beforeTest -->
  <testcase name="@AfterMethod closeBrowser" time="0.0" classname="Feedback.CommentPublicFeedbackNotLoggedin">
    <skipped/>
  </testcase> <!-- @AfterMethod closeBrowser -->
  <testcase name="@BeforeMethod beforeTest" time="0.0" classname="Feedback.CommentPublicFeedbackNotLoggedin">
    <skipped/>
  </testcase> <!-- @BeforeMethod beforeTest -->
  <testcase name="@AfterMethod closeBrowser" time="0.0" classname="Feedback.CommentPublicFeedbackNotLoggedin">
    <skipped/>
  </testcase> <!-- @AfterMethod closeBrowser -->
  <testcase name="@BeforeMethod beforeTest" time="0.0" classname="Friends.FollowFriends">
    <skipped/>
  </testcase> <!-- @BeforeMethod beforeTest -->
  <testcase name="@AfterMethod closeBrowser" time="0.0" classname="Friends.FollowFriends">
    <skipped/>
  </testcase> <!-- @AfterMethod closeBrowser -->
  <testcase name="@BeforeMethod beforeTest" time="0.0" classname="Friends.FriendsFeedback">
    <skipped/>
  </testcase> <!-- @BeforeMethod beforeTest -->
  <testcase name="@AfterMethod closeBrowser" time="0.0" classname="Friends.FriendsFeedback">
    <skipped/>
  </testcase> <!-- @AfterMethod closeBrowser -->
  <testcase name="@BeforeMethod beforeTest" time="0.0" classname="Friends.FriendsFeedback">
    <skipped/>
  </testcase> <!-- @BeforeMethod beforeTest -->
  <testcase name="@AfterMethod closeBrowser" time="0.0" classname="Friends.FriendsFeedback">
    <skipped/>
  </testcase> <!-- @AfterMethod closeBrowser -->
  <testcase name="@BeforeMethod beforeTest" time="0.0" classname="Friends.FriendsFeedback">
    <skipped/>
  </testcase> <!-- @BeforeMethod beforeTest -->
  <testcase name="@AfterMethod closeBrowser" time="0.0" classname="Friends.FriendsFeedback">
    <skipped/>
  </testcase> <!-- @AfterMethod closeBrowser -->
  <testcase name="@BeforeMethod beforeTest" time="0.0" classname="Friends.UnfollowFriends">
    <skipped/>
  </testcase> <!-- @BeforeMethod beforeTest -->
  <testcase name="@AfterMethod closeBrowser" time="0.0" classname="Friends.UnfollowFriends">
    <skipped/>
  </testcase> <!-- @AfterMethod closeBrowser -->
  <testcase name="@BeforeMethod beforeTest" time="0.0" classname="Survey.SurveywithInvalidData">
    <skipped/>
  </testcase> <!-- @BeforeMethod beforeTest -->
  <testcase name="@AfterMethod closeBrowser" time="0.0" classname="Survey.SurveywithInvalidData">
    <skipped/>
  </testcase> <!-- @AfterMethod closeBrowser -->
  <testcase name="@BeforeMethod beforeTest" time="0.0" classname="Survey.SurveywithInvalidData">
    <skipped/>
  </testcase> <!-- @BeforeMethod beforeTest -->
  <testcase name="@AfterMethod closeBrowser" time="0.0" classname="Survey.SurveywithInvalidData">
    <skipped/>
  </testcase> <!-- @AfterMethod closeBrowser -->
  <testcase name="@BeforeMethod beforeTest" time="0.0" classname="Survey.SurveywithInvalidData">
    <skipped/>
  </testcase> <!-- @BeforeMethod beforeTest -->
  <testcase name="@AfterMethod closeBrowser" time="0.0" classname="Survey.SurveywithInvalidData">
    <skipped/>
  </testcase> <!-- @AfterMethod closeBrowser -->
  <testcase name="@BeforeMethod beforeTest" time="0.0" classname="Survey.SurveyWithValidData">
    <skipped/>
  </testcase> <!-- @BeforeMethod beforeTest -->
  <testcase name="@AfterMethod closeBrowser" time="0.0" classname="Survey.SurveyWithValidData">
    <skipped/>
  </testcase> <!-- @AfterMethod closeBrowser -->
  <testcase name="@BeforeMethod beforeTest" time="0.0" classname="Survey.SurveyWithValidData">
    <skipped/>
  </testcase> <!-- @BeforeMethod beforeTest -->
  <testcase name="@AfterMethod closeBrowser" time="0.0" classname="Survey.SurveyWithValidData">
    <skipped/>
  </testcase> <!-- @AfterMethod closeBrowser -->
  <testcase name="@BeforeMethod beforeTest" time="0.0" classname="Survey.SurveyWithValidData">
    <skipped/>
  </testcase> <!-- @BeforeMethod beforeTest -->
  <testcase name="@AfterMethod closeBrowser" time="0.0" classname="Survey.SurveyWithValidData">
    <skipped/>
  </testcase> <!-- @AfterMethod closeBrowser -->
  <testcase name="@BeforeMethod beforeTest" time="0.0" classname="Survey.AnswerSurvey">
    <skipped/>
  </testcase> <!-- @BeforeMethod beforeTest -->
  <testcase name="@AfterMethod closeBrowser" time="0.0" classname="Survey.AnswerSurvey">
    <skipped/>
  </testcase> <!-- @AfterMethod closeBrowser -->
  <testcase name="@BeforeMethod beforeTest" time="0.0" classname="Survey.AnswerSurvey">
    <skipped/>
  </testcase> <!-- @BeforeMethod beforeTest -->
  <testcase name="@AfterMethod closeBrowser" time="0.0" classname="Survey.AnswerSurvey">
    <skipped/>
  </testcase> <!-- @AfterMethod closeBrowser -->
  <testcase name="@BeforeMethod beforeTest" time="0.0" classname="Survey.AnswerSurvey">
    <skipped/>
  </testcase> <!-- @BeforeMethod beforeTest -->
  <testcase name="@AfterMethod closeBrowser" time="0.0" classname="Survey.AnswerSurvey">
    <skipped/>
  </testcase> <!-- @AfterMethod closeBrowser -->
  <testcase name="@BeforeMethod beforeTest" time="0.0" classname="Screenshot.EmailInboxScreenshot">
    <skipped/>
  </testcase> <!-- @BeforeMethod beforeTest -->
  <testcase name="@AfterMethod closeBrowser" time="0.0" classname="Screenshot.EmailInboxScreenshot">
    <skipped/>
  </testcase> <!-- @AfterMethod closeBrowser -->
  <testcase name="@BeforeMethod beforeTest" time="0.0" classname="Screenshot.EmailInboxScreenshot">
    <skipped/>
  </testcase> <!-- @BeforeMethod beforeTest -->
  <testcase name="@AfterMethod closeBrowser" time="0.0" classname="Screenshot.EmailInboxScreenshot">
    <skipped/>
  </testcase> <!-- @AfterMethod closeBrowser -->
  <testcase name="@BeforeMethod beforeTest" time="0.0" classname="Screenshot.EmailInboxScreenshot">
    <skipped/>
  </testcase> <!-- @BeforeMethod beforeTest -->
  <testcase name="@AfterMethod closeBrowser" time="0.0" classname="Screenshot.EmailInboxScreenshot">
    <skipped/>
  </testcase> <!-- @AfterMethod closeBrowser -->
  <testcase name="@BeforeMethod beforeTest" time="0.0" classname="Survey.SurveyDownload">
    <skipped/>
  </testcase> <!-- @BeforeMethod beforeTest -->
  <testcase name="@AfterMethod closeBrowser" time="0.0" classname="Survey.SurveyDownload">
    <skipped/>
  </testcase> <!-- @AfterMethod closeBrowser -->
  <testcase name="@BeforeMethod beforeTest" time="0.0" classname="Survey.SurveyDownload">
    <skipped/>
  </testcase> <!-- @BeforeMethod beforeTest -->
  <testcase name="@AfterMethod closeBrowser" time="0.0" classname="Survey.SurveyDownload">
    <skipped/>
  </testcase> <!-- @AfterMethod closeBrowser -->
  <testcase name="@BeforeMethod beforeTest" time="0.0" classname="Survey.SurveyDownload">
    <skipped/>
  </testcase> <!-- @BeforeMethod beforeTest -->
  <testcase name="@AfterMethod closeBrowser" time="0.0" classname="Survey.SurveyDownload">
    <skipped/>
  </testcase> <!-- @AfterMethod closeBrowser -->
  <testcase name="@BeforeMethod beforeTest" time="0.0" classname="GeneralFunctions.ChangePw">
    <skipped/>
  </testcase> <!-- @BeforeMethod beforeTest -->
  <testcase name="@AfterMethod closeBrowser" time="0.0" classname="GeneralFunctions.ChangePw">
    <skipped/>
  </testcase> <!-- @AfterMethod closeBrowser -->
  <testcase name="@BeforeMethod beforeTest" time="0.0" classname="GeneralFunctions.ChangePw">
    <skipped/>
  </testcase> <!-- @BeforeMethod beforeTest -->
  <testcase name="@AfterMethod closeBrowser" time="0.0" classname="GeneralFunctions.ChangePw">
    <skipped/>
  </testcase> <!-- @AfterMethod closeBrowser -->
  <testcase name="@BeforeMethod beforeTest" time="0.0" classname="GeneralFunctions.ChangePw">
    <skipped/>
  </testcase> <!-- @BeforeMethod beforeTest -->
  <testcase name="@AfterMethod closeBrowser" time="0.0" classname="GeneralFunctions.ChangePw">
    <skipped/>
  </testcase> <!-- @AfterMethod closeBrowser -->
  <testcase name="testfeedbackinv" time="109.665" classname="Feedback.feedbackinv"/>
  <testcase name="testfeedbackinv" time="101.568" classname="Feedback.feedbackinv"/>
  <testcase name="testfeedbackinv" time="103.438" classname="Feedback.feedbackinv"/>
  <testcase name="testFeedbackVal" time="25.919" classname="Feedback.FeedbackVal"/>
  <testcase name="testFeedbackVal" time="23.633" classname="Feedback.FeedbackVal"/>
  <testcase name="testFeedbackVal" time="23.663" classname="Feedback.FeedbackVal"/>
  <testcase name="Test" time="20.014" classname="Feedback.AnswerPrivateFeedback"/>
  <testcase name="Test" time="18.835" classname="Feedback.AnswerPrivateFeedback"/>
  <testcase name="Test" time="22.029" classname="Feedback.AnswerPrivateFeedback"/>
  <testcase name="Test" time="23.748" classname="Feedback.CommentPrivateFeedback">
    <failure type="org.openqa.selenium.ElementNotVisibleException" message="Cannot click on element (WARNING: The server did not provide any stacktrace information)
Command duration or timeout: 126 milliseconds
Build info: version: &amp;apos;2.43.1&amp;apos;, revision: &amp;apos;5163bceef1bc36d43f3dc0b83c88998168a363a0&amp;apos;, time: &amp;apos;2014-09-10 09:43:55&amp;apos;
System info: host: &amp;apos;Madis-PC&amp;apos;, ip: &amp;apos;192.168.0.109&amp;apos;, os.name: &amp;apos;Windows 7&amp;apos;, os.arch: &amp;apos;amd64&amp;apos;, os.version: &amp;apos;6.1&amp;apos;, java.version: &amp;apos;1.8.0_20&amp;apos;
Driver info: org.openqa.selenium.ie.InternetExplorerDriver
Capabilities [{browserAttachTimeout=0, enablePersistentHover=true, ie.forceCreateProcessApi=false, ie.usePerProcessProxy=false, ignoreZoomSetting=false, handlesAlerts=true, version=11, platform=WINDOWS, nativeEvents=true, ie.ensureCleanSession=true, elementScrollBehavior=0, ie.browserCommandLineSwitches=, requireWindowFocus=false, browserName=internet explorer, initialBrowserUrl=http://localhost:24424/, takesScreenshot=true, javascriptEnabled=true, ignoreProtectedModeSettings=false, enableElementCacheCleanup=true, cssSelectorsEnabled=true, unexpectedAlertBehaviour=dismiss}]
Session ID: 7a8b02f0-4905-4998-b7b8-e9a21ee41041">
      <![CDATA[org.openqa.selenium.ElementNotVisibleException: Cannot click on element (WARNING: The server did not provide any stacktrace information)
Command duration or timeout: 126 milliseconds
Build info: version: '2.43.1', revision: '5163bceef1bc36d43f3dc0b83c88998168a363a0', time: '2014-09-10 09:43:55'
System info: host: 'Madis-PC', ip: '192.168.0.109', os.name: 'Windows 7', os.arch: 'amd64', os.version: '6.1', java.version: '1.8.0_20'
Driver info: org.openqa.selenium.ie.InternetExplorerDriver
Capabilities [{browserAttachTimeout=0, enablePersistentHover=true, ie.forceCreateProcessApi=false, ie.usePerProcessProxy=false, ignoreZoomSetting=false, handlesAlerts=true, version=11, platform=WINDOWS, nativeEvents=true, ie.ensureCleanSession=true, elementScrollBehavior=0, ie.browserCommandLineSwitches=, requireWindowFocus=false, browserName=internet explorer, initialBrowserUrl=http://localhost:24424/, takesScreenshot=true, javascriptEnabled=true, ignoreProtectedModeSettings=false, enableElementCacheCleanup=true, cssSelectorsEnabled=true, unexpectedAlertBehaviour=dismiss}]
Session ID: 7a8b02f0-4905-4998-b7b8-e9a21ee41041
	at org.openqa.selenium.remote.ErrorHandler.createThrowable(ErrorHandler.java:204)
	at org.openqa.selenium.remote.ErrorHandler.throwIfResponseFailed(ErrorHandler.java:156)
	at org.openqa.selenium.remote.RemoteWebDriver.execute(RemoteWebDriver.java:599)
	at org.openqa.selenium.remote.RemoteWebElement.execute(RemoteWebElement.java:268)
	at org.openqa.selenium.remote.RemoteWebElement.click(RemoteWebElement.java:79)
	at Feedback.CommentPrivateFeedback.Test(CommentPrivateFeedback.java:39)
... Removed 31 stack frames]]>
    </failure>
  </testcase> <!-- Test -->
  <testcase name="Test" time="0.0" classname="Feedback.CommentPrivateFeedback">
    <skipped/>
  </testcase> <!-- Test -->
  <testcase name="Test" time="0.0" classname="Feedback.CommentPrivateFeedback">
    <skipped/>
  </testcase> <!-- Test -->
  <testcase name="TestFeedbackPublic" time="0.0" classname="Feedback.MakeFeedbackPublic">
    <skipped/>
  </testcase> <!-- TestFeedbackPublic -->
  <testcase name="TestFeedbackPublic" time="0.0" classname="Feedback.MakeFeedbackPublic">
    <skipped/>
  </testcase> <!-- TestFeedbackPublic -->
  <testcase name="TestFeedbackPublic" time="0.0" classname="Feedback.MakeFeedbackPublic">
    <skipped/>
  </testcase> <!-- TestFeedbackPublic -->
  <testcase name="TestAnswerFeedback" time="0.0" classname="Feedback.AnswerFeedback">
    <skipped/>
  </testcase> <!-- TestAnswerFeedback -->
  <testcase name="TestAnswerFeedback" time="0.0" classname="Feedback.AnswerFeedback">
    <skipped/>
  </testcase> <!-- TestAnswerFeedback -->
  <testcase name="TestAnswerFeedback" time="0.001" classname="Feedback.AnswerFeedback">
    <skipped/>
  </testcase> <!-- TestAnswerFeedback -->
  <testcase name="TestCommentPublicFeedback" time="0.0" classname="Feedback.CommentPublicFeedback">
    <skipped/>
  </testcase> <!-- TestCommentPublicFeedback -->
  <testcase name="TestCommentPublicFeedback" time="0.0" classname="Feedback.CommentPublicFeedback">
    <skipped/>
  </testcase> <!-- TestCommentPublicFeedback -->
  <testcase name="TestCommentPublicFeedback" time="0.0" classname="Feedback.CommentPublicFeedback">
    <skipped/>
  </testcase> <!-- TestCommentPublicFeedback -->
  <testcase name="TestCommentPublicFeedbackNotLoggedin" time="0.001" classname="Feedback.CommentPublicFeedbackNotLoggedin">
    <skipped/>
  </testcase> <!-- TestCommentPublicFeedbackNotLoggedin -->
  <testcase name="TestCommentPublicFeedbackNotLoggedin" time="0.0" classname="Feedback.CommentPublicFeedbackNotLoggedin">
    <skipped/>
  </testcase> <!-- TestCommentPublicFeedbackNotLoggedin -->
  <testcase name="TestCommentPublicFeedbackNotLoggedin" time="0.001" classname="Feedback.CommentPublicFeedbackNotLoggedin">
    <skipped/>
  </testcase> <!-- TestCommentPublicFeedbackNotLoggedin -->
  <testcase name="S천pradeJ채lgimine" time="0.001" classname="Friends.FollowFriends">
    <skipped/>
  </testcase> <!-- S천pradeJ채lgimine -->
  <testcase name="TestFriendsFeedback" time="0.0" classname="Friends.FriendsFeedback">
    <skipped/>
  </testcase> <!-- TestFriendsFeedback -->
  <testcase name="TestFriendsFeedback" time="0.0" classname="Friends.FriendsFeedback">
    <skipped/>
  </testcase> <!-- TestFriendsFeedback -->
  <testcase name="TestFriendsFeedback" time="0.002" classname="Friends.FriendsFeedback">
    <skipped/>
  </testcase> <!-- TestFriendsFeedback -->
  <testcase name="StopFollowing" time="0.0" classname="Friends.UnfollowFriends">
    <skipped/>
  </testcase> <!-- StopFollowing -->
  <testcase name="TestSurveywithInvalid" time="0.0" classname="Survey.SurveywithInvalidData">
    <skipped/>
  </testcase> <!-- TestSurveywithInvalid -->
  <testcase name="TestSurveywithInvalid" time="0.0" classname="Survey.SurveywithInvalidData">
    <skipped/>
  </testcase> <!-- TestSurveywithInvalid -->
  <testcase name="TestSurveywithInvalid" time="0.0" classname="Survey.SurveywithInvalidData">
    <skipped/>
  </testcase> <!-- TestSurveywithInvalid -->
  <testcase name="TestSurveywithvalidData" time="0.0" classname="Survey.SurveyWithValidData">
    <skipped/>
  </testcase> <!-- TestSurveywithvalidData -->
  <testcase name="TestSurveywithvalidData" time="0.001" classname="Survey.SurveyWithValidData">
    <skipped/>
  </testcase> <!-- TestSurveywithvalidData -->
  <testcase name="TestSurveywithvalidData" time="0.0" classname="Survey.SurveyWithValidData">
    <skipped/>
  </testcase> <!-- TestSurveywithvalidData -->
  <testcase name="TestSurveyAnswer" time="0.0" classname="Survey.AnswerSurvey">
    <skipped/>
  </testcase> <!-- TestSurveyAnswer -->
  <testcase name="TestSurveyAnswer" time="0.0" classname="Survey.AnswerSurvey">
    <skipped/>
  </testcase> <!-- TestSurveyAnswer -->
  <testcase name="TestSurveyAnswer" time="0.0" classname="Survey.AnswerSurvey">
    <skipped/>
  </testcase> <!-- TestSurveyAnswer -->
  <testcase name="TakeScreenshot" time="0.0" classname="Screenshot.EmailInboxScreenshot">
    <skipped/>
  </testcase> <!-- TakeScreenshot -->
  <testcase name="TakeScreenshot" time="0.0" classname="Screenshot.EmailInboxScreenshot">
    <skipped/>
  </testcase> <!-- TakeScreenshot -->
  <testcase name="TakeScreenshot" time="0.0" classname="Screenshot.EmailInboxScreenshot">
    <skipped/>
  </testcase> <!-- TakeScreenshot -->
  <testcase name="TestSurveyDownload" time="0.001" classname="Survey.SurveyDownload">
    <skipped/>
  </testcase> <!-- TestSurveyDownload -->
  <testcase name="TestSurveyDownload" time="0.0" classname="Survey.SurveyDownload">
    <skipped/>
  </testcase> <!-- TestSurveyDownload -->
  <testcase name="TestSurveyDownload" time="0.0" classname="Survey.SurveyDownload">
    <skipped/>
  </testcase> <!-- TestSurveyDownload -->
  <testcase name="TestChangePw" time="0.0" classname="GeneralFunctions.ChangePw">
    <skipped/>
  </testcase> <!-- TestChangePw -->
  <testcase name="TestChangePw" time="0.0" classname="GeneralFunctions.ChangePw">
    <skipped/>
  </testcase> <!-- TestChangePw -->
  <testcase name="TestChangePw" time="0.0" classname="GeneralFunctions.ChangePw">
    <skipped/>
  </testcase> <!-- TestChangePw -->
</testsuite> <!-- IE kask6intundubkorras -->
