<?xml version="1.0" encoding="UTF-8"?>
<!-- Generated by org.testng.reporters.JUnitXMLReporter -->
<testsuite hostname="Madis-PC" name="IE kask6intundubkorras" tests="9" failures="0" timestamp="26 Nov 2014 14:10:35 GMT" time="884.992" errors="0">
  <testcase name="testFrontpagereg" time="165.318" classname="sayatme.Registration.Frontpagereg"/>
  <testcase name="testFrontpagereg" time="163.004" classname="sayatme.Registration.Frontpagereg"/>
  <testcase name="testFrontpagereg" time="162.966" classname="sayatme.Registration.Frontpagereg"/>
  <testcase name="testProfileRegInv" time="31.873" classname="sayatme.Registration.ProfileRegInv"/>
  <testcase name="testProfileRegInv" time="30.432" classname="sayatme.Registration.ProfileRegInv"/>
  <testcase name="testProfileRegInv" time="30.39" classname="sayatme.Registration.ProfileRegInv"/>
  <testcase name="testFeedbackRegInval" time="67.824" classname="sayatme.Registration.FeedbackRegInval"/>
  <testcase name="testFeedbackRegInval" time="74.061" classname="sayatme.Registration.FeedbackRegInval"/>
  <testcase name="testFeedbackRegInval" time="66.848" classname="sayatme.Registration.FeedbackRegInval"/>
</testsuite> <!-- IE kask6intundubkorras -->
