<?xml version="1.0" encoding="UTF-8"?>
<testng-results skipped="13" failed="15" total="47" passed="19">
  <reporter-output>
  </reporter-output>
  <suite name="Suite" duration-ms="890656" started-at="2014-11-24T13:09:15Z" finished-at="2014-11-24T13:24:06Z">
    <groups>
    </groups>
    <test name="chrome kask6intundubkorras" duration-ms="890491" started-at="2014-11-24T13:09:15Z" finished-at="2014-11-24T13:24:06Z">
      <class name="Survey.AnswerSurvey">
        <test-method status="PASS" signature="beforeTest(java.lang.String)[pri:0, instance:Survey.AnswerSurvey@3f2a3a5]" name="beforeTest" is-config="true" duration-ms="2531" started-at="2014-11-24T15:22:33Z" finished-at="2014-11-24T15:22:36Z">
          <params>
            <param index="0">
              <value>
                <![CDATA[chromekorras]]>
              </value>
            </param>
          </params>
          <reporter-output>
          </reporter-output>
        </test-method> <!-- beforeTest -->
        <test-method status="FAIL" signature="TestSurveyAnswer(java.lang.String, java.lang.String, java.lang.String, java.lang.String, java.lang.String, java.lang.String, java.lang.String, java.lang.String, java.lang.String, java.lang.String, java.lang.String, java.lang.String, java.lang.String)[pri:0, instance:Survey.AnswerSurvey@3f2a3a5]" name="TestSurveyAnswer" duration-ms="32108" started-at="2014-11-24T15:22:36Z" data-provider="AnsweringSurvey" finished-at="2014-11-24T15:23:08Z">
          <params>
            <param index="0">
              <value>
                <![CDATA[tavalinetont27]]>
              </value>
            </param>
            <param index="1">
              <value>
                <![CDATA[testime11]]>
              </value>
            </param>
            <param index="2">
              <value>
                <![CDATA[Tavaline]]>
              </value>
            </param>
            <param index="3">
              <value>
                <![CDATA[Kas see on tavaline küsitlius]]>
              </value>
            </param>
            <param index="4">
              <value>
                <![CDATA[Tundub täiesti tavaline]]>
              </value>
            </param>
            <param index="5">
              <value>
                <![CDATA[Mis meeldib mulle]]>
              </value>
            </param>
            <param index="6">
              <value>
                <![CDATA[Tavalised asjad]]>
              </value>
            </param>
            <param index="7">
              <value>
                <![CDATA[Action]]>
              </value>
            </param>
            <param index="8">
              <value>
                <![CDATA[Draama]]>
              </value>
            </param>
            <param index="9">
              <value>
                <![CDATA[Õnnenumbrid on mul]]>
              </value>
            </param>
            <param index="10">
              <value>
                <![CDATA[Kolmteist]]>
              </value>
            </param>
            <param index="11">
              <value>
                <![CDATA[Seitse]]>
              </value>
            </param>
            <param index="12">
              <value>
                <![CDATA[Üks]]>
              </value>
            </param>
          </params>
          <exception class="org.openqa.selenium.NoSuchElementException">
            <message>
              <![CDATA[no such element
  (Session info: chrome=38.0.2125.111)
  (Driver info: chromedriver=2.8.241075,platform=Windows NT 6.1 SP1 x86_64) (WARNING: The server did not provide any stacktrace information)
Command duration or timeout: 30.02 seconds
For documentation on this error, please visit: http://seleniumhq.org/exceptions/no_such_element.html
Build info: version: '2.43.1', revision: '5163bceef1bc36d43f3dc0b83c88998168a363a0', time: '2014-09-10 09:43:55'
System info: host: 'Madis-PC', ip: '192.168.0.109', os.name: 'Windows 7', os.arch: 'amd64', os.version: '6.1', java.version: '1.8.0_20'
Driver info: org.openqa.selenium.chrome.ChromeDriver
Capabilities [{applicationCacheEnabled=false, rotatable=false, chrome={userDataDir=C:\Users\Madis\AppData\Local\Temp\scoped_dir3432_31414}, takesHeapSnapshot=true, databaseEnabled=false, handlesAlerts=true, version=38.0.2125.111, platform=XP, browserConnectionEnabled=false, nativeEvents=true, acceptSslCerts=true, locationContextEnabled=true, webStorageEnabled=true, browserName=chrome, takesScreenshot=true, javascriptEnabled=true, cssSelectorsEnabled=true}]
Session ID: 985ec88ba43fefc1e02065319cf3d2d9]]>
            </message>
            <full-stacktrace>
              <![CDATA[org.openqa.selenium.NoSuchElementException: no such element
  (Session info: chrome=38.0.2125.111)
  (Driver info: chromedriver=2.8.241075,platform=Windows NT 6.1 SP1 x86_64) (WARNING: The server did not provide any stacktrace information)
Command duration or timeout: 30.02 seconds
For documentation on this error, please visit: http://seleniumhq.org/exceptions/no_such_element.html
Build info: version: '2.43.1', revision: '5163bceef1bc36d43f3dc0b83c88998168a363a0', time: '2014-09-10 09:43:55'
System info: host: 'Madis-PC', ip: '192.168.0.109', os.name: 'Windows 7', os.arch: 'amd64', os.version: '6.1', java.version: '1.8.0_20'
Driver info: org.openqa.selenium.chrome.ChromeDriver
Capabilities [{applicationCacheEnabled=false, rotatable=false, chrome={userDataDir=C:\Users\Madis\AppData\Local\Temp\scoped_dir3432_31414}, takesHeapSnapshot=true, databaseEnabled=false, handlesAlerts=true, version=38.0.2125.111, platform=XP, browserConnectionEnabled=false, nativeEvents=true, acceptSslCerts=true, locationContextEnabled=true, webStorageEnabled=true, browserName=chrome, takesScreenshot=true, javascriptEnabled=true, cssSelectorsEnabled=true}]
Session ID: 985ec88ba43fefc1e02065319cf3d2d9
	at sun.reflect.NativeConstructorAccessorImpl.newInstance0(Native Method)
	at sun.reflect.NativeConstructorAccessorImpl.newInstance(Unknown Source)
	at sun.reflect.DelegatingConstructorAccessorImpl.newInstance(Unknown Source)
	at java.lang.reflect.Constructor.newInstance(Unknown Source)
	at org.openqa.selenium.remote.ErrorHandler.createThrowable(ErrorHandler.java:204)
	at org.openqa.selenium.remote.ErrorHandler.throwIfResponseFailed(ErrorHandler.java:156)
	at org.openqa.selenium.remote.RemoteWebDriver.execute(RemoteWebDriver.java:599)
	at org.openqa.selenium.remote.RemoteWebDriver.findElement(RemoteWebDriver.java:352)
	at org.openqa.selenium.remote.RemoteWebDriver.findElementByCssSelector(RemoteWebDriver.java:441)
	at org.openqa.selenium.By$ByCssSelector.findElement(By.java:425)
	at org.openqa.selenium.remote.RemoteWebDriver.findElement(RemoteWebDriver.java:344)
	at PageObjects.Profile.ProfileKysitlused(Profile.java:147)
	at Survey.AnswerSurvey.TestSurveyAnswer(AnswerSurvey.java:19)
	at sun.reflect.NativeMethodAccessorImpl.invoke0(Native Method)
	at sun.reflect.NativeMethodAccessorImpl.invoke(Unknown Source)
	at sun.reflect.DelegatingMethodAccessorImpl.invoke(Unknown Source)
	at java.lang.reflect.Method.invoke(Unknown Source)
	at org.testng.internal.MethodInvocationHelper.invokeMethod(MethodInvocationHelper.java:84)
	at org.testng.internal.Invoker.invokeMethod(Invoker.java:714)
	at org.testng.internal.Invoker.invokeTestMethod(Invoker.java:901)
	at org.testng.internal.Invoker.invokeTestMethods(Invoker.java:1231)
	at org.testng.internal.TestMethodWorker.invokeTestMethods(TestMethodWorker.java:127)
	at org.testng.internal.TestMethodWorker.run(TestMethodWorker.java:111)
	at org.testng.TestRunner.privateRun(TestRunner.java:767)
	at org.testng.TestRunner.run(TestRunner.java:617)
	at org.testng.SuiteRunner.runTest(SuiteRunner.java:348)
	at org.testng.SuiteRunner.runSequentially(SuiteRunner.java:343)
	at org.testng.SuiteRunner.privateRun(SuiteRunner.java:305)
	at org.testng.SuiteRunner.run(SuiteRunner.java:254)
	at org.testng.SuiteRunnerWorker.runSuite(SuiteRunnerWorker.java:52)
	at org.testng.SuiteRunnerWorker.run(SuiteRunnerWorker.java:86)
	at org.testng.TestNG.runSuitesSequentially(TestNG.java:1224)
	at org.testng.TestNG.runSuitesLocally(TestNG.java:1149)
	at org.testng.TestNG.run(TestNG.java:1057)
	at org.apache.maven.surefire.testng.TestNGExecutor.run(TestNGExecutor.java:295)
	at org.apache.maven.surefire.testng.TestNGXmlTestSuite.execute(TestNGXmlTestSuite.java:84)
	at org.apache.maven.surefire.testng.TestNGProvider.invoke(TestNGProvider.java:90)
	at org.apache.maven.surefire.booter.ForkedBooter.invokeProviderInSameClassLoader(ForkedBooter.java:203)
	at org.apache.maven.surefire.booter.ForkedBooter.runSuitesInProcess(ForkedBooter.java:155)
	at org.apache.maven.surefire.booter.ForkedBooter.main(ForkedBooter.java:103)
]]>
            </full-stacktrace>
          </exception> <!-- org.openqa.selenium.NoSuchElementException -->
          <reporter-output>
          </reporter-output>
        </test-method> <!-- TestSurveyAnswer -->
        <test-method status="PASS" signature="closeBrowser()[pri:0, instance:Survey.AnswerSurvey@3f2a3a5]" name="closeBrowser" is-config="true" duration-ms="2490" started-at="2014-11-24T15:23:08Z" finished-at="2014-11-24T15:23:10Z">
          <reporter-output>
          </reporter-output>
        </test-method> <!-- closeBrowser -->
        <test-method status="PASS" signature="beforeTest(java.lang.String)[pri:0, instance:Survey.AnswerSurvey@3f2a3a5]" name="beforeTest" is-config="true" duration-ms="2750" started-at="2014-11-24T15:23:10Z" finished-at="2014-11-24T15:23:13Z">
          <params>
            <param index="0">
              <value>
                <![CDATA[chromekorras]]>
              </value>
            </param>
          </params>
          <reporter-output>
          </reporter-output>
        </test-method> <!-- beforeTest -->
        <test-method status="FAIL" signature="TestSurveyAnswer(java.lang.String, java.lang.String, java.lang.String, java.lang.String, java.lang.String, java.lang.String, java.lang.String, java.lang.String, java.lang.String, java.lang.String, java.lang.String, java.lang.String, java.lang.String)[pri:0, instance:Survey.AnswerSurvey@3f2a3a5]" name="TestSurveyAnswer" duration-ms="31992" started-at="2014-11-24T15:23:13Z" data-provider="AnsweringSurvey" finished-at="2014-11-24T15:23:45Z">
          <params>
            <param index="0">
              <value>
                <![CDATA[puhtaloom27]]>
              </value>
            </param>
            <param index="1">
              <value>
                <![CDATA[testime11]]>
              </value>
            </param>
            <param index="2">
              <value>
                <![CDATA[Loomaed]]>
              </value>
            </param>
            <param index="3">
              <value>
                <![CDATA[Kas Loomaias on loomi? Põhjenda?]]>
              </value>
            </param>
            <param index="4">
              <value>
                <![CDATA[Jah. Sest seda kutsutakse aiaks kus elavad loomad]]>
              </value>
            </param>
            <param index="5">
              <value>
                <![CDATA[Keda leidub loomaaias]]>
              </value>
            </param>
            <param index="6">
              <value>
                <![CDATA[gorilla]]>
              </value>
            </param>
            <param index="7">
              <value>
                <![CDATA[mammut]]>
              </value>
            </param>
            <param index="8">
              <value>
                <![CDATA[yeti]]>
              </value>
            </param>
            <param index="9">
              <value>
                <![CDATA[Mis loomad on mul kodus elanud]]>
              </value>
            </param>
            <param index="10">
              <value>
                <![CDATA[kassid]]>
              </value>
            </param>
            <param index="11">
              <value>
                <![CDATA[tsintsilja]]>
              </value>
            </param>
            <param index="12">
              <value>
                <![CDATA[tiiger]]>
              </value>
            </param>
          </params>
          <exception class="org.openqa.selenium.NoSuchElementException">
            <message>
              <![CDATA[no such element
  (Session info: chrome=38.0.2125.111)
  (Driver info: chromedriver=2.8.241075,platform=Windows NT 6.1 SP1 x86_64) (WARNING: The server did not provide any stacktrace information)
Command duration or timeout: 30.06 seconds
For documentation on this error, please visit: http://seleniumhq.org/exceptions/no_such_element.html
Build info: version: '2.43.1', revision: '5163bceef1bc36d43f3dc0b83c88998168a363a0', time: '2014-09-10 09:43:55'
System info: host: 'Madis-PC', ip: '192.168.0.109', os.name: 'Windows 7', os.arch: 'amd64', os.version: '6.1', java.version: '1.8.0_20'
Driver info: org.openqa.selenium.chrome.ChromeDriver
Capabilities [{applicationCacheEnabled=false, rotatable=false, chrome={userDataDir=C:\Users\Madis\AppData\Local\Temp\scoped_dir10288_24591}, takesHeapSnapshot=true, databaseEnabled=false, handlesAlerts=true, version=38.0.2125.111, platform=XP, browserConnectionEnabled=false, nativeEvents=true, acceptSslCerts=true, locationContextEnabled=true, webStorageEnabled=true, browserName=chrome, takesScreenshot=true, javascriptEnabled=true, cssSelectorsEnabled=true}]
Session ID: f7fab88ec3c9166e1814bf885d60fd11]]>
            </message>
            <full-stacktrace>
              <![CDATA[org.openqa.selenium.NoSuchElementException: no such element
  (Session info: chrome=38.0.2125.111)
  (Driver info: chromedriver=2.8.241075,platform=Windows NT 6.1 SP1 x86_64) (WARNING: The server did not provide any stacktrace information)
Command duration or timeout: 30.06 seconds
For documentation on this error, please visit: http://seleniumhq.org/exceptions/no_such_element.html
Build info: version: '2.43.1', revision: '5163bceef1bc36d43f3dc0b83c88998168a363a0', time: '2014-09-10 09:43:55'
System info: host: 'Madis-PC', ip: '192.168.0.109', os.name: 'Windows 7', os.arch: 'amd64', os.version: '6.1', java.version: '1.8.0_20'
Driver info: org.openqa.selenium.chrome.ChromeDriver
Capabilities [{applicationCacheEnabled=false, rotatable=false, chrome={userDataDir=C:\Users\Madis\AppData\Local\Temp\scoped_dir10288_24591}, takesHeapSnapshot=true, databaseEnabled=false, handlesAlerts=true, version=38.0.2125.111, platform=XP, browserConnectionEnabled=false, nativeEvents=true, acceptSslCerts=true, locationContextEnabled=true, webStorageEnabled=true, browserName=chrome, takesScreenshot=true, javascriptEnabled=true, cssSelectorsEnabled=true}]
Session ID: f7fab88ec3c9166e1814bf885d60fd11
	at sun.reflect.NativeConstructorAccessorImpl.newInstance0(Native Method)
	at sun.reflect.NativeConstructorAccessorImpl.newInstance(Unknown Source)
	at sun.reflect.DelegatingConstructorAccessorImpl.newInstance(Unknown Source)
	at java.lang.reflect.Constructor.newInstance(Unknown Source)
	at org.openqa.selenium.remote.ErrorHandler.createThrowable(ErrorHandler.java:204)
	at org.openqa.selenium.remote.ErrorHandler.throwIfResponseFailed(ErrorHandler.java:156)
	at org.openqa.selenium.remote.RemoteWebDriver.execute(RemoteWebDriver.java:599)
	at org.openqa.selenium.remote.RemoteWebDriver.findElement(RemoteWebDriver.java:352)
	at org.openqa.selenium.remote.RemoteWebDriver.findElementByCssSelector(RemoteWebDriver.java:441)
	at org.openqa.selenium.By$ByCssSelector.findElement(By.java:425)
	at org.openqa.selenium.remote.RemoteWebDriver.findElement(RemoteWebDriver.java:344)
	at PageObjects.Profile.ProfileKysitlused(Profile.java:147)
	at Survey.AnswerSurvey.TestSurveyAnswer(AnswerSurvey.java:19)
	at sun.reflect.NativeMethodAccessorImpl.invoke0(Native Method)
	at sun.reflect.NativeMethodAccessorImpl.invoke(Unknown Source)
	at sun.reflect.DelegatingMethodAccessorImpl.invoke(Unknown Source)
	at java.lang.reflect.Method.invoke(Unknown Source)
	at org.testng.internal.MethodInvocationHelper.invokeMethod(MethodInvocationHelper.java:84)
	at org.testng.internal.Invoker.invokeMethod(Invoker.java:714)
	at org.testng.internal.Invoker.invokeTestMethod(Invoker.java:901)
	at org.testng.internal.Invoker.invokeTestMethods(Invoker.java:1231)
	at org.testng.internal.TestMethodWorker.invokeTestMethods(TestMethodWorker.java:127)
	at org.testng.internal.TestMethodWorker.run(TestMethodWorker.java:111)
	at org.testng.TestRunner.privateRun(TestRunner.java:767)
	at org.testng.TestRunner.run(TestRunner.java:617)
	at org.testng.SuiteRunner.runTest(SuiteRunner.java:348)
	at org.testng.SuiteRunner.runSequentially(SuiteRunner.java:343)
	at org.testng.SuiteRunner.privateRun(SuiteRunner.java:305)
	at org.testng.SuiteRunner.run(SuiteRunner.java:254)
	at org.testng.SuiteRunnerWorker.runSuite(SuiteRunnerWorker.java:52)
	at org.testng.SuiteRunnerWorker.run(SuiteRunnerWorker.java:86)
	at org.testng.TestNG.runSuitesSequentially(TestNG.java:1224)
	at org.testng.TestNG.runSuitesLocally(TestNG.java:1149)
	at org.testng.TestNG.run(TestNG.java:1057)
	at org.apache.maven.surefire.testng.TestNGExecutor.run(TestNGExecutor.java:295)
	at org.apache.maven.surefire.testng.TestNGXmlTestSuite.execute(TestNGXmlTestSuite.java:84)
	at org.apache.maven.surefire.testng.TestNGProvider.invoke(TestNGProvider.java:90)
	at org.apache.maven.surefire.booter.ForkedBooter.invokeProviderInSameClassLoader(ForkedBooter.java:203)
	at org.apache.maven.surefire.booter.ForkedBooter.runSuitesInProcess(ForkedBooter.java:155)
	at org.apache.maven.surefire.booter.ForkedBooter.main(ForkedBooter.java:103)
]]>
            </full-stacktrace>
          </exception> <!-- org.openqa.selenium.NoSuchElementException -->
          <reporter-output>
          </reporter-output>
        </test-method> <!-- TestSurveyAnswer -->
        <test-method status="PASS" signature="closeBrowser()[pri:0, instance:Survey.AnswerSurvey@3f2a3a5]" name="closeBrowser" is-config="true" duration-ms="2486" started-at="2014-11-24T15:23:45Z" finished-at="2014-11-24T15:23:48Z">
          <reporter-output>
          </reporter-output>
        </test-method> <!-- closeBrowser -->
        <test-method status="PASS" signature="beforeTest(java.lang.String)[pri:0, instance:Survey.AnswerSurvey@3f2a3a5]" name="beforeTest" is-config="true" duration-ms="2576" started-at="2014-11-24T15:23:48Z" finished-at="2014-11-24T15:23:50Z">
          <params>
            <param index="0">
              <value>
                <![CDATA[chromekorras]]>
              </value>
            </param>
          </params>
          <reporter-output>
          </reporter-output>
        </test-method> <!-- beforeTest -->
        <test-method status="FAIL" signature="TestSurveyAnswer(java.lang.String, java.lang.String, java.lang.String, java.lang.String, java.lang.String, java.lang.String, java.lang.String, java.lang.String, java.lang.String, java.lang.String, java.lang.String, java.lang.String, java.lang.String)[pri:0, instance:Survey.AnswerSurvey@3f2a3a5]" name="TestSurveyAnswer" duration-ms="14960" started-at="2014-11-24T15:23:50Z" data-provider="AnsweringSurvey" finished-at="2014-11-24T15:24:05Z">
          <params>
            <param index="0">
              <value>
                <![CDATA[filmweird27]]>
              </value>
            </param>
            <param index="1">
              <value>
                <![CDATA[testime11]]>
              </value>
            </param>
            <param index="2">
              <value>
                <![CDATA[Filmid]]>
              </value>
            </param>
            <param index="3">
              <value>
                <![CDATA[Kas liiga palju järge on halb?]]>
              </value>
            </param>
            <param index="4">
              <value>
                <![CDATA[Kahjuks küll, kuid raha toovad nad sisse]]>
              </value>
            </param>
            <param index="5">
              <value>
                <![CDATA[Minu lemmikfilmi zanr]]>
              </value>
            </param>
            <param index="6">
              <value>
                <![CDATA[Comedy]]>
              </value>
            </param>
            <param index="7">
              <value>
                <![CDATA[Action]]>
              </value>
            </param>
            <param index="8">
              <value>
                <![CDATA[Draama]]>
              </value>
            </param>
            <param index="9">
              <value>
                <![CDATA[Minu lemmik filmid]]>
              </value>
            </param>
            <param index="10">
              <value>
                <![CDATA[Chinese Odyssey]]>
              </value>
            </param>
            <param index="11">
              <value>
                <![CDATA[Clerks]]>
              </value>
            </param>
            <param index="12">
              <value>
                <![CDATA[Tulnukas]]>
              </value>
            </param>
          </params>
          <exception class="java.lang.NullPointerException">
            <full-stacktrace>
              <![CDATA[java.lang.NullPointerException
	at Survey.AnswerSurvey.TestSurveyAnswer(AnswerSurvey.java:19)
	at sun.reflect.NativeMethodAccessorImpl.invoke0(Native Method)
	at sun.reflect.NativeMethodAccessorImpl.invoke(Unknown Source)
	at sun.reflect.DelegatingMethodAccessorImpl.invoke(Unknown Source)
	at java.lang.reflect.Method.invoke(Unknown Source)
	at org.testng.internal.MethodInvocationHelper.invokeMethod(MethodInvocationHelper.java:84)
	at org.testng.internal.Invoker.invokeMethod(Invoker.java:714)
	at org.testng.internal.Invoker.invokeTestMethod(Invoker.java:901)
	at org.testng.internal.Invoker.invokeTestMethods(Invoker.java:1231)
	at org.testng.internal.TestMethodWorker.invokeTestMethods(TestMethodWorker.java:127)
	at org.testng.internal.TestMethodWorker.run(TestMethodWorker.java:111)
	at org.testng.TestRunner.privateRun(TestRunner.java:767)
	at org.testng.TestRunner.run(TestRunner.java:617)
	at org.testng.SuiteRunner.runTest(SuiteRunner.java:348)
	at org.testng.SuiteRunner.runSequentially(SuiteRunner.java:343)
	at org.testng.SuiteRunner.privateRun(SuiteRunner.java:305)
	at org.testng.SuiteRunner.run(SuiteRunner.java:254)
	at org.testng.SuiteRunnerWorker.runSuite(SuiteRunnerWorker.java:52)
	at org.testng.SuiteRunnerWorker.run(SuiteRunnerWorker.java:86)
	at org.testng.TestNG.runSuitesSequentially(TestNG.java:1224)
	at org.testng.TestNG.runSuitesLocally(TestNG.java:1149)
	at org.testng.TestNG.run(TestNG.java:1057)
	at org.apache.maven.surefire.testng.TestNGExecutor.run(TestNGExecutor.java:295)
	at org.apache.maven.surefire.testng.TestNGXmlTestSuite.execute(TestNGXmlTestSuite.java:84)
	at org.apache.maven.surefire.testng.TestNGProvider.invoke(TestNGProvider.java:90)
	at org.apache.maven.surefire.booter.ForkedBooter.invokeProviderInSameClassLoader(ForkedBooter.java:203)
	at org.apache.maven.surefire.booter.ForkedBooter.runSuitesInProcess(ForkedBooter.java:155)
	at org.apache.maven.surefire.booter.ForkedBooter.main(ForkedBooter.java:103)
]]>
            </full-stacktrace>
          </exception> <!-- java.lang.NullPointerException -->
          <reporter-output>
          </reporter-output>
        </test-method> <!-- TestSurveyAnswer -->
        <test-method status="FAIL" signature="closeBrowser()[pri:0, instance:Survey.AnswerSurvey@3f2a3a5]" name="closeBrowser" is-config="true" duration-ms="0" started-at="2014-11-24T15:24:05Z" finished-at="2014-11-24T15:24:05Z">
          <exception class="org.openqa.selenium.WebDriverException">
            <message>
              <![CDATA[chrome not reachable
  (Session info: chrome=38.0.2125.111)
  (Driver info: chromedriver=2.8.241075,platform=Windows NT 6.1 SP1 x86_64) (WARNING: The server did not provide any stacktrace information)
Command duration or timeout: 260 milliseconds
Build info: version: '2.43.1', revision: '5163bceef1bc36d43f3dc0b83c88998168a363a0', time: '2014-09-10 09:43:55'
System info: host: 'Madis-PC', ip: '192.168.0.109', os.name: 'Windows 7', os.arch: 'amd64', os.version: '6.1', java.version: '1.8.0_20'
Driver info: org.openqa.selenium.chrome.ChromeDriver
Capabilities [{applicationCacheEnabled=false, rotatable=false, chrome={userDataDir=C:\Users\Madis\AppData\Local\Temp\scoped_dir11848_519}, takesHeapSnapshot=true, databaseEnabled=false, handlesAlerts=true, version=38.0.2125.111, platform=XP, browserConnectionEnabled=false, nativeEvents=true, acceptSslCerts=true, locationContextEnabled=true, webStorageEnabled=true, browserName=chrome, takesScreenshot=true, javascriptEnabled=true, cssSelectorsEnabled=true}]
Session ID: fabb13b57152c79a5cfb6b79e2936044]]>
            </message>
            <full-stacktrace>
              <![CDATA[org.openqa.selenium.WebDriverException: chrome not reachable
  (Session info: chrome=38.0.2125.111)
  (Driver info: chromedriver=2.8.241075,platform=Windows NT 6.1 SP1 x86_64) (WARNING: The server did not provide any stacktrace information)
Command duration or timeout: 260 milliseconds
Build info: version: '2.43.1', revision: '5163bceef1bc36d43f3dc0b83c88998168a363a0', time: '2014-09-10 09:43:55'
System info: host: 'Madis-PC', ip: '192.168.0.109', os.name: 'Windows 7', os.arch: 'amd64', os.version: '6.1', java.version: '1.8.0_20'
Driver info: org.openqa.selenium.chrome.ChromeDriver
Capabilities [{applicationCacheEnabled=false, rotatable=false, chrome={userDataDir=C:\Users\Madis\AppData\Local\Temp\scoped_dir11848_519}, takesHeapSnapshot=true, databaseEnabled=false, handlesAlerts=true, version=38.0.2125.111, platform=XP, browserConnectionEnabled=false, nativeEvents=true, acceptSslCerts=true, locationContextEnabled=true, webStorageEnabled=true, browserName=chrome, takesScreenshot=true, javascriptEnabled=true, cssSelectorsEnabled=true}]
Session ID: fabb13b57152c79a5cfb6b79e2936044
	at sun.reflect.NativeConstructorAccessorImpl.newInstance0(Native Method)
	at sun.reflect.NativeConstructorAccessorImpl.newInstance(Unknown Source)
	at sun.reflect.DelegatingConstructorAccessorImpl.newInstance(Unknown Source)
	at java.lang.reflect.Constructor.newInstance(Unknown Source)
	at org.openqa.selenium.remote.ErrorHandler.createThrowable(ErrorHandler.java:204)
	at org.openqa.selenium.remote.ErrorHandler.throwIfResponseFailed(ErrorHandler.java:156)
	at org.openqa.selenium.remote.RemoteWebDriver.execute(RemoteWebDriver.java:599)
	at org.openqa.selenium.remote.RemoteWebDriver.execute(RemoteWebDriver.java:614)
	at org.openqa.selenium.remote.RemoteWebDriver.close(RemoteWebDriver.java:463)
	at Utils.Browser.closeBrowser(Browser.java:174)
	at sun.reflect.GeneratedMethodAccessor12.invoke(Unknown Source)
	at sun.reflect.DelegatingMethodAccessorImpl.invoke(Unknown Source)
	at java.lang.reflect.Method.invoke(Unknown Source)
	at org.testng.internal.MethodInvocationHelper.invokeMethod(MethodInvocationHelper.java:84)
	at org.testng.internal.Invoker.invokeConfigurationMethod(Invoker.java:564)
	at org.testng.internal.Invoker.invokeConfigurations(Invoker.java:213)
	at org.testng.internal.Invoker.invokeMethod(Invoker.java:786)
	at org.testng.internal.Invoker.invokeTestMethod(Invoker.java:901)
	at org.testng.internal.Invoker.invokeTestMethods(Invoker.java:1231)
	at org.testng.internal.TestMethodWorker.invokeTestMethods(TestMethodWorker.java:127)
	at org.testng.internal.TestMethodWorker.run(TestMethodWorker.java:111)
	at org.testng.TestRunner.privateRun(TestRunner.java:767)
	at org.testng.TestRunner.run(TestRunner.java:617)
	at org.testng.SuiteRunner.runTest(SuiteRunner.java:348)
	at org.testng.SuiteRunner.runSequentially(SuiteRunner.java:343)
	at org.testng.SuiteRunner.privateRun(SuiteRunner.java:305)
	at org.testng.SuiteRunner.run(SuiteRunner.java:254)
	at org.testng.SuiteRunnerWorker.runSuite(SuiteRunnerWorker.java:52)
	at org.testng.SuiteRunnerWorker.run(SuiteRunnerWorker.java:86)
	at org.testng.TestNG.runSuitesSequentially(TestNG.java:1224)
	at org.testng.TestNG.runSuitesLocally(TestNG.java:1149)
	at org.testng.TestNG.run(TestNG.java:1057)
	at org.apache.maven.surefire.testng.TestNGExecutor.run(TestNGExecutor.java:295)
	at org.apache.maven.surefire.testng.TestNGXmlTestSuite.execute(TestNGXmlTestSuite.java:84)
	at org.apache.maven.surefire.testng.TestNGProvider.invoke(TestNGProvider.java:90)
	at org.apache.maven.surefire.booter.ForkedBooter.invokeProviderInSameClassLoader(ForkedBooter.java:203)
	at org.apache.maven.surefire.booter.ForkedBooter.runSuitesInProcess(ForkedBooter.java:155)
	at org.apache.maven.surefire.booter.ForkedBooter.main(ForkedBooter.java:103)
]]>
            </full-stacktrace>
          </exception> <!-- org.openqa.selenium.WebDriverException -->
          <reporter-output>
          </reporter-output>
        </test-method> <!-- closeBrowser -->
      </class> <!-- Survey.AnswerSurvey -->
      <class name="Feedback.AnswerPrivateFeedback">
        <test-method status="PASS" signature="beforeTest(java.lang.String)[pri:0, instance:Feedback.AnswerPrivateFeedback@77b52d12]" name="beforeTest" is-config="true" duration-ms="3095" started-at="2014-11-24T15:11:49Z" finished-at="2014-11-24T15:11:52Z">
          <params>
            <param index="0">
              <value>
                <![CDATA[chromekorras]]>
              </value>
            </param>
          </params>
          <reporter-output>
          </reporter-output>
        </test-method> <!-- beforeTest -->
        <test-method status="PASS" signature="Test(java.lang.String, java.lang.String, java.lang.String, java.lang.String, java.lang.String, java.lang.String, java.lang.String)[pri:0, instance:Feedback.AnswerPrivateFeedback@77b52d12]" name="Test" duration-ms="7220" started-at="2014-11-24T15:11:52Z" data-provider="CommentData" finished-at="2014-11-24T15:11:59Z">
          <params>
            <param index="0">
              <value>
                <![CDATA[tavalinetont27]]>
              </value>
            </param>
            <param index="1">
              <value>
                <![CDATA[puhtaloom27]]>
              </value>
            </param>
            <param index="2">
              <value>
                <![CDATA[testime11]]>
              </value>
            </param>
            <param index="3">
              <value>
                <![CDATA[Jalgpall on elu]]>
              </value>
            </param>
            <param index="4">
              <value>
                <![CDATA[Sinu jaoks jah]]>
              </value>
            </param>
            <param index="5">
              <value>
                <![CDATA[Väravaid oskab lüüa, kuid kaitsa ei oska]]>
              </value>
            </param>
            <param index="6">
              <value>
                <![CDATA[Jalgpalliäss]]>
              </value>
            </param>
          </params>
          <reporter-output>
          </reporter-output>
        </test-method> <!-- Test -->
        <test-method status="PASS" signature="closeBrowser()[pri:0, instance:Feedback.AnswerPrivateFeedback@77b52d12]" name="closeBrowser" is-config="true" duration-ms="2445" started-at="2014-11-24T15:11:59Z" finished-at="2014-11-24T15:12:02Z">
          <reporter-output>
          </reporter-output>
        </test-method> <!-- closeBrowser -->
        <test-method status="PASS" signature="beforeTest(java.lang.String)[pri:0, instance:Feedback.AnswerPrivateFeedback@77b52d12]" name="beforeTest" is-config="true" duration-ms="3037" started-at="2014-11-24T15:12:02Z" finished-at="2014-11-24T15:12:05Z">
          <params>
            <param index="0">
              <value>
                <![CDATA[chromekorras]]>
              </value>
            </param>
          </params>
          <reporter-output>
          </reporter-output>
        </test-method> <!-- beforeTest -->
        <test-method status="PASS" signature="Test(java.lang.String, java.lang.String, java.lang.String, java.lang.String, java.lang.String, java.lang.String, java.lang.String)[pri:0, instance:Feedback.AnswerPrivateFeedback@77b52d12]" name="Test" duration-ms="6522" started-at="2014-11-24T15:12:05Z" data-provider="CommentData" finished-at="2014-11-24T15:12:11Z">
          <params>
            <param index="0">
              <value>
                <![CDATA[puhtaloom27]]>
              </value>
            </param>
            <param index="1">
              <value>
                <![CDATA[filmweird27]]>
              </value>
            </param>
            <param index="2">
              <value>
                <![CDATA[testime11]]>
              </value>
            </param>
            <param index="3">
              <value>
                <![CDATA[Eks me kõik oleme natuke imelikud]]>
              </value>
            </param>
            <param index="4">
              <value>
                <![CDATA[Eks ta ole jah nii]]>
              </value>
            </param>
            <param index="5">
              <value>
                <![CDATA[Teab palju imelike filme]]>
              </value>
            </param>
            <param index="6">
              <value>
                <![CDATA[We meet again. Weirdo]]>
              </value>
            </param>
          </params>
          <reporter-output>
          </reporter-output>
        </test-method> <!-- Test -->
        <test-method status="PASS" signature="closeBrowser()[pri:0, instance:Feedback.AnswerPrivateFeedback@77b52d12]" name="closeBrowser" is-config="true" duration-ms="2464" started-at="2014-11-24T15:12:11Z" finished-at="2014-11-24T15:12:14Z">
          <reporter-output>
          </reporter-output>
        </test-method> <!-- closeBrowser -->
        <test-method status="PASS" signature="beforeTest(java.lang.String)[pri:0, instance:Feedback.AnswerPrivateFeedback@77b52d12]" name="beforeTest" is-config="true" duration-ms="2430" started-at="2014-11-24T15:12:14Z" finished-at="2014-11-24T15:12:16Z">
          <params>
            <param index="0">
              <value>
                <![CDATA[chromekorras]]>
              </value>
            </param>
          </params>
          <reporter-output>
          </reporter-output>
        </test-method> <!-- beforeTest -->
        <test-method status="PASS" signature="Test(java.lang.String, java.lang.String, java.lang.String, java.lang.String, java.lang.String, java.lang.String, java.lang.String)[pri:0, instance:Feedback.AnswerPrivateFeedback@77b52d12]" name="Test" duration-ms="8756" started-at="2014-11-24T15:12:16Z" data-provider="CommentData" finished-at="2014-11-24T15:12:25Z">
          <params>
            <param index="0">
              <value>
                <![CDATA[filmweird27]]>
              </value>
            </param>
            <param index="1">
              <value>
                <![CDATA[tavalinetont27]]>
              </value>
            </param>
            <param index="2">
              <value>
                <![CDATA[testime11]]>
              </value>
            </param>
            <param index="3">
              <value>
                <![CDATA[Asja tuleb rahulikult v6tta]]>
              </value>
            </param>
            <param index="4">
              <value>
                <![CDATA[Oleks ma nii rahulik]]>
              </value>
            </param>
            <param index="5">
              <value>
                <![CDATA[Teda ei häiri miski]]>
              </value>
            </param>
            <param index="6">
              <value>
                <![CDATA[Vaikne Vend]]>
              </value>
            </param>
          </params>
          <reporter-output>
          </reporter-output>
        </test-method> <!-- Test -->
        <test-method status="PASS" signature="closeBrowser()[pri:0, instance:Feedback.AnswerPrivateFeedback@77b52d12]" name="closeBrowser" is-config="true" duration-ms="2443" started-at="2014-11-24T15:12:25Z" finished-at="2014-11-24T15:12:27Z">
          <reporter-output>
          </reporter-output>
        </test-method> <!-- closeBrowser -->
      </class> <!-- Feedback.AnswerPrivateFeedback -->
      <class name="Feedback.FeedbackVal">
        <test-method status="PASS" signature="beforeTest(java.lang.String)[pri:0, instance:Feedback.FeedbackVal@2ed94a8b]" name="beforeTest" is-config="true" duration-ms="3316" started-at="2014-11-24T15:10:33Z" finished-at="2014-11-24T15:10:36Z">
          <params>
            <param index="0">
              <value>
                <![CDATA[chromekorras]]>
              </value>
            </param>
          </params>
          <reporter-output>
          </reporter-output>
        </test-method> <!-- beforeTest -->
        <test-method status="FAIL" signature="testFeedbackVal(java.lang.String, java.lang.String, java.lang.String, java.lang.String, java.lang.String, java.lang.String, java.lang.String, java.lang.String, java.lang.String, java.lang.String, java.lang.String)[pri:0, instance:Feedback.FeedbackVal@2ed94a8b]" name="testFeedbackVal" duration-ms="11198" started-at="2014-11-24T15:10:36Z" data-provider="Feedbackval" finished-at="2014-11-24T15:10:47Z">
          <params>
            <param index="0">
              <value>
                <![CDATA[tavalinetont27]]>
              </value>
            </param>
            <param index="1">
              <value>
                <![CDATA[puhtaloom27]]>
              </value>
            </param>
            <param index="2">
              <value>
                <![CDATA[filmweird27]]>
              </value>
            </param>
            <param index="3">
              <value>
                <![CDATA[testime11]]>
              </value>
            </param>
            <param index="4">
              <value>
                <![CDATA[Anon kiidab sind]]>
              </value>
            </param>
            <param index="5">
              <value>
                <![CDATA[Oma küla vana]]>
              </value>
            </param>
            <param index="6">
              <value>
                <![CDATA[Jalgpalliäss]]>
              </value>
            </param>
            <param index="7">
              <value>
                <![CDATA[Eks sa tea paremini]]>
              </value>
            </param>
            <param index="8">
              <value>
                <![CDATA[selentest13@mailinator.com]]>
              </value>
            </param>
            <param index="9">
              <value>
                <![CDATA[selentest@hotmail.com]]>
              </value>
            </param>
            <param index="10">
              <value>
                <![CDATA[1]]>
              </value>
            </param>
          </params>
          <exception class="java.lang.AssertionError">
            <message>
              <![CDATA[expected [true] but found [false]]]>
            </message>
            <full-stacktrace>
              <![CDATA[java.lang.AssertionError: expected [true] but found [false]
	at org.testng.Assert.fail(Assert.java:94)
	at org.testng.Assert.failNotEquals(Assert.java:494)
	at org.testng.Assert.assertTrue(Assert.java:42)
	at org.testng.Assert.assertTrue(Assert.java:52)
	at Feedback.FeedbackVal.testFeedbackVal(FeedbackVal.java:56)
	at sun.reflect.NativeMethodAccessorImpl.invoke0(Native Method)
	at sun.reflect.NativeMethodAccessorImpl.invoke(Unknown Source)
	at sun.reflect.DelegatingMethodAccessorImpl.invoke(Unknown Source)
	at java.lang.reflect.Method.invoke(Unknown Source)
	at org.testng.internal.MethodInvocationHelper.invokeMethod(MethodInvocationHelper.java:84)
	at org.testng.internal.Invoker.invokeMethod(Invoker.java:714)
	at org.testng.internal.Invoker.invokeTestMethod(Invoker.java:901)
	at org.testng.internal.Invoker.invokeTestMethods(Invoker.java:1231)
	at org.testng.internal.TestMethodWorker.invokeTestMethods(TestMethodWorker.java:127)
	at org.testng.internal.TestMethodWorker.run(TestMethodWorker.java:111)
	at org.testng.TestRunner.privateRun(TestRunner.java:767)
	at org.testng.TestRunner.run(TestRunner.java:617)
	at org.testng.SuiteRunner.runTest(SuiteRunner.java:348)
	at org.testng.SuiteRunner.runSequentially(SuiteRunner.java:343)
	at org.testng.SuiteRunner.privateRun(SuiteRunner.java:305)
	at org.testng.SuiteRunner.run(SuiteRunner.java:254)
	at org.testng.SuiteRunnerWorker.runSuite(SuiteRunnerWorker.java:52)
	at org.testng.SuiteRunnerWorker.run(SuiteRunnerWorker.java:86)
	at org.testng.TestNG.runSuitesSequentially(TestNG.java:1224)
	at org.testng.TestNG.runSuitesLocally(TestNG.java:1149)
	at org.testng.TestNG.run(TestNG.java:1057)
	at org.apache.maven.surefire.testng.TestNGExecutor.run(TestNGExecutor.java:295)
	at org.apache.maven.surefire.testng.TestNGXmlTestSuite.execute(TestNGXmlTestSuite.java:84)
	at org.apache.maven.surefire.testng.TestNGProvider.invoke(TestNGProvider.java:90)
	at org.apache.maven.surefire.booter.ForkedBooter.invokeProviderInSameClassLoader(ForkedBooter.java:203)
	at org.apache.maven.surefire.booter.ForkedBooter.runSuitesInProcess(ForkedBooter.java:155)
	at org.apache.maven.surefire.booter.ForkedBooter.main(ForkedBooter.java:103)
]]>
            </full-stacktrace>
          </exception> <!-- java.lang.AssertionError -->
          <reporter-output>
          </reporter-output>
        </test-method> <!-- testFeedbackVal -->
        <test-method status="PASS" signature="closeBrowser()[pri:0, instance:Feedback.FeedbackVal@2ed94a8b]" name="closeBrowser" is-config="true" duration-ms="2475" started-at="2014-11-24T15:10:47Z" finished-at="2014-11-24T15:10:50Z">
          <reporter-output>
          </reporter-output>
        </test-method> <!-- closeBrowser -->
        <test-method status="PASS" signature="beforeTest(java.lang.String)[pri:0, instance:Feedback.FeedbackVal@2ed94a8b]" name="beforeTest" is-config="true" duration-ms="3411" started-at="2014-11-24T15:10:50Z" finished-at="2014-11-24T15:10:53Z">
          <params>
            <param index="0">
              <value>
                <![CDATA[chromekorras]]>
              </value>
            </param>
          </params>
          <reporter-output>
          </reporter-output>
        </test-method> <!-- beforeTest -->
        <test-method status="FAIL" signature="testFeedbackVal(java.lang.String, java.lang.String, java.lang.String, java.lang.String, java.lang.String, java.lang.String, java.lang.String, java.lang.String, java.lang.String, java.lang.String, java.lang.String)[pri:0, instance:Feedback.FeedbackVal@2ed94a8b]" name="testFeedbackVal" duration-ms="36287" started-at="2014-11-24T15:10:53Z" data-provider="Feedbackval" finished-at="2014-11-24T15:11:29Z">
          <params>
            <param index="0">
              <value>
                <![CDATA[puhtaloom27]]>
              </value>
            </param>
            <param index="1">
              <value>
                <![CDATA[filmweird27]]>
              </value>
            </param>
            <param index="2">
              <value>
                <![CDATA[tavalinetont27]]>
              </value>
            </param>
            <param index="3">
              <value>
                <![CDATA[testime11]]>
              </value>
            </param>
            <param index="4">
              <value>
                <![CDATA[Veits imelik]]>
              </value>
            </param>
            <param index="5">
              <value>
                <![CDATA[Omamoodi]]>
              </value>
            </param>
            <param index="6">
              <value>
                <![CDATA[We meet again. Weirdo]]>
              </value>
            </param>
            <param index="7">
              <value>
                <![CDATA[Eks kaitsetöö ole kah tähtis]]>
              </value>
            </param>
            <param index="8">
              <value>
                <![CDATA[testimeauto12@mailinator.com]]>
              </value>
            </param>
            <param index="9">
              <value>
                <![CDATA[selentest@hotmail.com]]>
              </value>
            </param>
            <param index="10">
              <value>
                <![CDATA[2]]>
              </value>
            </param>
          </params>
          <exception class="org.openqa.selenium.NoSuchElementException">
            <message>
              <![CDATA[no such element
  (Session info: chrome=38.0.2125.111)
  (Driver info: chromedriver=2.8.241075,platform=Windows NT 6.1 SP1 x86_64) (WARNING: The server did not provide any stacktrace information)
Command duration or timeout: 30.06 seconds
For documentation on this error, please visit: http://seleniumhq.org/exceptions/no_such_element.html
Build info: version: '2.43.1', revision: '5163bceef1bc36d43f3dc0b83c88998168a363a0', time: '2014-09-10 09:43:55'
System info: host: 'Madis-PC', ip: '192.168.0.109', os.name: 'Windows 7', os.arch: 'amd64', os.version: '6.1', java.version: '1.8.0_20'
Driver info: org.openqa.selenium.chrome.ChromeDriver
Capabilities [{applicationCacheEnabled=false, rotatable=false, chrome={userDataDir=C:\Users\Madis\AppData\Local\Temp\scoped_dir7868_26139}, takesHeapSnapshot=true, databaseEnabled=false, handlesAlerts=true, version=38.0.2125.111, platform=XP, browserConnectionEnabled=false, nativeEvents=true, acceptSslCerts=true, locationContextEnabled=true, webStorageEnabled=true, browserName=chrome, takesScreenshot=true, javascriptEnabled=true, cssSelectorsEnabled=true}]
Session ID: a4b36dc3ad60bb61ceb3229db41ca9ca]]>
            </message>
            <full-stacktrace>
              <![CDATA[org.openqa.selenium.NoSuchElementException: no such element
  (Session info: chrome=38.0.2125.111)
  (Driver info: chromedriver=2.8.241075,platform=Windows NT 6.1 SP1 x86_64) (WARNING: The server did not provide any stacktrace information)
Command duration or timeout: 30.06 seconds
For documentation on this error, please visit: http://seleniumhq.org/exceptions/no_such_element.html
Build info: version: '2.43.1', revision: '5163bceef1bc36d43f3dc0b83c88998168a363a0', time: '2014-09-10 09:43:55'
System info: host: 'Madis-PC', ip: '192.168.0.109', os.name: 'Windows 7', os.arch: 'amd64', os.version: '6.1', java.version: '1.8.0_20'
Driver info: org.openqa.selenium.chrome.ChromeDriver
Capabilities [{applicationCacheEnabled=false, rotatable=false, chrome={userDataDir=C:\Users\Madis\AppData\Local\Temp\scoped_dir7868_26139}, takesHeapSnapshot=true, databaseEnabled=false, handlesAlerts=true, version=38.0.2125.111, platform=XP, browserConnectionEnabled=false, nativeEvents=true, acceptSslCerts=true, locationContextEnabled=true, webStorageEnabled=true, browserName=chrome, takesScreenshot=true, javascriptEnabled=true, cssSelectorsEnabled=true}]
Session ID: a4b36dc3ad60bb61ceb3229db41ca9ca
	at sun.reflect.NativeConstructorAccessorImpl.newInstance0(Native Method)
	at sun.reflect.NativeConstructorAccessorImpl.newInstance(Unknown Source)
	at sun.reflect.DelegatingConstructorAccessorImpl.newInstance(Unknown Source)
	at java.lang.reflect.Constructor.newInstance(Unknown Source)
	at org.openqa.selenium.remote.ErrorHandler.createThrowable(ErrorHandler.java:204)
	at org.openqa.selenium.remote.ErrorHandler.throwIfResponseFailed(ErrorHandler.java:156)
	at org.openqa.selenium.remote.RemoteWebDriver.execute(RemoteWebDriver.java:599)
	at org.openqa.selenium.remote.RemoteWebDriver.findElement(RemoteWebDriver.java:352)
	at org.openqa.selenium.remote.RemoteWebDriver.findElementByCssSelector(RemoteWebDriver.java:441)
	at org.openqa.selenium.By$ByCssSelector.findElement(By.java:425)
	at org.openqa.selenium.remote.RemoteWebDriver.findElement(RemoteWebDriver.java:344)
	at PageObjects.LoggedIn.Friends(LoggedIn.java:259)
	at Feedback.FeedbackVal.testFeedbackVal(FeedbackVal.java:49)
	at sun.reflect.NativeMethodAccessorImpl.invoke0(Native Method)
	at sun.reflect.NativeMethodAccessorImpl.invoke(Unknown Source)
	at sun.reflect.DelegatingMethodAccessorImpl.invoke(Unknown Source)
	at java.lang.reflect.Method.invoke(Unknown Source)
	at org.testng.internal.MethodInvocationHelper.invokeMethod(MethodInvocationHelper.java:84)
	at org.testng.internal.Invoker.invokeMethod(Invoker.java:714)
	at org.testng.internal.Invoker.invokeTestMethod(Invoker.java:901)
	at org.testng.internal.Invoker.invokeTestMethods(Invoker.java:1231)
	at org.testng.internal.TestMethodWorker.invokeTestMethods(TestMethodWorker.java:127)
	at org.testng.internal.TestMethodWorker.run(TestMethodWorker.java:111)
	at org.testng.TestRunner.privateRun(TestRunner.java:767)
	at org.testng.TestRunner.run(TestRunner.java:617)
	at org.testng.SuiteRunner.runTest(SuiteRunner.java:348)
	at org.testng.SuiteRunner.runSequentially(SuiteRunner.java:343)
	at org.testng.SuiteRunner.privateRun(SuiteRunner.java:305)
	at org.testng.SuiteRunner.run(SuiteRunner.java:254)
	at org.testng.SuiteRunnerWorker.runSuite(SuiteRunnerWorker.java:52)
	at org.testng.SuiteRunnerWorker.run(SuiteRunnerWorker.java:86)
	at org.testng.TestNG.runSuitesSequentially(TestNG.java:1224)
	at org.testng.TestNG.runSuitesLocally(TestNG.java:1149)
	at org.testng.TestNG.run(TestNG.java:1057)
	at org.apache.maven.surefire.testng.TestNGExecutor.run(TestNGExecutor.java:295)
	at org.apache.maven.surefire.testng.TestNGXmlTestSuite.execute(TestNGXmlTestSuite.java:84)
	at org.apache.maven.surefire.testng.TestNGProvider.invoke(TestNGProvider.java:90)
	at org.apache.maven.surefire.booter.ForkedBooter.invokeProviderInSameClassLoader(ForkedBooter.java:203)
	at org.apache.maven.surefire.booter.ForkedBooter.runSuitesInProcess(ForkedBooter.java:155)
	at org.apache.maven.surefire.booter.ForkedBooter.main(ForkedBooter.java:103)
]]>
            </full-stacktrace>
          </exception> <!-- org.openqa.selenium.NoSuchElementException -->
          <reporter-output>
          </reporter-output>
        </test-method> <!-- testFeedbackVal -->
        <test-method status="PASS" signature="closeBrowser()[pri:0, instance:Feedback.FeedbackVal@2ed94a8b]" name="closeBrowser" is-config="true" duration-ms="2673" started-at="2014-11-24T15:11:29Z" finished-at="2014-11-24T15:11:32Z">
          <reporter-output>
          </reporter-output>
        </test-method> <!-- closeBrowser -->
        <test-method status="PASS" signature="beforeTest(java.lang.String)[pri:0, instance:Feedback.FeedbackVal@2ed94a8b]" name="beforeTest" is-config="true" duration-ms="3282" started-at="2014-11-24T15:11:32Z" finished-at="2014-11-24T15:11:35Z">
          <params>
            <param index="0">
              <value>
                <![CDATA[chromekorras]]>
              </value>
            </param>
          </params>
          <reporter-output>
          </reporter-output>
        </test-method> <!-- beforeTest -->
        <test-method status="FAIL" signature="testFeedbackVal(java.lang.String, java.lang.String, java.lang.String, java.lang.String, java.lang.String, java.lang.String, java.lang.String, java.lang.String, java.lang.String, java.lang.String, java.lang.String)[pri:0, instance:Feedback.FeedbackVal@2ed94a8b]" name="testFeedbackVal" duration-ms="10600" started-at="2014-11-24T15:11:35Z" data-provider="Feedbackval" finished-at="2014-11-24T15:11:46Z">
          <params>
            <param index="0">
              <value>
                <![CDATA[filmweird27]]>
              </value>
            </param>
            <param index="1">
              <value>
                <![CDATA[tavalinetont27]]>
              </value>
            </param>
            <param index="2">
              <value>
                <![CDATA[puhtaloom27]]>
              </value>
            </param>
            <param index="3">
              <value>
                <![CDATA[testime11]]>
              </value>
            </param>
            <param index="4">
              <value>
                <![CDATA[Sa ei tea kes ma olen]]>
              </value>
            </param>
            <param index="5">
              <value>
                <![CDATA[Ma tunnen vist sind]]>
              </value>
            </param>
            <param index="6">
              <value>
                <![CDATA[Vaikne Vend]]>
              </value>
            </param>
            <param index="7">
              <value>
                <![CDATA[Indeed]]>
              </value>
            </param>
            <param index="8">
              <value>
                <![CDATA[vahekonto11@mailinator.com]]>
              </value>
            </param>
            <param index="9">
              <value>
                <![CDATA[selentest@hotmail.com]]>
              </value>
            </param>
            <param index="10">
              <value>
                <![CDATA[3]]>
              </value>
            </param>
          </params>
          <exception class="java.lang.AssertionError">
            <message>
              <![CDATA[expected [true] but found [false]]]>
            </message>
            <full-stacktrace>
              <![CDATA[java.lang.AssertionError: expected [true] but found [false]
	at org.testng.Assert.fail(Assert.java:94)
	at org.testng.Assert.failNotEquals(Assert.java:494)
	at org.testng.Assert.assertTrue(Assert.java:42)
	at org.testng.Assert.assertTrue(Assert.java:52)
	at Feedback.FeedbackVal.testFeedbackVal(FeedbackVal.java:56)
	at sun.reflect.NativeMethodAccessorImpl.invoke0(Native Method)
	at sun.reflect.NativeMethodAccessorImpl.invoke(Unknown Source)
	at sun.reflect.DelegatingMethodAccessorImpl.invoke(Unknown Source)
	at java.lang.reflect.Method.invoke(Unknown Source)
	at org.testng.internal.MethodInvocationHelper.invokeMethod(MethodInvocationHelper.java:84)
	at org.testng.internal.Invoker.invokeMethod(Invoker.java:714)
	at org.testng.internal.Invoker.invokeTestMethod(Invoker.java:901)
	at org.testng.internal.Invoker.invokeTestMethods(Invoker.java:1231)
	at org.testng.internal.TestMethodWorker.invokeTestMethods(TestMethodWorker.java:127)
	at org.testng.internal.TestMethodWorker.run(TestMethodWorker.java:111)
	at org.testng.TestRunner.privateRun(TestRunner.java:767)
	at org.testng.TestRunner.run(TestRunner.java:617)
	at org.testng.SuiteRunner.runTest(SuiteRunner.java:348)
	at org.testng.SuiteRunner.runSequentially(SuiteRunner.java:343)
	at org.testng.SuiteRunner.privateRun(SuiteRunner.java:305)
	at org.testng.SuiteRunner.run(SuiteRunner.java:254)
	at org.testng.SuiteRunnerWorker.runSuite(SuiteRunnerWorker.java:52)
	at org.testng.SuiteRunnerWorker.run(SuiteRunnerWorker.java:86)
	at org.testng.TestNG.runSuitesSequentially(TestNG.java:1224)
	at org.testng.TestNG.runSuitesLocally(TestNG.java:1149)
	at org.testng.TestNG.run(TestNG.java:1057)
	at org.apache.maven.surefire.testng.TestNGExecutor.run(TestNGExecutor.java:295)
	at org.apache.maven.surefire.testng.TestNGXmlTestSuite.execute(TestNGXmlTestSuite.java:84)
	at org.apache.maven.surefire.testng.TestNGProvider.invoke(TestNGProvider.java:90)
	at org.apache.maven.surefire.booter.ForkedBooter.invokeProviderInSameClassLoader(ForkedBooter.java:203)
	at org.apache.maven.surefire.booter.ForkedBooter.runSuitesInProcess(ForkedBooter.java:155)
	at org.apache.maven.surefire.booter.ForkedBooter.main(ForkedBooter.java:103)
]]>
            </full-stacktrace>
          </exception> <!-- java.lang.AssertionError -->
          <reporter-output>
          </reporter-output>
        </test-method> <!-- testFeedbackVal -->
        <test-method status="PASS" signature="closeBrowser()[pri:0, instance:Feedback.FeedbackVal@2ed94a8b]" name="closeBrowser" is-config="true" duration-ms="2987" started-at="2014-11-24T15:11:46Z" finished-at="2014-11-24T15:11:49Z">
          <reporter-output>
          </reporter-output>
        </test-method> <!-- closeBrowser -->
      </class> <!-- Feedback.FeedbackVal -->
      <class name="Survey.SurveywithInvalidData">
        <test-method status="PASS" signature="beforeTest(java.lang.String)[pri:0, instance:Survey.SurveywithInvalidData@62043840]" name="beforeTest" is-config="true" duration-ms="3113" started-at="2014-11-24T15:19:41Z" finished-at="2014-11-24T15:19:44Z">
          <params>
            <param index="0">
              <value>
                <![CDATA[chromekorras]]>
              </value>
            </param>
          </params>
          <reporter-output>
          </reporter-output>
        </test-method> <!-- beforeTest -->
        <test-method status="FAIL" signature="TestSurveywithInvalid(java.lang.String, java.lang.String, java.lang.String, java.lang.String, java.lang.String, java.lang.String, java.lang.String, java.lang.String, java.lang.String, java.lang.String, java.lang.String)[pri:0, instance:Survey.SurveywithInvalidData@62043840]" name="TestSurveywithInvalid" duration-ms="9973" started-at="2014-11-24T15:19:44Z" data-provider="Surveywithinvalid" finished-at="2014-11-24T15:19:54Z">
          <params>
            <param index="0">
              <value>
                <![CDATA[tavalinetont27]]>
              </value>
            </param>
            <param index="1">
              <value>
                <![CDATA[puhtaloom27]]>
              </value>
            </param>
            <param index="2">
              <value>
                <![CDATA[filmweird27]]>
              </value>
            </param>
            <param index="3">
              <value>
                <![CDATA[testime11]]>
              </value>
            </param>
            <param index="4">
              <value>
                <![CDATA[Anon kiidab sind]]>
              </value>
            </param>
            <param index="5">
              <value>
                <![CDATA[Oma küla vana]]>
              </value>
            </param>
            <param index="6">
              <value>
                <![CDATA[Jalgpalliäss]]>
              </value>
            </param>
            <param index="7">
              <value>
                <![CDATA[Eks sa tea paremini]]>
              </value>
            </param>
            <param index="8">
              <value>
                <![CDATA[selentest13@mailinator.com]]>
              </value>
            </param>
            <param index="9">
              <value>
                <![CDATA[selentest@hotmail.com]]>
              </value>
            </param>
            <param index="10">
              <value>
                <![CDATA[1]]>
              </value>
            </param>
          </params>
          <exception class="org.openqa.selenium.WebDriverException">
            <message>
              <![CDATA[unknown error: Element is not clickable at point (363, 446). Other element would receive the click: <div id="container_new_survey" class="modal fade" tabindex="-1" data-backdrop="static" aria-hidden="true" style="display: block;">...</div>
  (Session info: chrome=38.0.2125.111)
  (Driver info: chromedriver=2.8.241075,platform=Windows NT 6.1 SP1 x86_64) (WARNING: The server did not provide any stacktrace information)
Command duration or timeout: 49 milliseconds
Build info: version: '2.43.1', revision: '5163bceef1bc36d43f3dc0b83c88998168a363a0', time: '2014-09-10 09:43:55'
System info: host: 'Madis-PC', ip: '192.168.0.109', os.name: 'Windows 7', os.arch: 'amd64', os.version: '6.1', java.version: '1.8.0_20'
Driver info: org.openqa.selenium.chrome.ChromeDriver
Capabilities [{applicationCacheEnabled=false, rotatable=false, chrome={userDataDir=C:\Users\Madis\AppData\Local\Temp\scoped_dir6288_7061}, takesHeapSnapshot=true, databaseEnabled=false, handlesAlerts=true, version=38.0.2125.111, platform=XP, browserConnectionEnabled=false, nativeEvents=true, acceptSslCerts=true, locationContextEnabled=true, webStorageEnabled=true, browserName=chrome, takesScreenshot=true, javascriptEnabled=true, cssSelectorsEnabled=true}]
Session ID: a9a37ae38915dbd333b7686d2287e30c]]>
            </message>
            <full-stacktrace>
              <![CDATA[org.openqa.selenium.WebDriverException: unknown error: Element is not clickable at point (363, 446). Other element would receive the click: <div id="container_new_survey" class="modal fade" tabindex="-1" data-backdrop="static" aria-hidden="true" style="display: block;">...</div>
  (Session info: chrome=38.0.2125.111)
  (Driver info: chromedriver=2.8.241075,platform=Windows NT 6.1 SP1 x86_64) (WARNING: The server did not provide any stacktrace information)
Command duration or timeout: 49 milliseconds
Build info: version: '2.43.1', revision: '5163bceef1bc36d43f3dc0b83c88998168a363a0', time: '2014-09-10 09:43:55'
System info: host: 'Madis-PC', ip: '192.168.0.109', os.name: 'Windows 7', os.arch: 'amd64', os.version: '6.1', java.version: '1.8.0_20'
Driver info: org.openqa.selenium.chrome.ChromeDriver
Capabilities [{applicationCacheEnabled=false, rotatable=false, chrome={userDataDir=C:\Users\Madis\AppData\Local\Temp\scoped_dir6288_7061}, takesHeapSnapshot=true, databaseEnabled=false, handlesAlerts=true, version=38.0.2125.111, platform=XP, browserConnectionEnabled=false, nativeEvents=true, acceptSslCerts=true, locationContextEnabled=true, webStorageEnabled=true, browserName=chrome, takesScreenshot=true, javascriptEnabled=true, cssSelectorsEnabled=true}]
Session ID: a9a37ae38915dbd333b7686d2287e30c
	at sun.reflect.NativeConstructorAccessorImpl.newInstance0(Native Method)
	at sun.reflect.NativeConstructorAccessorImpl.newInstance(Unknown Source)
	at sun.reflect.DelegatingConstructorAccessorImpl.newInstance(Unknown Source)
	at java.lang.reflect.Constructor.newInstance(Unknown Source)
	at org.openqa.selenium.remote.ErrorHandler.createThrowable(ErrorHandler.java:204)
	at org.openqa.selenium.remote.ErrorHandler.throwIfResponseFailed(ErrorHandler.java:156)
	at org.openqa.selenium.remote.RemoteWebDriver.execute(RemoteWebDriver.java:599)
	at org.openqa.selenium.remote.RemoteWebElement.execute(RemoteWebElement.java:268)
	at org.openqa.selenium.remote.RemoteWebElement.click(RemoteWebElement.java:79)
	at Survey.SurveywithInvalidData.TestSurveywithInvalid(SurveywithInvalidData.java:38)
	at sun.reflect.NativeMethodAccessorImpl.invoke0(Native Method)
	at sun.reflect.NativeMethodAccessorImpl.invoke(Unknown Source)
	at sun.reflect.DelegatingMethodAccessorImpl.invoke(Unknown Source)
	at java.lang.reflect.Method.invoke(Unknown Source)
	at org.testng.internal.MethodInvocationHelper.invokeMethod(MethodInvocationHelper.java:84)
	at org.testng.internal.Invoker.invokeMethod(Invoker.java:714)
	at org.testng.internal.Invoker.invokeTestMethod(Invoker.java:901)
	at org.testng.internal.Invoker.invokeTestMethods(Invoker.java:1231)
	at org.testng.internal.TestMethodWorker.invokeTestMethods(TestMethodWorker.java:127)
	at org.testng.internal.TestMethodWorker.run(TestMethodWorker.java:111)
	at org.testng.TestRunner.privateRun(TestRunner.java:767)
	at org.testng.TestRunner.run(TestRunner.java:617)
	at org.testng.SuiteRunner.runTest(SuiteRunner.java:348)
	at org.testng.SuiteRunner.runSequentially(SuiteRunner.java:343)
	at org.testng.SuiteRunner.privateRun(SuiteRunner.java:305)
	at org.testng.SuiteRunner.run(SuiteRunner.java:254)
	at org.testng.SuiteRunnerWorker.runSuite(SuiteRunnerWorker.java:52)
	at org.testng.SuiteRunnerWorker.run(SuiteRunnerWorker.java:86)
	at org.testng.TestNG.runSuitesSequentially(TestNG.java:1224)
	at org.testng.TestNG.runSuitesLocally(TestNG.java:1149)
	at org.testng.TestNG.run(TestNG.java:1057)
	at org.apache.maven.surefire.testng.TestNGExecutor.run(TestNGExecutor.java:295)
	at org.apache.maven.surefire.testng.TestNGXmlTestSuite.execute(TestNGXmlTestSuite.java:84)
	at org.apache.maven.surefire.testng.TestNGProvider.invoke(TestNGProvider.java:90)
	at org.apache.maven.surefire.booter.ForkedBooter.invokeProviderInSameClassLoader(ForkedBooter.java:203)
	at org.apache.maven.surefire.booter.ForkedBooter.runSuitesInProcess(ForkedBooter.java:155)
	at org.apache.maven.surefire.booter.ForkedBooter.main(ForkedBooter.java:103)
]]>
            </full-stacktrace>
          </exception> <!-- org.openqa.selenium.WebDriverException -->
          <reporter-output>
          </reporter-output>
        </test-method> <!-- TestSurveywithInvalid -->
        <test-method status="PASS" signature="closeBrowser()[pri:0, instance:Survey.SurveywithInvalidData@62043840]" name="closeBrowser" is-config="true" duration-ms="2425" started-at="2014-11-24T15:19:54Z" finished-at="2014-11-24T15:19:56Z">
          <reporter-output>
          </reporter-output>
        </test-method> <!-- closeBrowser -->
        <test-method status="PASS" signature="beforeTest(java.lang.String)[pri:0, instance:Survey.SurveywithInvalidData@62043840]" name="beforeTest" is-config="true" duration-ms="3296" started-at="2014-11-24T15:19:56Z" finished-at="2014-11-24T15:20:00Z">
          <params>
            <param index="0">
              <value>
                <![CDATA[chromekorras]]>
              </value>
            </param>
          </params>
          <reporter-output>
          </reporter-output>
        </test-method> <!-- beforeTest -->
        <test-method status="FAIL" signature="TestSurveywithInvalid(java.lang.String, java.lang.String, java.lang.String, java.lang.String, java.lang.String, java.lang.String, java.lang.String, java.lang.String, java.lang.String, java.lang.String, java.lang.String)[pri:0, instance:Survey.SurveywithInvalidData@62043840]" name="TestSurveywithInvalid" duration-ms="14573" started-at="2014-11-24T15:20:00Z" data-provider="Surveywithinvalid" finished-at="2014-11-24T15:20:14Z">
          <params>
            <param index="0">
              <value>
                <![CDATA[puhtaloom27]]>
              </value>
            </param>
            <param index="1">
              <value>
                <![CDATA[filmweird27]]>
              </value>
            </param>
            <param index="2">
              <value>
                <![CDATA[tavalinetont27]]>
              </value>
            </param>
            <param index="3">
              <value>
                <![CDATA[testime11]]>
              </value>
            </param>
            <param index="4">
              <value>
                <![CDATA[Veits imelik]]>
              </value>
            </param>
            <param index="5">
              <value>
                <![CDATA[Omamoodi]]>
              </value>
            </param>
            <param index="6">
              <value>
                <![CDATA[We meet again. Weirdo]]>
              </value>
            </param>
            <param index="7">
              <value>
                <![CDATA[Eks kaitsetöö ole kah tähtis]]>
              </value>
            </param>
            <param index="8">
              <value>
                <![CDATA[testimeauto12@mailinator.com]]>
              </value>
            </param>
            <param index="9">
              <value>
                <![CDATA[selentest@hotmail.com]]>
              </value>
            </param>
            <param index="10">
              <value>
                <![CDATA[2]]>
              </value>
            </param>
          </params>
          <exception class="org.openqa.selenium.WebDriverException">
            <message>
              <![CDATA[unknown error: Element is not clickable at point (363, 446). Other element would receive the click: <div id="container_new_survey" class="modal fade" tabindex="-1" data-backdrop="static" aria-hidden="true" style="display: block;">...</div>
  (Session info: chrome=38.0.2125.111)
  (Driver info: chromedriver=2.8.241075,platform=Windows NT 6.1 SP1 x86_64) (WARNING: The server did not provide any stacktrace information)
Command duration or timeout: 35 milliseconds
Build info: version: '2.43.1', revision: '5163bceef1bc36d43f3dc0b83c88998168a363a0', time: '2014-09-10 09:43:55'
System info: host: 'Madis-PC', ip: '192.168.0.109', os.name: 'Windows 7', os.arch: 'amd64', os.version: '6.1', java.version: '1.8.0_20'
Driver info: org.openqa.selenium.chrome.ChromeDriver
Capabilities [{applicationCacheEnabled=false, rotatable=false, chrome={userDataDir=C:\Users\Madis\AppData\Local\Temp\scoped_dir7968_2336}, takesHeapSnapshot=true, databaseEnabled=false, handlesAlerts=true, version=38.0.2125.111, platform=XP, browserConnectionEnabled=false, nativeEvents=true, acceptSslCerts=true, locationContextEnabled=true, webStorageEnabled=true, browserName=chrome, takesScreenshot=true, javascriptEnabled=true, cssSelectorsEnabled=true}]
Session ID: e9ac869bf0b37901b2d52dffe84ff7e7]]>
            </message>
            <full-stacktrace>
              <![CDATA[org.openqa.selenium.WebDriverException: unknown error: Element is not clickable at point (363, 446). Other element would receive the click: <div id="container_new_survey" class="modal fade" tabindex="-1" data-backdrop="static" aria-hidden="true" style="display: block;">...</div>
  (Session info: chrome=38.0.2125.111)
  (Driver info: chromedriver=2.8.241075,platform=Windows NT 6.1 SP1 x86_64) (WARNING: The server did not provide any stacktrace information)
Command duration or timeout: 35 milliseconds
Build info: version: '2.43.1', revision: '5163bceef1bc36d43f3dc0b83c88998168a363a0', time: '2014-09-10 09:43:55'
System info: host: 'Madis-PC', ip: '192.168.0.109', os.name: 'Windows 7', os.arch: 'amd64', os.version: '6.1', java.version: '1.8.0_20'
Driver info: org.openqa.selenium.chrome.ChromeDriver
Capabilities [{applicationCacheEnabled=false, rotatable=false, chrome={userDataDir=C:\Users\Madis\AppData\Local\Temp\scoped_dir7968_2336}, takesHeapSnapshot=true, databaseEnabled=false, handlesAlerts=true, version=38.0.2125.111, platform=XP, browserConnectionEnabled=false, nativeEvents=true, acceptSslCerts=true, locationContextEnabled=true, webStorageEnabled=true, browserName=chrome, takesScreenshot=true, javascriptEnabled=true, cssSelectorsEnabled=true}]
Session ID: e9ac869bf0b37901b2d52dffe84ff7e7
	at sun.reflect.NativeConstructorAccessorImpl.newInstance0(Native Method)
	at sun.reflect.NativeConstructorAccessorImpl.newInstance(Unknown Source)
	at sun.reflect.DelegatingConstructorAccessorImpl.newInstance(Unknown Source)
	at java.lang.reflect.Constructor.newInstance(Unknown Source)
	at org.openqa.selenium.remote.ErrorHandler.createThrowable(ErrorHandler.java:204)
	at org.openqa.selenium.remote.ErrorHandler.throwIfResponseFailed(ErrorHandler.java:156)
	at org.openqa.selenium.remote.RemoteWebDriver.execute(RemoteWebDriver.java:599)
	at org.openqa.selenium.remote.RemoteWebElement.execute(RemoteWebElement.java:268)
	at org.openqa.selenium.remote.RemoteWebElement.click(RemoteWebElement.java:79)
	at Survey.SurveywithInvalidData.TestSurveywithInvalid(SurveywithInvalidData.java:38)
	at sun.reflect.NativeMethodAccessorImpl.invoke0(Native Method)
	at sun.reflect.NativeMethodAccessorImpl.invoke(Unknown Source)
	at sun.reflect.DelegatingMethodAccessorImpl.invoke(Unknown Source)
	at java.lang.reflect.Method.invoke(Unknown Source)
	at org.testng.internal.MethodInvocationHelper.invokeMethod(MethodInvocationHelper.java:84)
	at org.testng.internal.Invoker.invokeMethod(Invoker.java:714)
	at org.testng.internal.Invoker.invokeTestMethod(Invoker.java:901)
	at org.testng.internal.Invoker.invokeTestMethods(Invoker.java:1231)
	at org.testng.internal.TestMethodWorker.invokeTestMethods(TestMethodWorker.java:127)
	at org.testng.internal.TestMethodWorker.run(TestMethodWorker.java:111)
	at org.testng.TestRunner.privateRun(TestRunner.java:767)
	at org.testng.TestRunner.run(TestRunner.java:617)
	at org.testng.SuiteRunner.runTest(SuiteRunner.java:348)
	at org.testng.SuiteRunner.runSequentially(SuiteRunner.java:343)
	at org.testng.SuiteRunner.privateRun(SuiteRunner.java:305)
	at org.testng.SuiteRunner.run(SuiteRunner.java:254)
	at org.testng.SuiteRunnerWorker.runSuite(SuiteRunnerWorker.java:52)
	at org.testng.SuiteRunnerWorker.run(SuiteRunnerWorker.java:86)
	at org.testng.TestNG.runSuitesSequentially(TestNG.java:1224)
	at org.testng.TestNG.runSuitesLocally(TestNG.java:1149)
	at org.testng.TestNG.run(TestNG.java:1057)
	at org.apache.maven.surefire.testng.TestNGExecutor.run(TestNGExecutor.java:295)
	at org.apache.maven.surefire.testng.TestNGXmlTestSuite.execute(TestNGXmlTestSuite.java:84)
	at org.apache.maven.surefire.testng.TestNGProvider.invoke(TestNGProvider.java:90)
	at org.apache.maven.surefire.booter.ForkedBooter.invokeProviderInSameClassLoader(ForkedBooter.java:203)
	at org.apache.maven.surefire.booter.ForkedBooter.runSuitesInProcess(ForkedBooter.java:155)
	at org.apache.maven.surefire.booter.ForkedBooter.main(ForkedBooter.java:103)
]]>
            </full-stacktrace>
          </exception> <!-- org.openqa.selenium.WebDriverException -->
          <reporter-output>
          </reporter-output>
        </test-method> <!-- TestSurveywithInvalid -->
        <test-method status="PASS" signature="closeBrowser()[pri:0, instance:Survey.SurveywithInvalidData@62043840]" name="closeBrowser" is-config="true" duration-ms="2432" started-at="2014-11-24T15:20:14Z" finished-at="2014-11-24T15:20:17Z">
          <reporter-output>
          </reporter-output>
        </test-method> <!-- closeBrowser -->
        <test-method status="PASS" signature="beforeTest(java.lang.String)[pri:0, instance:Survey.SurveywithInvalidData@62043840]" name="beforeTest" is-config="true" duration-ms="2731" started-at="2014-11-24T15:20:17Z" finished-at="2014-11-24T15:20:19Z">
          <params>
            <param index="0">
              <value>
                <![CDATA[chromekorras]]>
              </value>
            </param>
          </params>
          <reporter-output>
          </reporter-output>
        </test-method> <!-- beforeTest -->
        <test-method status="FAIL" signature="TestSurveywithInvalid(java.lang.String, java.lang.String, java.lang.String, java.lang.String, java.lang.String, java.lang.String, java.lang.String, java.lang.String, java.lang.String, java.lang.String, java.lang.String)[pri:0, instance:Survey.SurveywithInvalidData@62043840]" name="TestSurveywithInvalid" duration-ms="7819" started-at="2014-11-24T15:20:19Z" data-provider="Surveywithinvalid" finished-at="2014-11-24T15:20:27Z">
          <params>
            <param index="0">
              <value>
                <![CDATA[filmweird27]]>
              </value>
            </param>
            <param index="1">
              <value>
                <![CDATA[tavalinetont27]]>
              </value>
            </param>
            <param index="2">
              <value>
                <![CDATA[puhtaloom27]]>
              </value>
            </param>
            <param index="3">
              <value>
                <![CDATA[testime11]]>
              </value>
            </param>
            <param index="4">
              <value>
                <![CDATA[Sa ei tea kes ma olen]]>
              </value>
            </param>
            <param index="5">
              <value>
                <![CDATA[Ma tunnen vist sind]]>
              </value>
            </param>
            <param index="6">
              <value>
                <![CDATA[Vaikne Vend]]>
              </value>
            </param>
            <param index="7">
              <value>
                <![CDATA[Indeed]]>
              </value>
            </param>
            <param index="8">
              <value>
                <![CDATA[vahekonto11@mailinator.com]]>
              </value>
            </param>
            <param index="9">
              <value>
                <![CDATA[selentest@hotmail.com]]>
              </value>
            </param>
            <param index="10">
              <value>
                <![CDATA[3]]>
              </value>
            </param>
          </params>
          <exception class="org.openqa.selenium.WebDriverException">
            <message>
              <![CDATA[unknown error: Element is not clickable at point (363, 446). Other element would receive the click: <div id="container_new_survey" class="modal fade" tabindex="-1" data-backdrop="static" aria-hidden="true" style="display: block;">...</div>
  (Session info: chrome=38.0.2125.111)
  (Driver info: chromedriver=2.8.241075,platform=Windows NT 6.1 SP1 x86_64) (WARNING: The server did not provide any stacktrace information)
Command duration or timeout: 31 milliseconds
Build info: version: '2.43.1', revision: '5163bceef1bc36d43f3dc0b83c88998168a363a0', time: '2014-09-10 09:43:55'
System info: host: 'Madis-PC', ip: '192.168.0.109', os.name: 'Windows 7', os.arch: 'amd64', os.version: '6.1', java.version: '1.8.0_20'
Driver info: org.openqa.selenium.chrome.ChromeDriver
Capabilities [{applicationCacheEnabled=false, rotatable=false, chrome={userDataDir=C:\Users\Madis\AppData\Local\Temp\scoped_dir9168_26471}, takesHeapSnapshot=true, databaseEnabled=false, handlesAlerts=true, version=38.0.2125.111, platform=XP, browserConnectionEnabled=false, nativeEvents=true, acceptSslCerts=true, locationContextEnabled=true, webStorageEnabled=true, browserName=chrome, takesScreenshot=true, javascriptEnabled=true, cssSelectorsEnabled=true}]
Session ID: 591294e129777d4d2d0c1a3f2b260e0f]]>
            </message>
            <full-stacktrace>
              <![CDATA[org.openqa.selenium.WebDriverException: unknown error: Element is not clickable at point (363, 446). Other element would receive the click: <div id="container_new_survey" class="modal fade" tabindex="-1" data-backdrop="static" aria-hidden="true" style="display: block;">...</div>
  (Session info: chrome=38.0.2125.111)
  (Driver info: chromedriver=2.8.241075,platform=Windows NT 6.1 SP1 x86_64) (WARNING: The server did not provide any stacktrace information)
Command duration or timeout: 31 milliseconds
Build info: version: '2.43.1', revision: '5163bceef1bc36d43f3dc0b83c88998168a363a0', time: '2014-09-10 09:43:55'
System info: host: 'Madis-PC', ip: '192.168.0.109', os.name: 'Windows 7', os.arch: 'amd64', os.version: '6.1', java.version: '1.8.0_20'
Driver info: org.openqa.selenium.chrome.ChromeDriver
Capabilities [{applicationCacheEnabled=false, rotatable=false, chrome={userDataDir=C:\Users\Madis\AppData\Local\Temp\scoped_dir9168_26471}, takesHeapSnapshot=true, databaseEnabled=false, handlesAlerts=true, version=38.0.2125.111, platform=XP, browserConnectionEnabled=false, nativeEvents=true, acceptSslCerts=true, locationContextEnabled=true, webStorageEnabled=true, browserName=chrome, takesScreenshot=true, javascriptEnabled=true, cssSelectorsEnabled=true}]
Session ID: 591294e129777d4d2d0c1a3f2b260e0f
	at sun.reflect.NativeConstructorAccessorImpl.newInstance0(Native Method)
	at sun.reflect.NativeConstructorAccessorImpl.newInstance(Unknown Source)
	at sun.reflect.DelegatingConstructorAccessorImpl.newInstance(Unknown Source)
	at java.lang.reflect.Constructor.newInstance(Unknown Source)
	at org.openqa.selenium.remote.ErrorHandler.createThrowable(ErrorHandler.java:204)
	at org.openqa.selenium.remote.ErrorHandler.throwIfResponseFailed(ErrorHandler.java:156)
	at org.openqa.selenium.remote.RemoteWebDriver.execute(RemoteWebDriver.java:599)
	at org.openqa.selenium.remote.RemoteWebElement.execute(RemoteWebElement.java:268)
	at org.openqa.selenium.remote.RemoteWebElement.click(RemoteWebElement.java:79)
	at Survey.SurveywithInvalidData.TestSurveywithInvalid(SurveywithInvalidData.java:38)
	at sun.reflect.NativeMethodAccessorImpl.invoke0(Native Method)
	at sun.reflect.NativeMethodAccessorImpl.invoke(Unknown Source)
	at sun.reflect.DelegatingMethodAccessorImpl.invoke(Unknown Source)
	at java.lang.reflect.Method.invoke(Unknown Source)
	at org.testng.internal.MethodInvocationHelper.invokeMethod(MethodInvocationHelper.java:84)
	at org.testng.internal.Invoker.invokeMethod(Invoker.java:714)
	at org.testng.internal.Invoker.invokeTestMethod(Invoker.java:901)
	at org.testng.internal.Invoker.invokeTestMethods(Invoker.java:1231)
	at org.testng.internal.TestMethodWorker.invokeTestMethods(TestMethodWorker.java:127)
	at org.testng.internal.TestMethodWorker.run(TestMethodWorker.java:111)
	at org.testng.TestRunner.privateRun(TestRunner.java:767)
	at org.testng.TestRunner.run(TestRunner.java:617)
	at org.testng.SuiteRunner.runTest(SuiteRunner.java:348)
	at org.testng.SuiteRunner.runSequentially(SuiteRunner.java:343)
	at org.testng.SuiteRunner.privateRun(SuiteRunner.java:305)
	at org.testng.SuiteRunner.run(SuiteRunner.java:254)
	at org.testng.SuiteRunnerWorker.runSuite(SuiteRunnerWorker.java:52)
[...]
            </param>
            <param index="8">
              <value>
                <![CDATA[vahekonto11@mailinator.com]]>
              </value>
            </param>
            <param index="9">
              <value>
                <![CDATA[selentest@hotmail.com]]>
              </value>
            </param>
            <param index="10">
              <value>
                <![CDATA[3]]>
              </value>
            </param>
          </params>
          <reporter-output>
          </reporter-output>
        </test-method> <!-- TestAnswerFeedback -->
        <test-method status="PASS" signature="closeBrowser()[pri:0, instance:Feedback.AnswerFeedback@1e67b872]" name="closeBrowser" is-config="true" duration-ms="2381" started-at="2014-11-24T15:15:15Z" finished-at="2014-11-24T15:15:17Z">
          <reporter-output>
          </reporter-output>
        </test-method> <!-- closeBrowser -->
      </class> <!-- Feedback.AnswerFeedback -->
      <class name="Friends.UnfollowFriends">
        <test-method status="SKIP" signature="StopFollowing(java.lang.String, java.lang.String, java.lang.String, java.lang.String, java.lang.String, java.lang.String, java.lang.String, java.lang.String)[pri:0, instance:Friends.UnfollowFriends@2d554825]" name="StopFollowing" duration-ms="0" started-at="2014-11-24T15:24:06Z" data-provider="UnFollowFriends" finished-at="2014-11-24T15:24:06Z">
          <params>
            <param index="0">
              <value>
                <![CDATA[tavalinetont27]]>
              </value>
            </param>
            <param index="1">
              <value>
                <![CDATA[Toivo Tavaline]]>
              </value>
            </param>
            <param index="2">
              <value>
                <![CDATA[puhtaloom27]]>
              </value>
            </param>
            <param index="3">
              <value>
                <![CDATA[Martin Loom]]>
              </value>
            </param>
            <param index="4">
              <value>
                <![CDATA[filmweird27]]>
              </value>
            </param>
            <param index="5">
              <value>
                <![CDATA[Toomas Film]]>
              </value>
            </param>
            <param index="6">
              <value>
                <![CDATA[testime11]]>
              </value>
            </param>
            <param index="7">
              <value>
                <![CDATA[Registration was a success]]>
              </value>
            </param>
          </params>
          <reporter-output>
          </reporter-output>
        </test-method> <!-- StopFollowing -->
        <test-method status="SKIP" signature="beforeTest(java.lang.String)[pri:0, instance:Friends.UnfollowFriends@2d554825]" name="beforeTest" is-config="true" duration-ms="0" started-at="2014-11-24T15:24:06Z" finished-at="2014-11-24T15:24:06Z">
          <reporter-output>
          </reporter-output>
        </test-method> <!-- beforeTest -->
        <test-method status="SKIP" signature="closeBrowser()[pri:0, instance:Friends.UnfollowFriends@2d554825]" name="closeBrowser" is-config="true" duration-ms="0" started-at="2014-11-24T15:24:06Z" finished-at="2014-11-24T15:24:06Z">
          <reporter-output>
          </reporter-output>
        </test-method> <!-- closeBrowser -->
      </class> <!-- Friends.UnfollowFriends -->
      <class name="Feedback.CommentPrivateFeedback">
        <test-method status="PASS" signature="beforeTest(java.lang.String)[pri:0, instance:Feedback.CommentPrivateFeedback@5315b42e]" name="beforeTest" is-config="true" duration-ms="2917" started-at="2014-11-24T15:12:28Z" finished-at="2014-11-24T15:12:30Z">
          <params>
            <param index="0">
              <value>
                <![CDATA[chromekorras]]>
              </value>
            </param>
          </params>
          <reporter-output>
          </reporter-output>
        </test-method> <!-- beforeTest -->
        <test-method status="PASS" signature="Test(java.lang.String, java.lang.String, java.lang.String, java.lang.String, java.lang.String, java.lang.String, java.lang.String)[pri:0, instance:Feedback.CommentPrivateFeedback@5315b42e]" name="Test" duration-ms="8811" started-at="2014-11-24T15:12:30Z" data-provider="CommentData" finished-at="2014-11-24T15:12:39Z">
          <params>
            <param index="0">
              <value>
                <![CDATA[tavalinetont27]]>
              </value>
            </param>
            <param index="1">
              <value>
                <![CDATA[puhtaloom27]]>
              </value>
            </param>
            <param index="2">
              <value>
                <![CDATA[testime11]]>
              </value>
            </param>
            <param index="3">
              <value>
                <![CDATA[Jalgpall on elu]]>
              </value>
            </param>
            <param index="4">
              <value>
                <![CDATA[Sinu jaoks jah]]>
              </value>
            </param>
            <param index="5">
              <value>
                <![CDATA[Väravaid oskab lüüa, kuid kaitsa ei oska]]>
              </value>
            </param>
            <param index="6">
              <value>
                <![CDATA[Jalgpalliäss]]>
              </value>
            </param>
          </params>
          <reporter-output>
          </reporter-output>
        </test-method> <!-- Test -->
        <test-method status="PASS" signature="closeBrowser()[pri:0, instance:Feedback.CommentPrivateFeedback@5315b42e]" name="closeBrowser" is-config="true" duration-ms="2703" started-at="2014-11-24T15:12:39Z" finished-at="2014-11-24T15:12:42Z">
          <reporter-output>
          </reporter-output>
        </test-method> <!-- closeBrowser -->
        <test-method status="PASS" signature="beforeTest(java.lang.String)[pri:0, instance:Feedback.CommentPrivateFeedback@5315b42e]" name="beforeTest" is-config="true" duration-ms="3083" started-at="2014-11-24T15:12:42Z" finished-at="2014-11-24T15:12:45Z">
          <params>
            <param index="0">
              <value>
                <![CDATA[chromekorras]]>
              </value>
            </param>
          </params>
          <reporter-output>
          </reporter-output>
        </test-method> <!-- beforeTest -->
        <test-method status="PASS" signature="Test(java.lang.String, java.lang.String, java.lang.String, java.lang.String, java.lang.String, java.lang.String, java.lang.String)[pri:0, instance:Feedback.CommentPrivateFeedback@5315b42e]" name="Test" duration-ms="9123" started-at="2014-11-24T15:12:45Z" data-provider="CommentData" finished-at="2014-11-24T15:12:54Z">
          <params>
            <param index="0">
              <value>
                <![CDATA[puhtaloom27]]>
              </value>
            </param>
            <param index="1">
              <value>
                <![CDATA[filmweird27]]>
              </value>
            </param>
            <param index="2">
              <value>
                <![CDATA[testime11]]>
              </value>
            </param>
            <param index="3">
              <value>
                <![CDATA[Eks me kõik oleme natuke imelikud]]>
              </value>
            </param>
            <param index="4">
              <value>
                <![CDATA[Eks ta ole jah nii]]>
              </value>
            </param>
            <param index="5">
              <value>
                <![CDATA[Teab palju imelike filme]]>
              </value>
            </param>
            <param index="6">
              <value>
                <![CDATA[We meet again. Weirdo]]>
              </value>
            </param>
          </params>
          <reporter-output>
          </reporter-output>
        </test-method> <!-- Test -->
        <test-method status="PASS" signature="closeBrowser()[pri:0, instance:Feedback.CommentPrivateFeedback@5315b42e]" name="closeBrowser" is-config="true" duration-ms="2404" started-at="2014-11-24T15:12:54Z" finished-at="2014-11-24T15:12:57Z">
          <reporter-output>
          </reporter-output>
        </test-method> <!-- closeBrowser -->
        <test-method status="PASS" signature="beforeTest(java.lang.String)[pri:0, instance:Feedback.CommentPrivateFeedback@5315b42e]" name="beforeTest" is-config="true" duration-ms="2816" started-at="2014-11-24T15:12:57Z" finished-at="2014-11-24T15:12:59Z">
          <params>
            <param index="0">
              <value>
                <![CDATA[chromekorras]]>
              </value>
            </param>
          </params>
          <reporter-output>
          </reporter-output>
        </test-method> <!-- beforeTest -->
        <test-method status="PASS" signature="Test(java.lang.String, java.lang.String, java.lang.String, java.lang.String, java.lang.String, java.lang.String, java.lang.String)[pri:0, instance:Feedback.CommentPrivateFeedback@5315b42e]" name="Test" duration-ms="9031" started-at="2014-11-24T15:12:59Z" data-provider="CommentData" finished-at="2014-11-24T15:13:08Z">
          <params>
            <param index="0">
              <value>
                <![CDATA[filmweird27]]>
              </value>
            </param>
            <param index="1">
              <value>
                <![CDATA[tavalinetont27]]>
              </value>
            </param>
            <param index="2">
              <value>
                <![CDATA[testime11]]>
              </value>
            </param>
            <param index="3">
              <value>
                <![CDATA[Asja tuleb rahulikult v6tta]]>
              </value>
            </param>
            <param index="4">
              <value>
                <![CDATA[Oleks ma nii rahulik]]>
              </value>
            </param>
            <param index="5">
              <value>
                <![CDATA[Teda ei häiri miski]]>
              </value>
            </param>
            <param index="6">
              <value>
                <![CDATA[Vaikne Vend]]>
              </value>
            </param>
          </params>
          <reporter-output>
          </reporter-output>
        </test-method> <!-- Test -->
        <test-method status="PASS" signature="closeBrowser()[pri:0, instance:Feedback.CommentPrivateFeedback@5315b42e]" name="closeBrowser" is-config="true" duration-ms="1467" started-at="2014-11-24T15:13:08Z" finished-at="2014-11-24T15:13:10Z">
          <reporter-output>
          </reporter-output>
        </test-method> <!-- closeBrowser -->
      </class> <!-- Feedback.CommentPrivateFeedback -->
      <class name="GeneralFunctions.ChangeProfilePic">
        <test-method status="SKIP" signature="TestProfilePic(java.lang.String, java.lang.String, java.lang.String, java.lang.String, java.lang.String)[pri:0, instance:GeneralFunctions.ChangeProfilePic@3567135c]" name="TestProfilePic" duration-ms="0" started-at="2014-11-24T15:24:05Z" data-provider="Upload" finished-at="2014-11-24T15:24:05Z">
          <params>
            <param index="0">
              <value>
                <![CDATA[1]]>
              </value>
            </param>
            <param index="1">
              <value>
                <![CDATA[firefox]]>
              </value>
            </param>
            <param index="2">
              <value>
                <![CDATA[1110]]>
              </value>
            </param>
            <param index="3">
              <value>
                <![CDATA[4760]]>
              </value>
            </param>
            <param index="4">
              <value>
                <![CDATA[5922]]>
              </value>
            </param>
          </params>
          <reporter-output>
          </reporter-output>
        </test-method> <!-- TestProfilePic -->
        <test-method status="SKIP" signature="beforeTest(java.lang.String)[pri:0, instance:GeneralFunctions.ChangeProfilePic@3567135c]" name="beforeTest" is-config="true" duration-ms="0" started-at="2014-11-24T15:24:05Z" finished-at="2014-11-24T15:24:05Z">
          <reporter-output>
          </reporter-output>
        </test-method> <!-- beforeTest -->
        <test-method status="SKIP" signature="TestProfilePic(java.lang.String, java.lang.String, java.lang.String, java.lang.String, java.lang.String)[pri:0, instance:GeneralFunctions.ChangeProfilePic@3567135c]" name="TestProfilePic" duration-ms="0" started-at="2014-11-24T15:24:05Z" data-provider="Upload" finished-at="2014-11-24T15:24:05Z">
          <params>
            <param index="0">
              <value>
                <![CDATA[3]]>
              </value>
            </param>
            <param index="1">
              <value>
                <![CDATA[IE]]>
              </value>
            </param>
            <param index="2">
              <value>
                <![CDATA[1900]]>
              </value>
            </param>
            <param index="3">
              <value>
                <![CDATA[10627]]>
              </value>
            </param>
            <param index="4">
              <value>
                <![CDATA[8920]]>
              </value>
            </param>
          </params>
          <reporter-output>
          </reporter-output>
        </test-method> <!-- TestProfilePic -->
        <test-method status="SKIP" signature="beforeTest(java.lang.String)[pri:0, instance:GeneralFunctions.ChangeProfilePic@3567135c]" name="beforeTest" is-config="true" duration-ms="0" started-at="2014-11-24T15:24:05Z" finished-at="2014-11-24T15:24:05Z">
          <reporter-output>
          </reporter-output>
        </test-method> <!-- beforeTest -->
        <test-method status="SKIP" signature="closeBrowser()[pri:0, instance:GeneralFunctions.ChangeProfilePic@3567135c]" name="closeBrowser" is-config="true" duration-ms="0" started-at="2014-11-24T15:24:05Z" finished-at="2014-11-24T15:24:05Z">
          <reporter-output>
          </reporter-output>
        </test-method> <!-- closeBrowser -->
        <test-method status="SKIP" signature="TestProfilePic(java.lang.String, java.lang.String, java.lang.String, java.lang.String, java.lang.String)[pri:0, instance:GeneralFunctions.ChangeProfilePic@3567135c]" name="TestProfilePic" duration-ms="0" started-at="2014-11-24T15:24:05Z" data-provider="Upload" finished-at="2014-11-24T15:24:05Z">
          <params>
            <param index="0">
              <value>
                <![CDATA[2]]>
              </value>
            </param>
            <param index="1">
              <value>
                <![CDATA[chrome]]>
              </value>
            </param>
            <param index="2">
              <value>
                <![CDATA[1047]]>
              </value>
            </param>
            <param index="3">
              <value>
                <![CDATA[6391]]>
              </value>
            </param>
            <param index="4">
              <value>
                <![CDATA[9549]]>
              </value>
            </param>
          </params>
          <reporter-output>
          </reporter-output>
        </test-method> <!-- TestProfilePic -->
        <test-method status="SKIP" signature="closeBrowser()[pri:0, instance:GeneralFunctions.ChangeProfilePic@3567135c]" name="closeBrowser" is-config="true" duration-ms="0" started-at="2014-11-24T15:24:05Z" finished-at="2014-11-24T15:24:05Z">
          <reporter-output>
          </reporter-output>
        </test-method> <!-- closeBrowser -->
        <test-method status="SKIP" signature="closeBrowser()[pri:0, instance:GeneralFunctions.ChangeProfilePic@3567135c]" name="closeBrowser" is-config="true" duration-ms="0" started-at="2014-11-24T15:24:05Z" finished-at="2014-11-24T15:24:05Z">
          <reporter-output>
          </reporter-output>
        </test-method> <!-- closeBrowser -->
        <test-method status="SKIP" signature="beforeTest(java.lang.String)[pri:0, instance:GeneralFunctions.ChangeProfilePic@3567135c]" name="beforeTest" is-config="true" duration-ms="0" started-at="2014-11-24T15:24:05Z" finished-at="2014-11-24T15:24:05Z">
          <reporter-output>
          </reporter-output>
        </test-method> <!-- beforeTest -->
      </class> <!-- GeneralFunctions.ChangeProfilePic -->
      <class name="Friends.FollowFriends">
        <test-method status="SKIP" signature="closeBrowser()[pri:0, instance:Friends.FollowFriends@5d624da6]" name="closeBrowser" is-config="true" duration-ms="0" started-at="2014-11-24T15:24:05Z" finished-at="2014-11-24T15:24:05Z">
          <reporter-output>
          </reporter-output>
        </test-method> <!-- closeBrowser -->
        <test-method status="SKIP" signature="SopradeJalgimine(java.lang.String, java.lang.String, java.lang.String, java.lang.String, java.lang.String, java.lang.String, java.lang.String, java.lang.String)[pri:0, instance:Friends.FollowFriends@5d624da6]" name="SopradeJalgimine" duration-ms="0" started-at="2014-11-24T15:24:05Z" data-provider="FollowFriendsValues" finished-at="2014-11-24T15:24:05Z">
          <params>
            <param index="0">
              <value>
                <![CDATA[tavalinetont27]]>
              </value>
            </param>
            <param index="1">
              <value>
                <![CDATA[Toivo Tavaline]]>
              </value>
            </param>
            <param index="2">
              <value>
                <![CDATA[puhtaloom27]]>
              </value>
            </param>
            <param index="3">
              <value>
                <![CDATA[Martin Loom]]>
              </value>
            </param>
            <param index="4">
              <value>
                <![CDATA[filmweird27]]>
              </value>
            </param>
            <param index="5">
              <value>
                <![CDATA[Toomas Film]]>
              </value>
            </param>
            <param index="6">
              <value>
                <![CDATA[testime11]]>
              </value>
            </param>
            <param index="7">
              <value>
                <![CDATA[Registration was a success]]>
              </value>
            </param>
          </params>
          <reporter-output>
          </reporter-output>
        </test-method> <!-- SopradeJalgimine -->
        <test-method status="SKIP" signature="beforeTest(java.lang.String)[pri:0, instance:Friends.FollowFriends@5d624da6]" name="beforeTest" is-config="true" duration-ms="0" started-at="2014-11-24T15:24:05Z" finished-at="2014-11-24T15:24:05Z">
          <reporter-output>
          </reporter-output>
        </test-method> <!-- beforeTest -->
      </class> <!-- Friends.FollowFriends -->
    </test> <!-- chrome kask6intundubkorras -->
    <test name="chrome Beta" duration-ms="0" started-at="2014-11-24T13:24:06Z" finished-at="2014-11-24T13:24:06Z">
    </test> <!-- chrome Beta -->
    <test name="chrome Live" duration-ms="0" started-at="2014-11-24T13:24:06Z" finished-at="2014-11-24T13:24:06Z">
    </test> <!-- chrome Live -->
    <test name="Firefox kask6intundubkorras" duration-ms="0" started-at="2014-11-24T13:24:06Z" finished-at="2014-11-24T13:24:06Z">
    </test> <!-- Firefox kask6intundubkorras -->
    <test name="Firefox betastaging" duration-ms="0" started-at="2014-11-24T13:24:06Z" finished-at="2014-11-24T13:24:06Z">
    </test> <!-- Firefox betastaging -->
    <test name="Firefox Live" duration-ms="0" started-at="2014-11-24T13:24:06Z" finished-at="2014-11-24T13:24:06Z">
    </test> <!-- Firefox Live -->
    <test name="IE kask6intundubkorras" duration-ms="0" started-at="2014-11-24T13:24:06Z" finished-at="2014-11-24T13:24:06Z">
    </test> <!-- IE kask6intundubkorras -->
    <test name="IE betastaging" duration-ms="0" started-at="2014-11-24T13:24:06Z" finished-at="2014-11-24T13:24:06Z">
    </test> <!-- IE betastaging -->
    <test name="IE Live" duration-ms="0" started-at="2014-11-24T13:24:06Z" finished-at="2014-11-24T13:24:06Z">
    </test> <!-- IE Live -->
  </suite> <!-- Suite -->
</testng-results>
