<?xml version="1.0" encoding="UTF-8"?>
<testng-results skipped="37" failed="1" total="47" passed="9">
  <reporter-output>
  </reporter-output>
  <suite name="Suite" duration-ms="11369054" started-at="2014-11-20T12:28:17Z" finished-at="2014-11-20T15:37:46Z">
    <groups>
    </groups>
    <test name="chrome kask6intundubkorras" duration-ms="5" started-at="2014-11-20T12:28:17Z" finished-at="2014-11-20T12:28:17Z">
    </test> <!-- chrome kask6intundubkorras -->
    <test name="chrome Beta" duration-ms="0" started-at="2014-11-20T12:28:17Z" finished-at="2014-11-20T12:28:17Z">
    </test> <!-- chrome Beta -->
    <test name="chrome Live" duration-ms="0" started-at="2014-11-20T12:28:17Z" finished-at="2014-11-20T12:28:17Z">
    </test> <!-- chrome Live -->
    <test name="Firefox kask6intundubkorras" duration-ms="0" started-at="2014-11-20T12:28:17Z" finished-at="2014-11-20T12:28:17Z">
    </test> <!-- Firefox kask6intundubkorras -->
    <test name="Firefox betastaging" duration-ms="0" started-at="2014-11-20T12:28:17Z" finished-at="2014-11-20T12:28:17Z">
    </test> <!-- Firefox betastaging -->
    <test name="Firefox Live" duration-ms="1" started-at="2014-11-20T12:28:17Z" finished-at="2014-11-20T12:28:17Z">
    </test> <!-- Firefox Live -->
    <test name="IE kask6intundubkorras" duration-ms="11368888" started-at="2014-11-20T12:28:17Z" finished-at="2014-11-20T15:37:46Z">
      <class name="Survey.AnswerSurvey">
        <test-method status="SKIP" signature="TestSurveyAnswer(java.lang.String, java.lang.String, java.lang.String, java.lang.String, java.lang.String, java.lang.String, java.lang.String, java.lang.String, java.lang.String, java.lang.String, java.lang.String, java.lang.String, java.lang.String)[pri:0, instance:Survey.AnswerSurvey@52af6cff]" name="TestSurveyAnswer" duration-ms="0" started-at="2014-11-20T17:37:46Z" data-provider="AnsweringSurvey" finished-at="2014-11-20T17:37:46Z">
          <params>
            <param index="0">
              <value>
                <![CDATA[tavalinetont27]]>
              </value>
            </param>
            <param index="1">
              <value>
                <![CDATA[testime11]]>
              </value>
            </param>
            <param index="2">
              <value>
                <![CDATA[Tavaline]]>
              </value>
            </param>
            <param index="3">
              <value>
                <![CDATA[Kas see on tavaline küsitlius]]>
              </value>
            </param>
            <param index="4">
              <value>
                <![CDATA[Tundub täiesti tavaline]]>
              </value>
            </param>
            <param index="5">
              <value>
                <![CDATA[Mis meeldib mulle]]>
              </value>
            </param>
            <param index="6">
              <value>
                <![CDATA[Tavalised asjad]]>
              </value>
            </param>
            <param index="7">
              <value>
                <![CDATA[Action]]>
              </value>
            </param>
            <param index="8">
              <value>
                <![CDATA[Draama]]>
              </value>
            </param>
            <param index="9">
              <value>
                <![CDATA[Õnnenumbrid on mul]]>
              </value>
            </param>
            <param index="10">
              <value>
                <![CDATA[Kolmteist]]>
              </value>
            </param>
            <param index="11">
              <value>
                <![CDATA[Seitse]]>
              </value>
            </param>
            <param index="12">
              <value>
                <![CDATA[Üks]]>
              </value>
            </param>
          </params>
          <reporter-output>
          </reporter-output>
        </test-method> <!-- TestSurveyAnswer -->
        <test-method status="SKIP" signature="beforeTest(java.lang.String)[pri:0, instance:Survey.AnswerSurvey@52af6cff]" name="beforeTest" is-config="true" duration-ms="0" started-at="2014-11-20T17:37:46Z" finished-at="2014-11-20T17:37:46Z">
          <reporter-output>
          </reporter-output>
        </test-method> <!-- beforeTest -->
        <test-method status="SKIP" signature="beforeTest(java.lang.String)[pri:0, instance:Survey.AnswerSurvey@52af6cff]" name="beforeTest" is-config="true" duration-ms="0" started-at="2014-11-20T17:37:46Z" finished-at="2014-11-20T17:37:46Z">
          <reporter-output>
          </reporter-output>
        </test-method> <!-- beforeTest -->
        <test-method status="SKIP" signature="closeBrowser()[pri:0, instance:Survey.AnswerSurvey@52af6cff]" name="closeBrowser" is-config="true" duration-ms="0" started-at="2014-11-20T17:37:46Z" finished-at="2014-11-20T17:37:46Z">
          <reporter-output>
          </reporter-output>
        </test-method> <!-- closeBrowser -->
        <test-method status="SKIP" signature="TestSurveyAnswer(java.lang.String, java.lang.String, java.lang.String, java.lang.String, java.lang.String, java.lang.String, java.lang.String, java.lang.String, java.lang.String, java.lang.String, java.lang.String, java.lang.String, java.lang.String)[pri:0, instance:Survey.AnswerSurvey@52af6cff]" name="TestSurveyAnswer" duration-ms="0" started-at="2014-11-20T17:37:46Z" data-provider="AnsweringSurvey" finished-at="2014-11-20T17:37:46Z">
          <params>
            <param index="0">
              <value>
                <![CDATA[puhtaloom27]]>
              </value>
            </param>
            <param index="1">
              <value>
                <![CDATA[testime11]]>
              </value>
            </param>
            <param index="2">
              <value>
                <![CDATA[Loomaed]]>
              </value>
            </param>
            <param index="3">
              <value>
                <![CDATA[Kas Loomaias on loomi? Põhjenda?]]>
              </value>
            </param>
            <param index="4">
              <value>
                <![CDATA[Jah. Sest seda kutsutakse aiaks kus elavad loomad]]>
              </value>
            </param>
            <param index="5">
              <value>
                <![CDATA[Keda leidub loomaaias]]>
              </value>
            </param>
            <param index="6">
              <value>
                <![CDATA[gorilla]]>
              </value>
            </param>
            <param index="7">
              <value>
                <![CDATA[mammut]]>
              </value>
            </param>
            <param index="8">
              <value>
                <![CDATA[yeti]]>
              </value>
            </param>
            <param index="9">
              <value>
                <![CDATA[Mis loomad on mul kodus elanud]]>
              </value>
            </param>
            <param index="10">
              <value>
                <![CDATA[kassid]]>
              </value>
            </param>
            <param index="11">
              <value>
                <![CDATA[tsintsilja]]>
              </value>
            </param>
            <param index="12">
              <value>
                <![CDATA[tiiger]]>
              </value>
            </param>
          </params>
          <reporter-output>
          </reporter-output>
        </test-method> <!-- TestSurveyAnswer -->
        <test-method status="SKIP" signature="closeBrowser()[pri:0, instance:Survey.AnswerSurvey@52af6cff]" name="closeBrowser" is-config="true" duration-ms="0" started-at="2014-11-20T17:37:46Z" finished-at="2014-11-20T17:37:46Z">
          <reporter-output>
          </reporter-output>
        </test-method> <!-- closeBrowser -->
        <test-method status="SKIP" signature="beforeTest(java.lang.String)[pri:0, instance:Survey.AnswerSurvey@52af6cff]" name="beforeTest" is-config="true" duration-ms="0" started-at="2014-11-20T17:37:46Z" finished-at="2014-11-20T17:37:46Z">
          <reporter-output>
          </reporter-output>
        </test-method> <!-- beforeTest -->
        <test-method status="SKIP" signature="TestSurveyAnswer(java.lang.String, java.lang.String, java.lang.String, java.lang.String, java.lang.String, java.lang.String, java.lang.String, java.lang.String, java.lang.String, java.lang.String, java.lang.String, java.lang.String, java.lang.String)[pri:0, instance:Survey.AnswerSurvey@52af6cff]" name="TestSurveyAnswer" duration-ms="0" started-at="2014-11-20T17:37:46Z" data-provider="AnsweringSurvey" finished-at="2014-11-20T17:37:46Z">
          <params>
            <param index="0">
              <value>
                <![CDATA[filmweird27]]>
              </value>
            </param>
            <param index="1">
              <value>
                <![CDATA[testime11]]>
              </value>
            </param>
            <param index="2">
              <value>
                <![CDATA[Filmid]]>
              </value>
            </param>
            <param index="3">
              <value>
                <![CDATA[Kas liiga palju järge on halb?]]>
              </value>
            </param>
            <param index="4">
              <value>
                <![CDATA[Kahjuks küll, kuid raha toovad nad sisse]]>
              </value>
            </param>
            <param index="5">
              <value>
                <![CDATA[Minu lemmikfilmi zanr]]>
              </value>
            </param>
            <param index="6">
              <value>
                <![CDATA[Comedy]]>
              </value>
            </param>
            <param index="7">
              <value>
                <![CDATA[Action]]>
              </value>
            </param>
            <param index="8">
              <value>
                <![CDATA[Draama]]>
              </value>
            </param>
            <param index="9">
              <value>
                <![CDATA[Minu lemmik filmid]]>
              </value>
            </param>
            <param index="10">
              <value>
                <![CDATA[Chinese Odyssey]]>
              </value>
            </param>
            <param index="11">
              <value>
                <![CDATA[Clerks]]>
              </value>
            </param>
            <param index="12">
              <value>
                <![CDATA[Tulnukas]]>
              </value>
            </param>
          </params>
          <reporter-output>
          </reporter-output>
        </test-method> <!-- TestSurveyAnswer -->
        <test-method status="SKIP" signature="closeBrowser()[pri:0, instance:Survey.AnswerSurvey@52af6cff]" name="closeBrowser" is-config="true" duration-ms="0" started-at="2014-11-20T17:37:46Z" finished-at="2014-11-20T17:37:46Z">
          <reporter-output>
          </reporter-output>
        </test-method> <!-- closeBrowser -->
      </class> <!-- Survey.AnswerSurvey -->
      <class name="Screenshot.EmailInboxScreenshot">
        <test-method status="SKIP" signature="TakeScreenshot(java.lang.String, java.lang.String, java.lang.String, java.lang.String, java.lang.String, java.lang.String, java.lang.String, java.lang.String, java.lang.String, java.lang.String, java.lang.String)[pri:0, instance:Screenshot.EmailInboxScreenshot@366e2eef]" name="TakeScreenshot" duration-ms="0" started-at="2014-11-20T17:37:46Z" data-provider="Emaillinking" finished-at="2014-11-20T17:37:46Z">
          <params>
            <param index="0">
              <value>
                <![CDATA[tavalinetont27]]>
              </value>
            </param>
            <param index="1">
              <value>
                <![CDATA[puhtaloom27]]>
              </value>
            </param>
            <param index="2">
              <value>
                <![CDATA[filmweird27]]>
              </value>
            </param>
            <param index="3">
              <value>
                <![CDATA[testime11]]>
              </value>
            </param>
            <param index="4">
              <value>
                <![CDATA[Anon kiidab sind]]>
              </value>
            </param>
            <param index="5">
              <value>
                <![CDATA[Oma küla vana]]>
              </value>
            </param>
            <param index="6">
              <value>
                <![CDATA[Jalgpalliäss]]>
              </value>
            </param>
            <param index="7">
              <value>
                <![CDATA[Eks sa tea paremini]]>
              </value>
            </param>
            <param index="8">
              <value>
                <![CDATA[selentest15@mailinator.com]]>
              </value>
            </param>
            <param index="9">
              <value>
                <![CDATA[selentest@hotmail.com]]>
              </value>
            </param>
            <param index="10">
              <value>
                <![CDATA[1]]>
              </value>
            </param>
          </params>
          <reporter-output>
          </reporter-output>
        </test-method> <!-- TakeScreenshot -->
        <test-method status="SKIP" signature="beforeTest(java.lang.String)[pri:0, instance:Screenshot.EmailInboxScreenshot@366e2eef]" name="beforeTest" is-config="true" duration-ms="0" started-at="2014-11-20T17:37:46Z" finished-at="2014-11-20T17:37:46Z">
          <reporter-output>
          </reporter-output>
        </test-method> <!-- beforeTest -->
        <test-method status="SKIP" signature="beforeTest(java.lang.String)[pri:0, instance:Screenshot.EmailInboxScreenshot@366e2eef]" name="beforeTest" is-config="true" duration-ms="0" started-at="2014-11-20T17:37:46Z" finished-at="2014-11-20T17:37:46Z">
          <reporter-output>
          </reporter-output>
        </test-method> <!-- beforeTest -->
        <test-method status="SKIP" signature="closeBrowser()[pri:0, instance:Screenshot.EmailInboxScreenshot@366e2eef]" name="closeBrowser" is-config="true" duration-ms="0" started-at="2014-11-20T17:37:46Z" finished-at="2014-11-20T17:37:46Z">
          <reporter-output>
          </reporter-output>
        </test-method> <!-- closeBrowser -->
        <test-method status="SKIP" signature="TakeScreenshot(java.lang.String, java.lang.String, java.lang.String, java.lang.String, java.lang.String, java.lang.String, java.lang.String, java.lang.String, java.lang.String, java.lang.String, java.lang.String)[pri:0, instance:Screenshot.EmailInboxScreenshot@366e2eef]" name="TakeScreenshot" duration-ms="0" started-at="2014-11-20T17:37:46Z" data-provider="Emaillinking" finished-at="2014-11-20T17:37:46Z">
          <params>
            <param index="0">
              <value>
                <![CDATA[filmweird27]]>
              </value>
            </param>
            <param index="1">
              <value>
                <![CDATA[tavalinetont27]]>
              </value>
            </param>
            <param index="2">
              <value>
                <![CDATA[puhtaloom27]]>
              </value>
            </param>
            <param index="3">
              <value>
                <![CDATA[testime11]]>
              </value>
            </param>
            <param index="4">
              <value>
                <![CDATA[Sa ei tea kes ma olen]]>
              </value>
            </param>
            <param index="5">
              <value>
                <![CDATA[Ma tunnen vist sind]]>
              </value>
            </param>
            <param index="6">
              <value>
                <![CDATA[Vaikne Vend]]>
              </value>
            </param>
            <param index="7">
              <value>
                <![CDATA[Indeed]]>
              </value>
            </param>
            <param index="8">
              <value>
                <![CDATA[vahekonto11@mailinator.com]]>
              </value>
            </param>
            <param index="9">
              <value>
                <![CDATA[selentest@hotmail.com]]>
              </value>
            </param>
            <param index="10">
              <value>
                <![CDATA[3]]>
              </value>
            </param>
          </params>
          <reporter-output>
          </reporter-output>
        </test-method> <!-- TakeScreenshot -->
        <test-method status="SKIP" signature="beforeTest(java.lang.String)[pri:0, instance:Screenshot.EmailInboxScreenshot@366e2eef]" name="beforeTest" is-config="true" duration-ms="0" started-at="2014-11-20T17:37:46Z" finished-at="2014-11-20T17:37:46Z">
          <reporter-output>
          </reporter-output>
        </test-method> <!-- beforeTest -->
        <test-method status="SKIP" signature="closeBrowser()[pri:0, instance:Screenshot.EmailInboxScreenshot@366e2eef]" name="closeBrowser" is-config="true" duration-ms="0" started-at="2014-11-20T17:37:46Z" finished-at="2014-11-20T17:37:46Z">
          <reporter-output>
          </reporter-output>
        </test-method> <!-- closeBrowser -->
        <test-method status="SKIP" signature="TakeScreenshot(java.lang.String, java.lang.String, java.lang.String, java.lang.String, java.lang.String, java.lang.String, java.lang.String, java.lang.String, java.lang.String, java.lang.String, java.lang.String)[pri:0, instance:Screenshot.EmailInboxScreenshot@366e2eef]" name="TakeScreenshot" duration-ms="0" started-at="2014-11-20T17:37:46Z" data-provider="Emaillinking" finished-at="2014-11-20T17:37:46Z">
          <params>
            <param index="0">
              <value>
                <![CDATA[puhtaloom27]]>
              </value>
            </param>
            <param index="1">
              <value>
                <![CDATA[filmweird27]]>
              </value>
            </param>
            <param index="2">
              <value>
                <![CDATA[tavalinetont27]]>
              </value>
            </param>
            <param index="3">
              <value>
                <![CDATA[testime11]]>
              </value>
            </param>
            <param index="4">
              <value>
                <![CDATA[Veits imelik]]>
              </value>
            </param>
            <param index="5">
              <value>
                <![CDATA[Omamoodi]]>
              </value>
            </param>
            <param index="6">
              <value>
                <![CDATA[We meet again. Weirdo]]>
              </value>
            </param>
            <param index="7">
              <value>
                <![CDATA[Eks kaitsetöö ole kah tähtis]]>
              </value>
            </param>
            <param index="8">
              <value>
                <![CDATA[testimeauto13@mailinator.com]]>
              </value>
            </param>
            <param index="9">
              <value>
                <![CDATA[selentest@hotmail.com]]>
              </value>
            </param>
            <param index="10">
              <value>
                <![CDATA[2]]>
              </value>
            </param>
          </params>
          <reporter-output>
          </reporter-output>
        </test-method> <!-- TakeScreenshot -->
        <test-method status="SKIP" signature="closeBrowser()[pri:0, instance:Screenshot.EmailInboxScreenshot@366e2eef]" name="closeBrowser" is-config="true" duration-ms="0" started-at="2014-11-20T17:37:46Z" finished-at="2014-11-20T17:37:46Z">
          <reporter-output>
          </reporter-output>
        </test-method> <!-- closeBrowser -->
      </class> <!-- Screenshot.EmailInboxScreenshot -->
      <class name="Feedback.AnswerPrivateFeedback">
        <test-method status="PASS" signature="beforeTest(java.lang.String)[pri:0, instance:Feedback.AnswerPrivateFeedback@3567135c]" name="beforeTest" is-config="true" duration-ms="8160" started-at="2014-11-20T14:35:44Z" finished-at="2014-11-20T14:35:52Z">
          <params>
            <param index="0">
              <value>
                <![CDATA[IEkorras]]>
              </value>
            </param>
          </params>
          <reporter-output>
          </reporter-output>
        </test-method> <!-- beforeTest -->
        <test-method status="PASS" signature="Test(java.lang.String, java.lang.String, java.lang.String, java.lang.String, java.lang.String, java.lang.String, java.lang.String)[pri:0, instance:Feedback.AnswerPrivateFeedback@3567135c]" name="Test" duration-ms="20014" started-at="2014-11-20T14:35:52Z" data-provider="CommentData" finished-at="2014-11-20T14:36:12Z">
          <params>
            <param index="0">
              <value>
                <![CDATA[tavalinetont27]]>
              </value>
            </param>
            <param index="1">
              <value>
                <![CDATA[puhtaloom27]]>
              </value>
            </param>
            <param index="2">
              <value>
                <![CDATA[testime11]]>
              </value>
            </param>
            <param index="3">
              <value>
                <![CDATA[Jalgpall on elu]]>
              </value>
            </param>
            <param index="4">
              <value>
                <![CDATA[Sinu jaoks jah]]>
              </value>
            </param>
            <param index="5">
              <value>
                <![CDATA[Väravaid oskab lüüa, kuid kaitsa ei oska]]>
              </value>
            </param>
            <param index="6">
              <value>
                <![CDATA[Jalgpalliäss]]>
              </value>
            </param>
          </params>
          <reporter-output>
          </reporter-output>
        </test-method> <!-- Test -->
        <test-method status="PASS" signature="closeBrowser()[pri:0, instance:Feedback.AnswerPrivateFeedback@3567135c]" name="closeBrowser" is-config="true" duration-ms="1074" started-at="2014-11-20T14:36:12Z" finished-at="2014-11-20T14:36:13Z">
          <reporter-output>
          </reporter-output>
        </test-method> <!-- closeBrowser -->
        <test-method status="PASS" signature="beforeTest(java.lang.String)[pri:0, instance:Feedback.AnswerPrivateFeedback@3567135c]" name="beforeTest" is-config="true" duration-ms="7219" started-at="2014-11-20T14:36:13Z" finished-at="2014-11-20T14:36:20Z">
          <params>
            <param index="0">
              <value>
                <![CDATA[IEkorras]]>
              </value>
            </param>
          </params>
          <reporter-output>
          </reporter-output>
        </test-method> <!-- beforeTest -->
        <test-method status="PASS" signature="Test(java.lang.String, java.lang.String, java.lang.String, java.lang.String, java.lang.String, java.lang.String, java.lang.String)[pri:0, instance:Feedback.AnswerPrivateFeedback@3567135c]" name="Test" duration-ms="18835" started-at="2014-11-20T14:36:20Z" data-provider="CommentData" finished-at="2014-11-20T14:36:39Z">
          <params>
            <param index="0">
              <value>
                <![CDATA[puhtaloom27]]>
              </value>
            </param>
            <param index="1">
              <value>
                <![CDATA[filmweird27]]>
              </value>
            </param>
            <param index="2">
              <value>
                <![CDATA[testime11]]>
              </value>
            </param>
            <param index="3">
              <value>
                <![CDATA[Eks me kõik oleme natuke imelikud]]>
              </value>
            </param>
            <param index="4">
              <value>
                <![CDATA[Eks ta ole jah nii]]>
              </value>
            </param>
            <param index="5">
              <value>
                <![CDATA[Teab palju imelike filme]]>
              </value>
            </param>
            <param index="6">
              <value>
                <![CDATA[We meet again. Weirdo]]>
              </value>
            </param>
          </params>
          <reporter-output>
          </reporter-output>
        </test-method> <!-- Test -->
        <test-method status="PASS" signature="closeBrowser()[pri:0, instance:Feedback.AnswerPrivateFeedback@3567135c]" name="closeBrowser" is-config="true" duration-ms="1067" started-at="2014-11-20T14:36:39Z" finished-at="2014-11-20T14:36:40Z">
          <reporter-output>
          </reporter-output>
        </test-method> <!-- closeBrowser -->
        <test-method status="PASS" signature="beforeTest(java.lang.String)[pri:0, instance:Feedback.AnswerPrivateFeedback@3567135c]" name="beforeTest" is-config="true" duration-ms="7409" started-at="2014-11-20T14:36:40Z" finished-at="2014-11-20T14:36:48Z">
          <params>
            <param index="0">
              <value>
                <![CDATA[IEkorras]]>
              </value>
            </param>
          </params>
          <reporter-output>
          </reporter-output>
        </test-method> <!-- beforeTest -->
        <test-method status="PASS" signature="Test(java.lang.String, java.lang.String, java.lang.String, java.lang.String, java.lang.String, java.lang.String, java.lang.String)[pri:0, instance:Feedback.AnswerPrivateFeedback@3567135c]" name="Test" duration-ms="22029" started-at="2014-11-20T14:36:48Z" data-provider="CommentData" finished-at="2014-11-20T14:37:10Z">
          <params>
            <param index="0">
              <value>
                <![CDATA[filmweird27]]>
              </value>
            </param>
            <param index="1">
              <value>
                <![CDATA[tavalinetont27]]>
              </value>
            </param>
            <param index="2">
              <value>
                <![CDATA[testime11]]>
              </value>
            </param>
            <param index="3">
              <value>
                <![CDATA[Asja tuleb rahulikult v6tta]]>
              </value>
            </param>
            <param index="4">
              <value>
                <![CDATA[Oleks ma nii rahulik]]>
              </value>
            </param>
            <param index="5">
              <value>
                <![CDATA[Teda ei häiri miski]]>
              </value>
            </param>
            <param index="6">
              <value>
                <![CDATA[Vaikne Vend]]>
              </value>
            </param>
          </params>
          <reporter-output>
          </reporter-output>
        </test-method> <!-- Test -->
        <test-method status="PASS" signature="closeBrowser()[pri:0, instance:Feedback.AnswerPrivateFeedback@3567135c]" name="closeBrowser" is-config="true" duration-ms="1021" started-at="2014-11-20T14:37:10Z" finished-at="2014-11-20T14:37:11Z">
          <reporter-output>
          </reporter-output>
        </test-method> <!-- closeBrowser -->
      </class> <!-- Feedback.AnswerPrivateFeedback -->
      <class name="Feedback.FeedbackVal">
        <test-method status="PASS" signature="beforeTest(java.lang.String)[pri:0, instance:Feedback.FeedbackVal@5a61f5df]" name="beforeTest" is-config="true" duration-ms="9030" started-at="2014-11-20T14:34:03Z" finished-at="2014-11-20T14:34:12Z">
          <params>
            <param index="0">
              <value>
                <![CDATA[IEkorras]]>
              </value>
            </param>
          </params>
          <reporter-output>
          </reporter-output>
        </test-method> <!-- beforeTest -->
        <test-method status="PASS" signature="testFeedbackVal(java.lang.String, java.lang.String, java.lang.String, java.lang.String, java.lang.String, java.lang.String, java.lang.String, java.lang.String, java.lang.String, java.lang.String, java.lang.String)[pri:0, instance:Feedback.FeedbackVal@5a61f5df]" name="testFeedbackVal" duration-ms="25919" started-at="2014-11-20T14:34:12Z" data-provider="Feedbackval" finished-at="2014-11-20T14:34:38Z">
          <params>
            <param index="0">
              <value>
                <![CDATA[tavalinetont27]]>
              </value>
            </param>
            <param index="1">
              <value>
                <![CDATA[puhtaloom27]]>
              </value>
            </param>
            <param index="2">
              <value>
                <![CDATA[filmweird27]]>
              </value>
            </param>
            <param index="3">
              <value>
                <![CDATA[testime11]]>
              </value>
            </param>
            <param index="4">
              <value>
                <![CDATA[Anon kiidab sind]]>
              </value>
            </param>
            <param index="5">
              <value>
                <![CDATA[Oma küla vana]]>
              </value>
            </param>
            <param index="6">
              <value>
                <![CDATA[Jalgpalliäss]]>
              </value>
            </param>
            <param index="7">
              <value>
                <![CDATA[Eks sa tea paremini]]>
              </value>
            </param>
            <param index="8">
              <value>
                <![CDATA[selentest15@mailinator.com]]>
              </value>
            </param>
            <param index="9">
              <value>
                <![CDATA[selentest@hotmail.com]]>
              </value>
            </param>
            <param index="10">
              <value>
                <![CDATA[1]]>
              </value>
            </param>
          </params>
          <reporter-output>
          </reporter-output>
        </test-method> <!-- testFeedbackVal -->
        <test-method status="PASS" signature="closeBrowser()[pri:0, instance:Feedback.FeedbackVal@5a61f5df]" name="closeBrowser" is-config="true" duration-ms="1089" started-at="2014-11-20T14:34:38Z" finished-at="2014-11-20T14:34:39Z">
          <reporter-output>
          </reporter-output>
        </test-method> <!-- closeBrowser -->
        <test-method status="PASS" signature="beforeTest(java.lang.String)[pri:0, instance:Feedback.FeedbackVal@5a61f5df]" name="beforeTest" is-config="true" duration-ms="7467" started-at="2014-11-20T14:34:39Z" finished-at="2014-11-20T14:34:46Z">
          <params>
            <param index="0">
              <value>
                <![CDATA[IEkorras]]>
              </value>
            </param>
          </params>
          <reporter-output>
          </reporter-output>
        </test-method> <!-- beforeTest -->
        <test-method status="PASS" signature="testFeedbackVal(java.lang.String, java.lang.String, java.lang.String, java.lang.String, java.lang.String, java.lang.String, java.lang.String, java.lang.String, java.lang.String, java.lang.String, java.lang.String)[pri:0, instance:Feedback.FeedbackVal@5a61f5df]" name="testFeedbackVal" duration-ms="23633" started-at="2014-11-20T14:34:46Z" data-provider="Feedbackval" finished-at="2014-11-20T14:35:10Z">
          <params>
            <param index="0">
              <value>
                <![CDATA[puhtaloom27]]>
              </value>
            </param>
            <param index="1">
              <value>
                <![CDATA[filmweird27]]>
              </value>
            </param>
            <param index="2">
              <value>
                <![CDATA[tavalinetont27]]>
              </value>
            </param>
            <param index="3">
              <value>
                <![CDATA[testime11]]>
              </value>
            </param>
            <param index="4">
              <value>
                <![CDATA[Veits imelik]]>
              </value>
            </param>
            <param index="5">
              <value>
                <![CDATA[Omamoodi]]>
              </value>
            </param>
            <param index="6">
              <value>
                <![CDATA[We meet again. Weirdo]]>
              </value>
            </param>
            <param index="7">
              <value>
                <![CDATA[Eks kaitsetöö ole kah tähtis]]>
              </value>
            </param>
            <param index="8">
              <value>
                <![CDATA[testimeauto13@mailinator.com]]>
              </value>
            </param>
            <param index="9">
              <value>
                <![CDATA[selentest@hotmail.com]]>
              </value>
            </param>
            <param index="10">
              <value>
                <![CDATA[2]]>
              </value>
            </param>
          </params>
          <reporter-output>
          </reporter-output>
        </test-method> <!-- testFeedbackVal -->
        <test-method status="PASS" signature="closeBrowser()[pri:0, instance:Feedback.FeedbackVal@5a61f5df]" name="closeBrowser" is-config="true" duration-ms="1022" started-at="2014-11-20T14:35:10Z" finished-at="2014-11-20T14:35:11Z">
          <reporter-output>
          </reporter-output>
        </test-method> <!-- closeBrowser -->
        <test-method status="PASS" signature="beforeTest(java.lang.String)[pri:0, instance:Feedback.FeedbackVal@5a61f5df]" name="beforeTest" is-config="true" duration-ms="7862" started-at="2014-11-20T14:35:11Z" finished-at="2014-11-20T14:35:19Z">
          <params>
            <param index="0">
              <value>
                <![CDATA[IEkorras]]>
              </value>
            </param>
          </params>
          <reporter-output>
          </reporter-output>
        </test-method> <!-- beforeTest -->
        <test-method status="PASS" signature="testFeedbackVal(java.lang.String, java.lang.String, java.lang.String, java.lang.String, java.lang.String, java.lang.String, java.lang.String, java.lang.String, java.lang.String, java.lang.String, java.lang.String)[pri:0, instance:Feedback.FeedbackVal@5a61f5df]" name="testFeedbackVal" duration-ms="23663" started-at="2014-11-20T14:35:19Z" data-provider="Feedbackval" finished-at="2014-11-20T14:35:43Z">
          <params>
            <param index="0">
              <value>
                <![CDATA[filmweird27]]>
              </value>
            </param>
            <param index="1">
              <value>
                <![CDATA[tavalinetont27]]>
              </value>
            </param>
            <param index="2">
              <value>
                <![CDATA[puhtaloom27]]>
              </value>
            </param>
            <param index="3">
              <value>
                <![CDATA[testime11]]>
              </value>
            </param>
            <param index="4">
              <value>
                <![CDATA[Sa ei tea kes ma olen]]>
              </value>
            </param>
            <param index="5">
              <value>
                <![CDATA[Ma tunnen vist sind]]>
              </value>
            </param>
            <param index="6">
              <value>
                <![CDATA[Vaikne Vend]]>
              </value>
            </param>
            <param index="7">
              <value>
                <![CDATA[Indeed]]>
              </value>
            </param>
            <param index="8">
              <value>
                <![CDATA[vahekonto11@mailinator.com]]>
              </value>
            </param>
            <param index="9">
              <value>
                <![CDATA[selentest@hotmail.com]]>
              </value>
            </param>
            <param index="10">
              <value>
                <![CDATA[3]]>
              </value>
            </param>
          </params>
          <reporter-output>
          </reporter-output>
        </test-method> <!-- testFeedbackVal -->
        <test-method status="PASS" signature="closeBrowser()[pri:0, instance:Feedback.FeedbackVal@5a61f5df]" name="closeBrowser" is-config="true" duration-ms="1084" started-at="2014-11-20T14:35:43Z" finished-at="2014-11-20T14:35:44Z">
          <reporter-output>
          </reporter-output>
        </test-method> <!-- closeBrowser -->
      </class> <!-- Feedback.FeedbackVal -->
      <class name="Friends.FriendsFeedback">
        <test-method status="SKIP" signature="beforeTest(java.lang.String)[pri:0, instance:Friends.FriendsFeedback@6537cf78]" name="beforeTest" is-config="true" duration-ms="0" started-at="2014-11-20T17:37:45Z" finished-at="2014-11-20T17:37:45Z">
          <reporter-output>
          </reporter-output>
        </test-method> <!-- beforeTest -->
        <test-method status="SKIP" signature="closeBrowser()[pri:0, instance:Friends.FriendsFeedback@6537cf78]" name="closeBrowser" is-config="true" duration-ms="0" started-at="2014-11-20T17:37:45Z" finished-at="2014-11-20T17:37:45Z">
          <reporter-output>
          </reporter-output>
        </test-method> <!-- closeBrowser -->
        <test-method status="SKIP" signature="TestFriendsFeedback(java.lang.String, java.lang.String, java.lang.String, java.lang.String, java.lang.String, java.lang.String, java.lang.String, java.lang.String, java.lang.String, java.lang.String, java.lang.String)[pri:0, instance:Friends.FriendsFeedback@6537cf78]" name="TestFriendsFeedback" duration-ms="0" started-at="2014-11-20T17:37:45Z" data-provider="FriendsFeedbackVal" finished-at="2014-11-20T17:37:45Z">
          <params>
            <param index="0">
              <value>
                <![CDATA[tavalinetont27]]>
              </value>
            </param>
            <param index="1">
              <value>
                <![CDATA[puhtaloom27]]>
              </value>
            </param>
            <param index="2">
              <value>
                <![CDATA[filmweird27]]>
              </value>
            </param>
            <param index="3">
              <value>
                <![CDATA[testime11]]>
              </value>
            </param>
            <param index="4">
              <value>
                <![CDATA[Anon kiidab sind]]>
              </value>
            </param>
            <param index="5">
              <value>
                <![CDATA[Oma küla vana]]>
              </value>
            </param>
            <param index="6">
              <value>
                <![CDATA[Jalgpalliäss]]>
              </value>
            </param>
            <param index="7">
              <value>
                <![CDATA[Eks sa tea paremini]]>
              </value>
            </param>
            <param index="8">
              <value>
                <![CDATA[selentest15@mailinator.com]]>
              </value>
            </param>
            <param index="9">
              <value>
                <![CDATA[selentest@hotmail.com]]>
              </value>
            </param>
            <param index="10">
              <value>
                <![CDATA[1]]>
              </value>
            </param>
          </params>
          <reporter-output>
          </reporter-output>
        </test-method> <!-- TestFriendsFeedback -->
        <test-method status="SKIP" signature="closeBrowser()[pri:0, instance:Friends.FriendsFeedback@6537cf78]" name="closeBrowser" is-config="true" duration-ms="0" started-at="2014-11-20T17:37:45Z" finished-at="2014-11-20T17:37:45Z">
          <reporter-output>
          </reporter-output>
        </test-method> <!-- closeBrowser -->
        <test-method status="SKIP" signature="TestFriendsFeedback(java.lang.String, java.lang.String, java.lang.String, java.lang.String, java.lang.String, java.lang.String, java.lang.String, java.lang.String, java.lang.String, java.lang.String, java.lang.String)[pri:0, instance:Friends.FriendsFeedback@6537cf78]" name="TestFriendsFeedback" duration-ms="0" started-at="2014-11-20T17:37:45Z" data-provider="FriendsFeedbackVal" finished-at="2014-11-20T17:37:45Z">
          <params>
            <param index="0">
              <value>
                <![CDATA[puhtaloom27]]>
              </value>
            </param>
            <param index="1">
              <value>
                <![CDATA[filmweird27]]>
              </value>
            </param>
            <param index="2">
              <value>
                <![CDATA[tavalinetont27]]>
              </value>
            </param>
            <param index="3">
              <value>
                <![CDATA[testime11]]>
              </value>
            </param>
            <param index="4">
              <value>
                <![CDATA[Veits imelik]]>
              </value>
            </param>
            <param index="5">
              <value>
                <![CDATA[Omamoodi]]>
              </value>
            </param>
            <param index="6">
              <value>
                <![CDATA[We meet again. Weirdo]]>
              </value>
            </param>
            <param index="7">
              <value>
                <![CDATA[Eks kaitsetöö ole kah tähtis]]>
              </value>
            </param>
            <param index="8">
              <value>
                <![CDATA[testimeauto13@mailinator.com]]>
              </value>
            </param>
            <param index="9">
              <value>
                <![CDATA[selentest@hotmail.com]]>
              </value>
            </param>
            <param index="10">
              <value>
                <![CDATA[2]]>
              </value>
            </param>
          </params>
          <reporter-output>
          </reporter-output>
        </test-method> <!-- TestFriendsFeedback -->
        <test-method status="SKIP" signature="beforeTest(java.lang.String)[pri:0, instance:Friends.FriendsFeedback@6537cf78]" name="beforeTest" is-config="true" duration-ms="0" started-at="2014-11-20T17:37:45Z" finished-at="2014-11-20T17:37:45Z">
          <reporter-output>
          </reporter-output>
        </test-method> <!-- beforeTest -->
        <test-method status="SKIP" signature="beforeTest(java.lang.String)[pri:0, instance:Friends.FriendsFeedback@6537cf78]" name="beforeTest" is-config="true" duration-ms="0" started-at="2014-11-20T17:37:45Z" finished-at="2014-11-20T17:37:45Z">
          <reporter-output>
          </reporter-output>
        </test-method> <!-- beforeTest -->
        <test-method status="SKIP" signature="TestFriendsFeedback(java.lang.String, java.lang.String, java.lang.String, java.lang.String, java.lang.String, java.lang.String, java.lang.String, java.lang.String, java.lang.String, java.lang.String, java.lang.String)[pri:0, instance:Friends.FriendsFeedback@6537cf78]" name="TestFriendsFeedback" duration-ms="2" started-at="2014-11-20T17:37:45Z" data-provider="FriendsFeedbackVal" finished-at="2014-11-20T17:37:45Z">
          <params>
            <param index="0">
              <value>
                <![CDATA[filmweird27]]>
              </value>
            </param>
            <param index="1">
              <value>
                <![CDATA[tavalinetont27]]>
              </value>
            </param>
            <param index="2">
              <value>
                <![CDATA[puhtaloom27]]>
              </value>
            </param>
            <param index="3">
              <value>
                <![CDATA[testime11]]>
              </value>
            </param>
            <param index="4">
              <value>
                <![CDATA[Sa ei tea kes ma olen]]>
              </value>
            </param>
            <param index="5">
              <value>
                <![CDATA[Ma tunnen vist sind]]>
              </value>
            </param>
            <param index="6">
              <value>
                <![CDATA[Vaikne Vend]]>
              </value>
            </param>
            <param index="7">
              <value>
                <![CDATA[Indeed]]>
              </value>
            </param>
            <param index="8">
              <value>
                <![CDATA[vahekonto11@mailinator.com]]>
              </value>
            </param>
            <param index="9">
              <value>
                <![CDATA[selentest@hotmail.com]]>
              </value>
            </param>
            <param index="10">
              <value>
                <![CDATA[3]]>
              </value>
            </param>
          </params>
          <reporter-output>
          </reporter-output>
        </test-method> <!-- TestFriendsFeedback -->
        <test-method status="SKIP" signature="closeBrowser()[pri:0, instance:Friends.FriendsFeedback@6537cf78]" name="closeBrowser" is-config="true" duration-ms="0" started-at="2014-11-20T17:37:45Z" finished-at="2014-11-20T17:37:45Z">
          <reporter-output>
          </reporter-output>
        </test-method> <!-- closeBrowser -->
      </class> <!-- Friends.FriendsFeedback -->
      <class name="Survey.SurveywithInvalidData">
        <test-method status="SKIP" signature="beforeTest(java.lang.String)[pri:0, instance:Survey.SurveywithInvalidData@6df97b55]" name="beforeTest" is-config="true" duration-ms="0" started-at="2014-11-20T17:37:46Z" finished-at="2014-11-20T17:37:46Z">
          <reporter-output>
          </reporter-output>
        </test-method> <!-- beforeTest -->
        <test-method status="SKIP" signature="TestSurveywithInvalid(java.lang.String, java.lang.String, java.lang.String, java.lang.String, java.lang.String, java.lang.String, java.lang.String, java.lang.String, java.lang.String, java.lang.String, java.lang.String)[pri:0, instance:Survey.SurveywithInvalidData@6df97b55]" name="TestSurveywithInvalid" duration-ms="0" started-at="2014-11-20T17:37:46Z" data-provider="Surveywithinvalid" finished-at="2014-11-20T17:37:46Z">
          <params>
            <param index="0">
              <value>
                <![CDATA[tavalinetont27]]>
              </value>
            </param>
            <param index="1">
              <value>
                <![CDATA[puhtaloom27]]>
              </value>
            </param>
            <param index="2">
              <value>
                <![CDATA[filmweird27]]>
              </value>
            </param>
            <param index="3">
              <value>
                <![CDATA[testime11]]>
              </value>
            </param>
            <param index="4">
              <value>
                <![CDATA[Anon kiidab sind]]>
              </value>
            </param>
            <param index="5">
              <value>
                <![CDATA[Oma küla vana]]>
              </value>
            </param>
            <param index="6">
              <value>
                <![CDATA[Jalgpalliäss]]>
              </value>
            </param>
            <param index="7">
              <value>
                <![CDATA[Eks sa tea paremini]]>
              </value>
            </param>
            <param index="8">
              <value>
                <![CDATA[selentest15@mailinator.com]]>
              </value>
            </param>
            <param index="9">
              <value>
                <![CDATA[selentest@hotmail.com]]>
              </value>
            </param>
            <param index="10">
              <value>
                <![CDATA[1]]>
              </value>
            </param>
          </params>
          <reporter-output>
          </reporter-output>
        </test-method> <!-- TestSurveywithInvalid -->
        <test-method status="SKIP" signature="closeBrowser()[pri:0, instance:Survey.SurveywithInvalidData@6df97b55]" name="closeBrowser" is-config="true" duration-ms="0" started-at="2014-11-20T17:37:46Z" finished-at="2014-11-20T17:37:46Z">
          <reporter-output>
          </reporter-output>
        </test-method> <!-- closeBrowser -->
        <test-method status="SKIP" signature="TestSurveywithInvalid(java.lang.String, java.lang.String, java.lang.String, java.lang.String, java.lang.String, java.lang.String, java.lang.String, java.lang.String, java.lang.String, java.lang.String, java.lang.String)[pri:0, instance:Survey.SurveywithInvalidData@6df97b55]" name="TestSurveywithInvalid" duration-ms="0" started-at="2014-11-20T17:37:46Z" data-provider="Surveywithinvalid" finished-at="2014-11-20T17:37:46Z">
          <params>
            <param index="0">
              <value>
                <![CDATA[puhtaloom27]]>
              </value>
            </param>
            <param index="1">
              <value>
                <![CDATA[filmweird27]]>
              </value>
            </param>
            <param index="2">
              <value>
                <![CDATA[tavalinetont27]]>
              </value>
            </param>
            <param index="3">
              <value>
                <![CDATA[testime11]]>
              </value>
            </param>
            <param index="4">
              <value>
                <![CDATA[Veits imelik]]>
              </value>
            </param>
            <param index="5">
              <value>
                <![CDATA[Omamoodi]]>
              </value>
            </param>
            <param index="6">
              <value>
                <![CDATA[We meet again. Weirdo]]>
              </value>
            </param>
            <param index="7">
              <value>
                <![CDATA[Eks kaitsetöö ole kah tähtis]]>
              </value>
            </param>
            <param index="8">
              <value>
                <![CDATA[testimeauto13@mailinator.com]]>
              </value>
            </param>
            <param index="9">
              <value>
                <![CDATA[selentest@hotmail.com]]>
              </value>
            </param>
            <param index="10">
              <value>
                <![CDATA[2]]>
              </value>
            </param>
          </params>
          <reporter-output>
          </reporter-output>
        </test-method> <!-- TestSurveywithInvalid -->
        <test-method status="SKIP" signature="beforeTest(java.lang.String)[pri:0, instance:Survey.SurveywithInvalidData@6df97b55]" name="beforeTest" is-config="true" duration-ms="0" started-at="2014-11-20T17:37:46Z" finished-at="2014-11-20T17:37:46Z">
          <reporter-output>
          </reporter-output>
        </test-method> <!-- beforeTest -->
        <test-method status="SKIP" signature="closeBrowser()[pri:0, instance:Survey.SurveywithInvalidData@6df97b55]" name="closeBrowser" is-config="true" duration-ms="0" started-at="2014-11-20T17:37:46Z" finished-at="2014-11-20T17:37:46Z">
          <reporter-output>
          </reporter-output>
        </test-method> <!-- closeBrowser -->
        <test-method status="SKIP" signature="closeBrowser()[pri:0, instance:Survey.SurveywithInvalidData@6df97b55]" name="closeBrowser" is-config="true" duration-ms="0" started-at="2014-11-20T17:37:46Z" finished-at="2014-11-20T17:37:46Z">
          <reporter-output>
          </reporter-output>
        </test-method> <!-- closeBrowser -->
        <test-method status="SKIP" signature="beforeTest(java.lang.String)[pri:0, instance:Survey.SurveywithInvalidData@6df97b55]" name="beforeTest" is-config="true" duration-ms="0" started-at="2014-11-20T17:37:46Z" finished-at="2014-11-20T17:37:46Z">
          <reporter-output>
          </reporter-output>
        </test-method> <!-- beforeTest -->
        <test-method status="SKIP" signature="TestSurveywithInvalid(java.lang.String, java.lang.String, java.lang.String, java.lang.String, java.lang.String, java.lang.String, java.lang.String, java.lang.String, java.lang.String, java.lang.String, java.lang.String)[pri:0, instance:Survey.SurveywithInvalidData@6df97b55]" name="TestSurveywithInvalid" duration-ms="0" started-at="2014-11-20T17:37:46Z" data-provider="Surveywithinvalid" finished-at="2014-11-20T17:37:46Z">
          <params>
            <param index="0">
              <value>
                <![CDATA[filmweird27]]>
              </value>
            </param>
            <param index="1">
              <value>
                <![CDATA[tavalinetont27]]>
              </value>
            </param>
            <param index="2">
              <value>
                <![CDATA[puhtaloom27]]>
              </value>
            </param>
            <param index="3">
              <value>
                <![CDATA[testime11]]>
              </value>
            </param>
            <param index="4">
              <value>
                <![CDATA[Sa ei tea kes ma olen]]>
              </value>
            </param>
            <param index="5">
              <value>
                <![CDATA[Ma tunnen vist sind]]>
              </value>
            </param>
            <param index="6">
              <value>
                <![CDATA[Vaikne Vend]]>
              </value>
            </param>
            <param index="7">
              <value>
                <![CDATA[Indeed]]>
              </value>
            </param>
            <param index="8">
              <value>
                <![CDATA[vahekonto11@mailinator.com]]>
              </value>
            </param>
            <param index="9">
              <value>
                <![CDATA[selentest@hotmail.com]]>
              </value>
            </param>
            <param index="10">
              <value>
                <![CDATA[3]]>
              </value>
            </param>
          </params>
          <reporter-output>
          </reporter-output>
        </test-method> <!-- TestSurveywithInvalid -->
      </class> <!-- Survey.SurveywithInvalidData -->
      <class name="Feedback.CommentPublicFeedback">
        <test-method status="SKIP" signature="TestCommentPublicFeedback(java.lang.String, java.lang.String, java.lang.String, java.lang.String, java.lang.String, java.lang.String, java.lang.String)[pri:0, instance:Feedback.CommentPublicFeedback@67b6d4ae]" name="TestCommentPublicFeedback" duration-ms="0" started-at="2014-11-20T17:37:45Z" data-provider="CommentData" finished-at="2014-11-20T17:37:45Z">
          <params>
            <param index="0">
              <value>
                <![CDATA[tavalinetont27]]>
              </value>
            </param>
            <param index="1">
              <value>
                <![CDATA[puhtaloom27]]>
              </value>
            </param>
            <param index="2">
              <value>
                <![CDATA[testime11]]>
              </value>
            </param>
            <param index="3">
              <value>
                <![CDATA[Jalgpall on elu]]>
              </value>
            </param>
            <param index="4">
              <value>
                <![CDATA[Sinu jaoks jah]]>
              </value>
            </param>
            <param index="5">
              <value>
                <![CDATA[Väravaid oskab lüüa, kuid kaitsa ei oska]]>
              </value>
            </param>
            <param index="6">
              <value>
                <![CDATA[Jalgpalliäss]]>
              </value>
            </param>
          </params>
          <reporter-output>
          </reporter-output>
        </test-method> <!-- TestCommentPublicFeedback -->
        <test-method status="SKIP" signature="beforeTest(java.lang.String)[pri:0, instance:Feedback.CommentPublicFeedback@67b6d4ae]" name="beforeTest" is-config="true" duration-ms="0" started-at="2014-11-20T17:37:45Z" finished-at="2014-11-20T17:37:45Z">
          <reporter-output>
          </reporter-output>
        </test-method> <!-- beforeTest -->
        <test-method status="SKIP" signature="closeBrowser()[pri:0, instance:Feedback.CommentPublicFeedback@67b6d4ae]" name="closeBrowser" is-config="true" duration-ms="0" started-at="2014-11-20T17:37:45Z" finished-at="2014-11-20T17:37:45Z">
          <reporter-output>
          </reporter-output>
        </test-method> <!-- closeBrowser -->
        <test-method status="SKIP" signature="beforeTest(java.lang.String)[pri:0, instance:Feedback.CommentPublicFeedback@67b6d4ae]" name="beforeTest" is-config="true" duration-ms="0" started-at="2014-11-20T17:37:45Z" finished-at="2014-11-20T17:37:45Z">
          <reporter-output>
          </reporter-output>
        </test-method> <!-- beforeTest -->
        <test-method status="SKIP" signature="TestCommentPublicFeedback(java.lang.String, java.lang.String, java.lang.String, java.lang.String, java.lang.String, java.lang.String, java.lang.String)[pri:0, instance:Feedback.CommentPublicFeedback@67b6d4ae]" name="TestCommentPublicFeedback" duration-ms="0" started-at="2014-11-20T17:37:45Z" data-provider="CommentData" finished-at="2014-11-20T17:37:45Z">
          <params>
            <param index="0">
              <value>
                <![CDATA[puhtaloom27]]>
              </value>
            </param>
            <param index="1">
              <value>
                <![CDATA[filmweird27]]>
              </value>
            </param>
            <param index="2">
              <value>
                <![CDATA[testime11]]>
              </value>
            </param>
            <param index="3">
              <value>
                <![CDATA[Eks me kõik oleme natuke imelikud]]>
              </value>
            </param>
            <param index="4">
              <value>
                <![CDATA[Eks ta ole jah nii]]>
              </value>
            </param>
            <param index="5">
              <value>
                <![CDATA[Teab palju imelike filme]]>
              </value>
            </param>
            <param index="6">
              <value>
                <![CDATA[We meet again. Weirdo]]>
              </value>
            </param>
          </params>
          <reporter-output>
          </reporter-output>
        </test-method> <!-- TestCommentPublicFeedback -->
        <test-method status="SKIP" signature="beforeTest(java.lang.String)[pri:0, instance:Feedback.CommentPublicFeedback@67b6d4ae]" name="beforeTest" is-config="true" duration-ms="0" started-at="2014-11-20T17:37:45Z" finished-at="2014-11-20T17:37:45Z">
          <reporter-output>
          </reporter-output>
        </test-method> <!-- beforeTest -->
        <test-method status="SKIP" signature="closeBrowser()[pri:0, instance:Feedback.CommentPublicFeedback@67b6d4ae]" name="closeBrowser" is-config="true" duration-ms="0" started-at="2014-11-20T17:37:45Z" finished-at="2014-11-20T17:37:45Z">
          <reporter-output>
          </reporter-output>
        </test-method> <!-- closeBrowser -->
        <test-method status="SKIP" signature="closeBrowser()[pri:0, instance:Feedback.CommentPublicFeedback@67b6d4ae]" name="closeBrowser" is-config="true" duration-ms="0" started-at="2014-11-20T17:37:45Z" finished-at="2014-11-20T17:37:45Z">
          <reporter-output>
          </reporter-output>
        </test-method> <!-- closeBrowser -->
        <test-method status="SKIP" signature="TestCommentPublicFeedback(java.lang.String, java.lang.String, java.lang.String, java.lang.String, java.lang.String, java.lang.String, java.lang.String)[pri:0, instance:Feedback.CommentPublicFeedback@67b6d4ae]" name="TestCommentPublicFeedback" duration-ms="0" started-at="2014-11-20T17:37:45Z" data-provider="CommentData" finished-at="2014-11-20T17:37:45Z">
          <params>
            <param index="0">
              <value>
                <![CDATA[filmweird27]]>
              </value>
            </param>
            <param index="1">
              <value>
                <![CDATA[tavalinetont27]]>
              </value>
            </param>
            <param index="2">
              <value>
                <![CDATA[testime11]]>
              </value>
            </param>
            <param index="3">
              <value>
                <![CDATA[Asja tuleb rahulikult v6tta]]>
              </value>
            </param>
            <param index="4">
              <value>
                <![CDATA[Oleks ma nii rahulik]]>
              </value>
            </param>
            <param index="5">
              <value>
                <![CDATA[Teda ei häiri miski]]>
              </value>
            </param>
            <param index="6">
              <value>
                <![CDATA[Vaikne Vend]]>
              </value>
            </param>
          </params>
          <reporter-output>
          </reporter-output>
        </test-method> <!-- TestCommentPublicFeedback -->
      </class> <!-- Feedback.CommentPublicFeedback -->
      <class name="Feedback.feedbackinv">
        <test-method status="PASS" signature="beforeTest(java.lang.String)[pri:0, instance:Feedback.feedbackinv@2d3fcdbd]" name="beforeTest" is-config="true" duration-ms="8316" started-at="2014-11-20T14:28:18Z" finished-at="2014-11-20T14:28:26Z">
          <params>
            <param index="0">
              <value>
                <![CDATA[IEkorras]]>
              </value>
            </param>
          </params>
          <reporter-output>
          </reporter-output>
        </test-method> <!-- beforeTest -->
        <test-method status="PASS" signature="testfeedbackinv(java.lang.String, java.lang.String, java.lang.String)[pri:0, instance:Feedback.feedbackinv@2d3fcdbd]" name="testfeedbackinv" duration-ms="109665" started-at="2014-11-20T14:28:26Z" data-provider="FeedbackInv" finished-at="2014-11-20T14:30:16Z">
          <params>
            <param index="0">
              <value>
                <![CDATA[tavalinetont27]]>
              </value>
            </param>
            <param index="1">
              <value>
                <![CDATA[testime11]]>
              </value>
            </param>
            <param index="2">
              <value>
                <![CDATA[See on testi konto jah?]]>
              </value>
            </param>
          </params>
          <reporter-output>
          </reporter-output>
        </test-method> <!-- testfeedbackinv -->
        <test-method status="PASS" signature="closeBrowser()[pri:0, instance:Feedback.feedbackinv@2d3fcdbd]" name="closeBrowser" is-config="true" duration-ms="1079" started-at="2014-11-20T14:30:16Z" finished-at="2014-11-20T14:30:17Z">
          <reporter-output>
          </reporter-output>
        </test-method> <!-- closeBrowser -->
        <test-method status="PASS" signature="beforeTest(java.lang.String)[pri:0, instance:Feedback.feedbackinv@2d3fcdbd]" name="beforeTest" is-config="true" duration-ms="9442" started-at="2014-11-20T14:30:17Z" finished-at="2014-11-20T14:30:26Z">
          <params>
            <param index="0">
              <value>
                <![CDATA[IEkorras]]>
              </value>
            </param>
          </params>
          <reporter-output>
          </reporter-output>
        </test-method> <!-- beforeTest -->
        <test-method status="PASS" signature="testfeedbackinv(java.lang.String, java.lang.String, java.lang.String)[pri:0, instance:Feedback.feedbackinv@2d3fcdbd]" name="testfeedbackinv" duration-ms="101568" started-at="2014-11-20T14:30:26Z" data-provider="FeedbackInv" finished-at="2014-11-20T14:32:08Z">
          <params>
            <param index="0">
              <value>
                <![CDATA[puhtaloom27]]>
              </value>
            </param>
            <param index="1">
              <value>
                <![CDATA[testime11]]>
              </value>
            </param>
            <param index="2">
              <value>
                <![CDATA[See sul teine konto]]>
              </value>
            </param>
          </params>
          <reporter-output>
          </reporter-output>
        </test-method> <!-- testfeedbackinv -->
        <test-method status="PASS" signature="closeBrowser()[pri:0, instance:Feedback.feedbackinv@2d3fcdbd]" name="closeBrowser" is-config="true" duration-ms="1073" started-at="2014-11-20T14:32:08Z" finished-at="2014-11-20T14:32:09Z">
          <reporter-output>
          </reporter-output>
        </test-method> <!-- closeBrowser -->
        <test-method status="PASS" signature="beforeTest(java.lang.String)[pri:0, instance:Feedback.feedbackinv@2d3fcdbd]" name="beforeTest" is-config="true" duration-ms="9184" started-at="2014-11-20T14:32:09Z" finished-at="2014-11-20T14:32:18Z">
          <params>
            <param index="0">
              <value>
                <![CDATA[IEkorras]]>
              </value>
            </param>
          </params>
          <reporter-output>
          </reporter-output>
        </test-method> <!-- beforeTest -->
        <test-method status="PASS" signature="testfeedbackinv(java.lang.String, java.lang.String, java.lang.String)[pri:0, instance:Feedback.feedbackinv@2d3fcdbd]" name="testfeedbackinv" duration-ms="103438" started-at="2014-11-20T14:32:18Z" data-provider="FeedbackInv" finished-at="2014-11-20T14:34:02Z">
          <params>
            <param index="0">
              <value>
                <![CDATA[filmweird27]]>
              </value>
            </param>
            <param index="1">
              <value>
                <![CDATA[testime11]]>
              </value>
            </param>
            <param index="2">
              <value>
                <![CDATA[See sul kolmas test]]>
              </value>
            </param>
          </params>
          <reporter-output>
          </reporter-output>
        </test-method> <!-- testfeedbackinv -->
        <test-method status="PASS" signature="closeBrowser()[pri:0, instance:Feedback.feedbackinv@2d3fcdbd]" name="closeBrowser" is-config="true" duration-ms="1096" started-at="2014-11-20T14:34:02Z" finished-at="2014-11-20T14:34:03Z">
          <reporter-output>
          </reporter-output>
        </test-method> <!-- closeBrowser -->
      </class> <!-- Feedback.feedbackinv -->
      <class name="Feedback.MakeFeedbackPublic">
        <test-method status="SKIP" signature="beforeTest(java.lang.String)[pri:0, instance:Feedback.MakeFeedbackPublic@36f6e879]" name="beforeTest" is-config="true" duration-ms="0" started-at="2014-11-20T17:37:45Z" finished-at="2014-11-20T17:37:45Z">
          <reporter-output>
          </reporter-output>
        </test-method> <!-- beforeTest -->
        <test-method status="SKIP" signature="closeBrowser()[pri:0, instance:Feedback.MakeFeedbackPublic@36f6e879]" name="closeBrowser" is-config="true" duration-ms="0" started-at="2014-11-20T17:37:45Z" finished-at="2014-11-20T17:37:45Z">
          <reporter-output>
          </reporter-output>
        </test-method> <!-- closeBrowser -->
        <test-method status="SKIP" signature="TestFeedbackPublic(java.lang.String, java.lang.String, java.lang.String, java.lang.String, java.lang.String, java.lang.String, java.lang.String, java.lang.String, java.lang.String, java.lang.String, java.lang.String)[pri:0, instance:Feedback.MakeFeedbackPublic@36f6e879]" name="TestFeedbackPublic" duration-ms="0" started-at="2014-11-20T17:37:45Z" data-provider="FeedbackPublic" finished-at="2014-11-20T17:37:45Z">
          <params>
            <param index="0">
              <value>
                <![CDATA[tavalinetont27]]>
              </value>
            </param>
            <param index="1">
              <value>
                <![CDATA[puhtaloom27]]>
              </value>
            </param>
            <param index="2">
              <value>
                <![CDATA[filmweird27]]>
              </value>
            </param>
            <param index="3">
              <value>
                <![CDATA[testime11]]>
              </value>
            </param>
            <param index="4">
              <value>
                <![CDATA[Anon kiidab sind]]>
              </value>
            </param>
            <param index="5">
              <value>
                <![CDATA[Oma küla vana]]>
              </value>
            </param>
            <param index="6">
              <value>
                <![CDATA[Jalgpalliäss]]>
              </value>
            </param>
            <param index="7">
              <value>
                <![CDATA[Eks sa tea paremini]]>
              </value>
            </param>
            <param index="8">
              <value>
                <![CDATA[selentest15@mailinator.com]]>
              </value>
            </param>
            <param index="9">
              <value>
                <![CDATA[selentest@hotmail.com]]>
              </value>
            </param>
            <param index="10">
              <value>
                <![CDATA[1]]>
              </value>
            </param>
          </params>
          <reporter-output>
          </reporter-output>
        </test-method> <!-- TestFeedbackPublic -->
        <test-method status="SKIP" signature="beforeTest(java.lang.String)[pri:0, instance:Feedback.MakeFeedbackPublic@36f6e879]" name="beforeTest" is-config="true" duration-ms="0" started-at="2014-11-20T17:37:45Z" finished-at="2014-11-20T17:37:45Z">
          <reporter-output>
          </reporter-output>
        </test-method> <!-- beforeTest -->
        <test-method status="SKIP" signature="closeBrowser()[pri:0, instance:Feedback.MakeFeedbackPublic@36f6e879]" name="closeBrowser" is-config="true" duration-ms="0" started-at="2014-11-20T17:37:45Z" finished-at="2014-11-20T17:37:45Z">
          <reporter-output>
          </reporter-output>
        </test-method> <!-- closeBrowser -->
        <test-method status="SKIP" signature="beforeTest(java.lang.String)[pri:0, instance:Feedback.MakeFeedbackPublic@36f6e879]" name="beforeTest" is-config="true" duration-ms="0" started-at="2014-11-20T17:37:45Z" finished-at="2014-11-20T17:37:45Z">
          <reporter-output>
          </reporter-output>
        </test-method> <!-- beforeTest -->
        <test-method status="SKIP" signature="TestFeedbackPublic(java.lang.String, java.lang.String, java.lang.String, java.lang.String, java.lang.String, java.lang.String, java.lang.String, java.lang.String, java.lang.String, java.lang.String, java.lang.String)[pri:0, instance:Feedback.MakeFeedbackPublic@36f6e879]" name="TestFeedbackPublic" duration-ms="0" started-at="2014-11-20T17:37:45Z" data-provider="FeedbackPublic" finished-at="2014-11-20T17:37:45Z">
          <params>
            <param index="0">
              <value>
                <![CDATA[puhtaloom27]]>
              </value>
            </param>
            <param index="1">
              <value>
                <![CDATA[filmweird27]]>
              </value>
            </param>
            <param index="2">
              <value>
                <![CDATA[tavalinetont27]]>
              </value>
            </param>
            <param index="3">
              <value>
                <![CDATA[testime11]]>
              </value>
            </param>
            <param index="4">
              <value>
                <![CDATA[Veits imelik]]>
              </value>
            </param>
            <param index="5">
              <value>
                <![CDATA[Omamoodi]]>
              </value>
            </param>
            <param index="6">
              <value>
                <![CDATA[We meet again. Weirdo]]>
              </value>
            </param>
            <param index="7">
              <value>
                <![CDATA[Eks kaitsetöö ole kah tähtis]]>
              </value>
            </param>
            <param index="8">
              <value>
                <![CDATA[testimeauto13@mailinator.com]]>
              </value>
            </param>
            <param index="9">
              <value>
                <![CDATA[selentest@hotmail.com]]>
              </value>
            </param>
            <param index="10">
              <value>
                <![CDATA[2]]>
              </value>
            </param>
          </params>
          <reporter-output>
          </reporter-output>
        </test-method> <!-- TestFeedbackPublic -->
        <test-method status="SKIP" signature="closeBrowser()[pri:0, instance:Feedback.MakeFeedbackPublic@36f6e879]" name="closeBrowser" is-config="true" duration-ms="0" started-at="2014-11-20T17:37:45Z" finished-at="2014-11-20T17:37:45Z">
          <reporter-output>
          </reporter-output>
        </test-method> <!-- closeBrowser -->
        <test-method status="SKIP" signature="TestFeedbackPublic(java.lang.String, java.lang.String, java.lang.String, java.lang.String, java.lang.String, java.lang.String, java.lang.String, java.lang.String, java.lang.String, java.lang.String, java.lang.String)[pri:0, instance:Feedback.MakeFeedbackPublic@36f6e879]" name="TestFeedbackPublic" duration-ms="0" started-at="2014-11-20T17:37:45Z" data-provider="FeedbackPublic" finished-at="2014-11-20T17:37:45Z">
          <params>
            <param index="0">
              <value>
                <![CDATA[filmweird27]]>
              </value>
            </param>
            <param index="1">
              <value>
                <![CDATA[tavalinetont27]]>
              </value>
            </param>
            <param index="2">
              <value>
                <![CDATA[puhtaloom27]]>
              </value>
            </param>
            <param index="3">
              <value>
                <![CDATA[testime11]]>
              </value>
            </param>
            <param index="4">
              <value>
                <![CDATA[Sa ei tea kes ma olen]]>
              </value>
            </param>
            <param index="5">
              <value>
                <![CDATA[Ma tunnen vist sind]]>
              </value>
            </param>
            <param index="6">
              <value>
                <![CDATA[Vaikne Vend]]>
              </value>
            </param>
            <param index="7">
              <value>
                <![CDATA[Indeed]]>
              </value>
            </param>
            <param index="8">
              <value>
                <![CDATA[vahekonto11@mailinator.com]]>
              </value>
            </param>
            <param index="9">
              <value>
                <![CDATA[selentest@hotmail.com]]>
              </value>
            </param>
            <param index="10">
              <value>
                <![CDATA[3]]>
              </value>
            </param>
          </params>
          <reporter-output>
          </reporter-output>
        </test-method> <!-- TestFeedbackPublic -->
      </class> <!-- Feedback.MakeFeedbackPublic -->
      <class name="Feedback.CommentPublicFeedbackNotLoggedin">
        <test-method status="SKIP" signature="TestCommentPublicFeedbackNotLoggedin(java.lang.String, java.lang.String, java.lang.String, java.lang.String, java.lang.String, java.lang.String, java.lang.String, java.lang.String, java.lang.String, java.lang.String, java.lang.String)[pri:0, instance:Feedback.CommentPublicFeedbackNotLoggedin@7225790e]" name="TestCommentPublicFeedbackNotLoggedin" duration-ms="1" started-at="2014-11-20T17:37:45Z" data-provider="CommentData" finished-at="2014-11-20T17:37:45Z">
          <params>
            <param index="0">
              <value>
                <![CDATA[tavalinetont27]]>
              </value>
            </param>
            <param index="1">
              <value>
                <![CDATA[puhtaloom27]]>
              </value>
            </param>
            <param index="2">
              <value>
                <![CDATA[filmweird27]]>
              </value>
            </param>
            <param index="3">
              <value>
                <![CDATA[testime11]]>
              </value>
            </param>
            <param index="4">
              <value>
                <![CDATA[Anon kiidab sind]]>
              </value>
            </param>
            <param index="5">
              <value>
                <![CDATA[Oma küla vana]]>
              </value>
            </param>
            <param index="6">
              <value>
                <![CDATA[Jalgpalliäss]]>
              </value>
            </param>
            <param index="7">
              <value>
                <![CDATA[Eks sa tea paremini]]>
              </value>
            </param>
            <param index="8">
              <value>
                <![CDATA[selentest15@mailinator.com]]>
              </value>
            </param>
            <param index="9">
              <value>
                <![CDATA[selentest@hotmail.com]]>
              </value>
            </param>
            <param index="10">
              <value>
                <![CDATA[1]]>
              </value>
            </param>
          </params>
          <reporter-output>
          </reporter-output>
        </test-method> <!-- TestCommentPublicFeedbackNotLoggedin -->
        <test-method status="SKIP" signature="beforeTest(java.lang.String)[pri:0, instance:Feedback.CommentPublicFeedbackNotLoggedin@7225790e]" name="beforeTest" is-config="true" duration-ms="0" started-at="2014-11-20T17:37:45Z" finished-at="2014-11-20T17:37:45Z">
          <reporter-output>
          </reporter-output>
        </test-method> <!-- beforeTest -->
        <test-method status="SKIP" signature="closeBrowser()[pri:0, instance:Feedback.CommentPublicFeedbackNotLoggedin@7225790e]" name="closeBrowser" is-config="true" duration-ms="0" started-at="2014-11-20T17:37:45Z" finished-at="2014-11-20T17:37:45Z">
          <reporter-output>
          </reporter-output>
        </test-method> <!-- closeBrowser -->
        <test-method status="SKIP" signature="beforeTest(java.lang.String)[pri:0, instance:Feedback.CommentPublicFeedbackNotLoggedin@7225790e]" name="beforeTest" is-config="true" duration-ms="0" started-at="2014-11-20T17:37:45Z" finished-at="2014-11-20T17:37:45Z">
          <reporter-output>
          </reporter-output>
        </test-method> <!-- beforeTest -->
        <test-method status="SKIP" signature="TestCommentPublicFeedbackNotLoggedin(java.lang.String, java.lang.String, java.lang.String, java.lang.String, java.lang.String, java.lang.String, java.lang.String, java.lang.String, java.lang.String, java.lang.String, java.lang.String)[pri:0, instance:Feedback.CommentPublicFeedbackNotLoggedin@7225790e]" name="TestCommentPublicFeedbackNotLoggedin" duration-ms="0" started-at="2014-11-20T17:37:45Z" data-provider="CommentData" finished-at="2014-11-20T17:37:45Z">
          <params>
            <param index="0">
              <value>
                <![CDATA[puhtaloom27]]>
              </value>
            </param>
            <param index="1">
              <value>
                <![CDATA[filmweird27]]>
              </value>
            </param>
            <param index="2">
              <value>
                <![CDATA[tavalinetont27]]>
              </value>
            </param>
            <param index="3">
              <value>
                <![CDATA[testime11]]>
              </value>
            </param>
            <param index="4">
              <value>
                <![CDATA[Veits imelik]]>
              </value>
            </param>
            <param index="5">
              <value>
                <![CDATA[Omamoodi]]>
              </value>
            </param>
            <param index="6">
              <value>
                <![CDATA[We meet again. Weirdo]]>
              </value>
            </param>
            <param index="7">
              <value>
                <![CDATA[Eks kaitsetöö ole kah tähtis]]>
              </value>
            </param>
            <param index="8">
              <value>
                <![CDATA[testimeauto13@mailinator.com]]>
              </value>
            </param>
            <param index="9">
              <value>
                <![CDATA[selentest@hotmail.com]]>
              </value>
            </param>
            <param index="10">
              <value>
                <![CDATA[2]]>
              </value>
            </param>
          </params>
          <reporter-output>
          </reporter-output>
        </test-method> <!-- TestCommentPublicFeedbackNotLoggedin -->
        <test-method status="SKIP" signature="beforeTest(java.lang.String)[pri:0, instance:Feedback.CommentPublicFeedbackNotLoggedin@7225790e]" name="beforeTest" is-config="true" duration-ms="0" started-at="2014-11-20T17:37:45Z" finished-at="2014-11-20T17:37:45Z">
          <reporter-output>
          </reporter-output>
        </test-method> <!-- beforeTest -->
[...]
Session ID: 7a8b02f0-4905-4998-b7b8-e9a21ee41041
	at sun.reflect.NativeConstructorAccessorImpl.newInstance0(Native Method)
	at sun.reflect.NativeConstructorAccessorImpl.newInstance(NativeConstructorAccessorImpl.java:62)
	at sun.reflect.DelegatingConstructorAccessorImpl.newInstance(DelegatingConstructorAccessorImpl.java:45)
	at java.lang.reflect.Constructor.newInstance(Constructor.java:408)
	at org.openqa.selenium.remote.ErrorHandler.createThrowable(ErrorHandler.java:204)
	at org.openqa.selenium.remote.ErrorHandler.throwIfResponseFailed(ErrorHandler.java:156)
	at org.openqa.selenium.remote.RemoteWebDriver.execute(RemoteWebDriver.java:599)
	at org.openqa.selenium.remote.RemoteWebElement.execute(RemoteWebElement.java:268)
	at org.openqa.selenium.remote.RemoteWebElement.click(RemoteWebElement.java:79)
	at Feedback.CommentPrivateFeedback.Test(CommentPrivateFeedback.java:39)
	at sun.reflect.NativeMethodAccessorImpl.invoke0(Native Method)
	at sun.reflect.NativeMethodAccessorImpl.invoke(NativeMethodAccessorImpl.java:62)
	at sun.reflect.DelegatingMethodAccessorImpl.invoke(DelegatingMethodAccessorImpl.java:43)
	at java.lang.reflect.Method.invoke(Method.java:483)
	at org.testng.internal.MethodInvocationHelper.invokeMethod(MethodInvocationHelper.java:84)
	at org.testng.internal.Invoker.invokeMethod(Invoker.java:714)
	at org.testng.internal.Invoker.invokeTestMethod(Invoker.java:901)
	at org.testng.internal.Invoker.invokeTestMethods(Invoker.java:1231)
	at org.testng.internal.TestMethodWorker.invokeTestMethods(TestMethodWorker.java:127)
	at org.testng.internal.TestMethodWorker.run(TestMethodWorker.java:111)
	at org.testng.TestRunner.privateRun(TestRunner.java:767)
	at org.testng.TestRunner.run(TestRunner.java:617)
	at org.testng.SuiteRunner.runTest(SuiteRunner.java:348)
	at org.testng.SuiteRunner.runSequentially(SuiteRunner.java:343)
	at org.testng.SuiteRunner.privateRun(SuiteRunner.java:305)
	at org.testng.SuiteRunner.run(SuiteRunner.java:254)
	at org.testng.SuiteRunnerWorker.runSuite(SuiteRunnerWorker.java:52)
	at org.testng.SuiteRunnerWorker.run(SuiteRunnerWorker.java:86)
	at org.testng.TestNG.runSuitesSequentially(TestNG.java:1224)
	at org.testng.TestNG.runSuitesLocally(TestNG.java:1149)
	at org.testng.TestNG.run(TestNG.java:1057)
	at org.apache.maven.surefire.testng.TestNGExecutor.run(TestNGExecutor.java:295)
	at org.apache.maven.surefire.testng.TestNGXmlTestSuite.execute(TestNGXmlTestSuite.java:84)
	at org.apache.maven.surefire.testng.TestNGProvider.invoke(TestNGProvider.java:90)
	at org.apache.maven.surefire.booter.ForkedBooter.invokeProviderInSameClassLoader(ForkedBooter.java:203)
	at org.apache.maven.surefire.booter.ForkedBooter.runSuitesInProcess(ForkedBooter.java:155)
	at org.apache.maven.surefire.booter.ForkedBooter.main(ForkedBooter.java:103)
]]>
            </full-stacktrace>
          </exception> <!-- org.openqa.selenium.ElementNotVisibleException -->
          <reporter-output>
          </reporter-output>
        </test-method> <!-- Test -->
        <test-method status="PASS" signature="closeBrowser()[pri:0, instance:Feedback.CommentPrivateFeedback@617c74e5]" name="closeBrowser" is-config="true" duration-ms="1020" started-at="2014-11-20T14:37:42Z" finished-at="2014-11-20T14:37:44Z">
          <reporter-output>
          </reporter-output>
        </test-method> <!-- closeBrowser -->
        <test-method status="FAIL" signature="beforeTest(java.lang.String)[pri:0, instance:Feedback.CommentPrivateFeedback@617c74e5]" name="beforeTest" is-config="true" duration-ms="0" started-at="2014-11-20T14:37:44Z" finished-at="2014-11-20T14:37:44Z">
          <params>
            <param index="0">
              <value>
                <![CDATA[IEkorras]]>
              </value>
            </param>
          </params>
          <exception class="org.openqa.selenium.remote.UnreachableBrowserException">
            <message>
              <![CDATA[Could not start a new session. Possible causes are invalid address of the remote server or browser start-up failure.
Build info: version: '2.43.1', revision: '5163bceef1bc36d43f3dc0b83c88998168a363a0', time: '2014-09-10 09:43:55'
System info: host: 'Madis-PC', ip: '192.168.0.109', os.name: 'Windows 7', os.arch: 'amd64', os.version: '6.1', java.version: '1.8.0_20'
Driver info: driver.version: InternetExplorerDriver]]>
            </message>
            <full-stacktrace>
              <![CDATA[org.openqa.selenium.remote.UnreachableBrowserException: Could not start a new session. Possible causes are invalid address of the remote server or browser start-up failure.
Build info: version: '2.43.1', revision: '5163bceef1bc36d43f3dc0b83c88998168a363a0', time: '2014-09-10 09:43:55'
System info: host: 'Madis-PC', ip: '192.168.0.109', os.name: 'Windows 7', os.arch: 'amd64', os.version: '6.1', java.version: '1.8.0_20'
Driver info: driver.version: InternetExplorerDriver
	at org.openqa.selenium.remote.RemoteWebDriver.execute(RemoteWebDriver.java:593)
	at org.openqa.selenium.remote.RemoteWebDriver.startSession(RemoteWebDriver.java:240)
	at org.openqa.selenium.remote.RemoteWebDriver.startSession(RemoteWebDriver.java:225)
	at org.openqa.selenium.ie.InternetExplorerDriver.run(InternetExplorerDriver.java:182)
	at org.openqa.selenium.ie.InternetExplorerDriver.<init>(InternetExplorerDriver.java:174)
	at org.openqa.selenium.ie.InternetExplorerDriver.<init>(InternetExplorerDriver.java:150)
	at Utils.Browser.beforeTest(Browser.java:115)
	at sun.reflect.NativeMethodAccessorImpl.invoke0(Native Method)
	at sun.reflect.NativeMethodAccessorImpl.invoke(NativeMethodAccessorImpl.java:62)
	at sun.reflect.DelegatingMethodAccessorImpl.invoke(DelegatingMethodAccessorImpl.java:43)
	at java.lang.reflect.Method.invoke(Method.java:483)
	at org.testng.internal.MethodInvocationHelper.invokeMethod(MethodInvocationHelper.java:84)
	at org.testng.internal.Invoker.invokeConfigurationMethod(Invoker.java:564)
	at org.testng.internal.Invoker.invokeConfigurations(Invoker.java:213)
	at org.testng.internal.Invoker.invokeMethod(Invoker.java:653)
	at org.testng.internal.Invoker.invokeTestMethod(Invoker.java:901)
	at org.testng.internal.Invoker.invokeTestMethods(Invoker.java:1231)
	at org.testng.internal.TestMethodWorker.invokeTestMethods(TestMethodWorker.java:127)
	at org.testng.internal.TestMethodWorker.run(TestMethodWorker.java:111)
	at org.testng.TestRunner.privateRun(TestRunner.java:767)
	at org.testng.TestRunner.run(TestRunner.java:617)
	at org.testng.SuiteRunner.runTest(SuiteRunner.java:348)
	at org.testng.SuiteRunner.runSequentially(SuiteRunner.java:343)
	at org.testng.SuiteRunner.privateRun(SuiteRunner.java:305)
	at org.testng.SuiteRunner.run(SuiteRunner.java:254)
	at org.testng.SuiteRunnerWorker.runSuite(SuiteRunnerWorker.java:52)
	at org.testng.SuiteRunnerWorker.run(SuiteRunnerWorker.java:86)
	at org.testng.TestNG.runSuitesSequentially(TestNG.java:1224)
	at org.testng.TestNG.runSuitesLocally(TestNG.java:1149)
	at org.testng.TestNG.run(TestNG.java:1057)
	at org.apache.maven.surefire.testng.TestNGExecutor.run(TestNGExecutor.java:295)
	at org.apache.maven.surefire.testng.TestNGXmlTestSuite.execute(TestNGXmlTestSuite.java:84)
	at org.apache.maven.surefire.testng.TestNGProvider.invoke(TestNGProvider.java:90)
	at org.apache.maven.surefire.booter.ForkedBooter.invokeProviderInSameClassLoader(ForkedBooter.java:203)
	at org.apache.maven.surefire.booter.ForkedBooter.runSuitesInProcess(ForkedBooter.java:155)
	at org.apache.maven.surefire.booter.ForkedBooter.main(ForkedBooter.java:103)
Caused by: org.openqa.selenium.WebDriverException: java.net.SocketTimeoutException: Read timed out
Build info: version: '2.43.1', revision: '5163bceef1bc36d43f3dc0b83c88998168a363a0', time: '2014-09-10 09:43:55'
System info: host: 'Madis-PC', ip: '192.168.0.109', os.name: 'Windows 7', os.arch: 'amd64', os.version: '6.1', java.version: '1.8.0_20'
Driver info: driver.version: InternetExplorerDriver
	at org.openqa.selenium.remote.service.DriverCommandExecutor.execute(DriverCommandExecutor.java:75)
	at org.openqa.selenium.remote.RemoteWebDriver.execute(RemoteWebDriver.java:572)
	... 35 more
Caused by: java.net.SocketTimeoutException: Read timed out
	at java.net.SocketInputStream.socketRead0(Native Method)
	at java.net.SocketInputStream.read(SocketInputStream.java:150)
	at java.net.SocketInputStream.read(SocketInputStream.java:121)
	at org.apache.http.impl.io.SessionInputBufferImpl.streamRead(SessionInputBufferImpl.java:136)
	at org.apache.http.impl.io.SessionInputBufferImpl.fillBuffer(SessionInputBufferImpl.java:152)
	at org.apache.http.impl.io.SessionInputBufferImpl.readLine(SessionInputBufferImpl.java:270)
	at org.apache.http.impl.conn.DefaultHttpResponseParser.parseHead(DefaultHttpResponseParser.java:140)
	at org.apache.http.impl.conn.DefaultHttpResponseParser.parseHead(DefaultHttpResponseParser.java:57)
	at org.apache.http.impl.io.AbstractMessageParser.parse(AbstractMessageParser.java:260)
	at org.apache.http.impl.DefaultBHttpClientConnection.receiveResponseHeader(DefaultBHttpClientConnection.java:161)
	at org.apache.http.impl.conn.CPoolProxy.receiveResponseHeader(CPoolProxy.java:153)
	at org.apache.http.protocol.HttpRequestExecutor.doReceiveResponse(HttpRequestExecutor.java:271)
	at org.apache.http.protocol.HttpRequestExecutor.execute(HttpRequestExecutor.java:123)
	at org.apache.http.impl.execchain.MainClientExec.execute(MainClientExec.java:254)
	at org.apache.http.impl.execchain.ProtocolExec.execute(ProtocolExec.java:195)
	at org.apache.http.impl.execchain.RetryExec.execute(RetryExec.java:86)
	at org.apache.http.impl.execchain.RedirectExec.execute(RedirectExec.java:108)
	at org.apache.http.impl.client.InternalHttpClient.doExecute(InternalHttpClient.java:184)
	at org.apache.http.impl.client.CloseableHttpClient.execute(CloseableHttpClient.java:72)
	at org.apache.http.impl.client.CloseableHttpClient.execute(CloseableHttpClient.java:57)
	at org.openqa.selenium.remote.HttpCommandExecutor.fallBackExecute(HttpCommandExecutor.java:215)
	at org.openqa.selenium.remote.HttpCommandExecutor.execute(HttpCommandExecutor.java:184)
	at org.openqa.selenium.remote.service.DriverCommandExecutor.execute(DriverCommandExecutor.java:66)
	... 36 more
]]>
            </full-stacktrace>
          </exception> <!-- org.openqa.selenium.remote.UnreachableBrowserException -->
          <reporter-output>
          </reporter-output>
        </test-method> <!-- beforeTest -->
        <test-method status="SKIP" signature="Test(java.lang.String, java.lang.String, java.lang.String, java.lang.String, java.lang.String, java.lang.String, java.lang.String)[pri:0, instance:Feedback.CommentPrivateFeedback@617c74e5]" name="Test" duration-ms="0" started-at="2014-11-20T17:37:45Z" data-provider="CommentData" finished-at="2014-11-20T17:37:45Z">
          <params>
            <param index="0">
              <value>
                <![CDATA[puhtaloom27]]>
              </value>
            </param>
            <param index="1">
              <value>
                <![CDATA[filmweird27]]>
              </value>
            </param>
            <param index="2">
              <value>
                <![CDATA[testime11]]>
              </value>
            </param>
            <param index="3">
              <value>
                <![CDATA[Eks me kõik oleme natuke imelikud]]>
              </value>
            </param>
            <param index="4">
              <value>
                <![CDATA[Eks ta ole jah nii]]>
              </value>
            </param>
            <param index="5">
              <value>
                <![CDATA[Teab palju imelike filme]]>
              </value>
            </param>
            <param index="6">
              <value>
                <![CDATA[We meet again. Weirdo]]>
              </value>
            </param>
          </params>
          <reporter-output>
          </reporter-output>
        </test-method> <!-- Test -->
        <test-method status="SKIP" signature="Test(java.lang.String, java.lang.String, java.lang.String, java.lang.String, java.lang.String, java.lang.String, java.lang.String)[pri:0, instance:Feedback.CommentPrivateFeedback@617c74e5]" name="Test" duration-ms="0" started-at="2014-11-20T17:37:45Z" data-provider="CommentData" finished-at="2014-11-20T17:37:45Z">
          <params>
            <param index="0">
              <value>
                <![CDATA[filmweird27]]>
              </value>
            </param>
            <param index="1">
              <value>
                <![CDATA[tavalinetont27]]>
              </value>
            </param>
            <param index="2">
              <value>
                <![CDATA[testime11]]>
              </value>
            </param>
            <param index="3">
              <value>
                <![CDATA[Asja tuleb rahulikult v6tta]]>
              </value>
            </param>
            <param index="4">
              <value>
                <![CDATA[Oleks ma nii rahulik]]>
              </value>
            </param>
            <param index="5">
              <value>
                <![CDATA[Teda ei häiri miski]]>
              </value>
            </param>
            <param index="6">
              <value>
                <![CDATA[Vaikne Vend]]>
              </value>
            </param>
          </params>
          <reporter-output>
          </reporter-output>
        </test-method> <!-- Test -->
        <test-method status="SKIP" signature="closeBrowser()[pri:0, instance:Feedback.CommentPrivateFeedback@617c74e5]" name="closeBrowser" is-config="true" duration-ms="0" started-at="2014-11-20T17:37:45Z" finished-at="2014-11-20T17:37:45Z">
          <reporter-output>
          </reporter-output>
        </test-method> <!-- closeBrowser -->
        <test-method status="SKIP" signature="beforeTest(java.lang.String)[pri:0, instance:Feedback.CommentPrivateFeedback@617c74e5]" name="beforeTest" is-config="true" duration-ms="0" started-at="2014-11-20T17:37:45Z" finished-at="2014-11-20T17:37:45Z">
          <reporter-output>
          </reporter-output>
        </test-method> <!-- beforeTest -->
        <test-method status="SKIP" signature="closeBrowser()[pri:0, instance:Feedback.CommentPrivateFeedback@617c74e5]" name="closeBrowser" is-config="true" duration-ms="0" started-at="2014-11-20T17:37:45Z" finished-at="2014-11-20T17:37:45Z">
          <reporter-output>
          </reporter-output>
        </test-method> <!-- closeBrowser -->
      </class> <!-- Feedback.CommentPrivateFeedback -->
      <class name="Friends.UnfollowFriends">
        <test-method status="SKIP" signature="beforeTest(java.lang.String)[pri:0, instance:Friends.UnfollowFriends@3cbbc1e0]" name="beforeTest" is-config="true" duration-ms="0" started-at="2014-11-20T17:37:46Z" finished-at="2014-11-20T17:37:46Z">
          <reporter-output>
          </reporter-output>
        </test-method> <!-- beforeTest -->
        <test-method status="SKIP" signature="closeBrowser()[pri:0, instance:Friends.UnfollowFriends@3cbbc1e0]" name="closeBrowser" is-config="true" duration-ms="0" started-at="2014-11-20T17:37:46Z" finished-at="2014-11-20T17:37:46Z">
          <reporter-output>
          </reporter-output>
        </test-method> <!-- closeBrowser -->
        <test-method status="SKIP" signature="StopFollowing(java.lang.String, java.lang.String, java.lang.String, java.lang.String, java.lang.String, java.lang.String, java.lang.String, java.lang.String)[pri:0, instance:Friends.UnfollowFriends@3cbbc1e0]" name="StopFollowing" duration-ms="0" started-at="2014-11-20T17:37:46Z" data-provider="UnFollowFriends" finished-at="2014-11-20T17:37:46Z">
          <params>
            <param index="0">
              <value>
                <![CDATA[tavalinetont27]]>
              </value>
            </param>
            <param index="1">
              <value>
                <![CDATA[Toivo Tavaline]]>
              </value>
            </param>
            <param index="2">
              <value>
                <![CDATA[puhtaloom27]]>
              </value>
            </param>
            <param index="3">
              <value>
                <![CDATA[Martin Loom]]>
              </value>
            </param>
            <param index="4">
              <value>
                <![CDATA[filmweird27]]>
              </value>
            </param>
            <param index="5">
              <value>
                <![CDATA[Toomas Film]]>
              </value>
            </param>
            <param index="6">
              <value>
                <![CDATA[testime11]]>
              </value>
            </param>
            <param index="7">
              <value>
                <![CDATA[Registration was a success]]>
              </value>
            </param>
          </params>
          <reporter-output>
          </reporter-output>
        </test-method> <!-- StopFollowing -->
      </class> <!-- Friends.UnfollowFriends -->
      <class name="Friends.FollowFriends">
        <test-method status="SKIP" signature="SõpradeJälgimine(java.lang.String, java.lang.String, java.lang.String, java.lang.String, java.lang.String, java.lang.String, java.lang.String, java.lang.String)[pri:0, instance:Friends.FollowFriends@531be3c5]" name="SõpradeJälgimine" duration-ms="1" started-at="2014-11-20T17:37:45Z" data-provider="FollowFriendsValues" finished-at="2014-11-20T17:37:45Z">
          <params>
            <param index="0">
              <value>
                <![CDATA[tavalinetont27]]>
              </value>
            </param>
            <param index="1">
              <value>
                <![CDATA[Toivo Tavaline]]>
              </value>
            </param>
            <param index="2">
              <value>
                <![CDATA[puhtaloom27]]>
              </value>
            </param>
            <param index="3">
              <value>
                <![CDATA[Martin Loom]]>
              </value>
            </param>
            <param index="4">
              <value>
                <![CDATA[filmweird27]]>
              </value>
            </param>
            <param index="5">
              <value>
                <![CDATA[Toomas Film]]>
              </value>
            </param>
            <param index="6">
              <value>
                <![CDATA[testime11]]>
              </value>
            </param>
            <param index="7">
              <value>
                <![CDATA[Registration was a success]]>
              </value>
            </param>
          </params>
          <reporter-output>
          </reporter-output>
        </test-method> <!-- SõpradeJälgimine -->
        <test-method status="SKIP" signature="beforeTest(java.lang.String)[pri:0, instance:Friends.FollowFriends@531be3c5]" name="beforeTest" is-config="true" duration-ms="0" started-at="2014-11-20T17:37:45Z" finished-at="2014-11-20T17:37:45Z">
          <reporter-output>
          </reporter-output>
        </test-method> <!-- beforeTest -->
        <test-method status="SKIP" signature="closeBrowser()[pri:0, instance:Friends.FollowFriends@531be3c5]" name="closeBrowser" is-config="true" duration-ms="0" started-at="2014-11-20T17:37:45Z" finished-at="2014-11-20T17:37:45Z">
          <reporter-output>
          </reporter-output>
        </test-method> <!-- closeBrowser -->
      </class> <!-- Friends.FollowFriends -->
    </test> <!-- IE kask6intundubkorras -->
    <test name="IE betastaging" duration-ms="0" started-at="2014-11-20T15:37:46Z" finished-at="2014-11-20T15:37:46Z">
    </test> <!-- IE betastaging -->
    <test name="IE Live" duration-ms="0" started-at="2014-11-20T15:37:46Z" finished-at="2014-11-20T15:37:46Z">
    </test> <!-- IE Live -->
  </suite> <!-- Suite -->
</testng-results>
