<?xml version="1.0" encoding="UTF-8"?>
<testng-results skipped="0" failed="0" total="3" passed="3">
  <reporter-output>
  </reporter-output>
  <suite name="Suite" duration-ms="210602" started-at="2014-11-17T13:35:15Z" finished-at="2014-11-17T13:38:46Z">
    <groups>
    </groups>
    <test name="chrome kask6intundubkorras" duration-ms="84009" started-at="2014-11-17T13:35:15Z" finished-at="2014-11-17T13:36:39Z">
      <class name="GeneralFunctions.ChangeProfilePic2">
        <test-method status="PASS" signature="beforeTest(java.lang.String)[pri:0, instance:GeneralFunctions.ChangeProfilePic2@2ac1fdc4]" name="beforeTest" is-config="true" duration-ms="3474" started-at="2014-11-17T15:35:15Z" finished-at="2014-11-17T15:35:19Z">
          <params>
            <param index="0">
              <value>
                <![CDATA[chromekorras]]>
              </value>
            </param>
          </params>
          <reporter-output>
          </reporter-output>
        </test-method> <!-- beforeTest -->
        <test-method status="PASS" signature="AvalikultProfiililtpildivahetus()[pri:0, instance:GeneralFunctions.ChangeProfilePic2@2ac1fdc4]" name="AvalikultProfiililtpildivahetus" duration-ms="76362" started-at="2014-11-17T15:35:19Z" finished-at="2014-11-17T15:36:35Z">
          <reporter-output>
          </reporter-output>
        </test-method> <!-- AvalikultProfiililtpildivahetus -->
        <test-method status="PASS" signature="closeBrowser()[pri:0, instance:GeneralFunctions.ChangeProfilePic2@2ac1fdc4]" name="closeBrowser" is-config="true" duration-ms="4162" started-at="2014-11-17T15:36:35Z" finished-at="2014-11-17T15:36:39Z">
          <reporter-output>
          </reporter-output>
        </test-method> <!-- closeBrowser -->
      </class> <!-- GeneralFunctions.ChangeProfilePic2 -->
    </test> <!-- chrome kask6intundubkorras -->
    <test name="chrome Beta" duration-ms="0" started-at="2014-11-17T13:36:39Z" finished-at="2014-11-17T13:36:39Z">
    </test> <!-- chrome Beta -->
    <test name="chrome Live" duration-ms="0" started-at="2014-11-17T13:36:39Z" finished-at="2014-11-17T13:36:39Z">
    </test> <!-- chrome Live -->
    <test name="Firefox kask6intundubkorras" duration-ms="47813" started-at="2014-11-17T13:36:39Z" finished-at="2014-11-17T13:37:27Z">
      <class name="GeneralFunctions.ChangeProfilePic2">
        <test-method status="PASS" signature="beforeTest(java.lang.String)[pri:0, instance:GeneralFunctions.ChangeProfilePic2@649d209a]" name="beforeTest" is-config="true" duration-ms="6507" started-at="2014-11-17T15:36:39Z" finished-at="2014-11-17T15:36:46Z">
          <params>
            <param index="0">
              <value>
                <![CDATA[firefoxkorras]]>
              </value>
            </param>
          </params>
          <reporter-output>
          </reporter-output>
        </test-method> <!-- beforeTest -->
        <test-method status="PASS" signature="AvalikultProfiililtpildivahetus()[pri:0, instance:GeneralFunctions.ChangeProfilePic2@649d209a]" name="AvalikultProfiililtpildivahetus" duration-ms="40973" started-at="2014-11-17T15:36:46Z" finished-at="2014-11-17T15:37:27Z">
          <reporter-output>
          </reporter-output>
        </test-method> <!-- AvalikultProfiililtpildivahetus -->
        <test-method status="PASS" signature="closeBrowser()[pri:0, instance:GeneralFunctions.ChangeProfilePic2@649d209a]" name="closeBrowser" is-config="true" duration-ms="332" started-at="2014-11-17T15:37:27Z" finished-at="2014-11-17T15:37:27Z">
          <reporter-output>
          </reporter-output>
        </test-method> <!-- closeBrowser -->
      </class> <!-- GeneralFunctions.ChangeProfilePic2 -->
    </test> <!-- Firefox kask6intundubkorras -->
    <test name="Firefox betastaging" duration-ms="0" started-at="2014-11-17T13:37:27Z" finished-at="2014-11-17T13:37:27Z">
    </test> <!-- Firefox betastaging -->
    <test name="Firefox Live" duration-ms="0" started-at="2014-11-17T13:37:27Z" finished-at="2014-11-17T13:37:27Z">
    </test> <!-- Firefox Live -->
    <test name="IE kask6intundubkorras" duration-ms="78710" started-at="2014-11-17T13:37:27Z" finished-at="2014-11-17T13:38:46Z">
      <class name="GeneralFunctions.ChangeProfilePic2">
        <test-method status="PASS" signature="beforeTest(java.lang.String)[pri:0, instance:GeneralFunctions.ChangeProfilePic2@5e025e70]" name="beforeTest" is-config="true" duration-ms="7966" started-at="2014-11-17T15:37:27Z" finished-at="2014-11-17T15:37:35Z">
          <params>
            <param index="0">
              <value>
                <![CDATA[IEkorras]]>
              </value>
            </param>
          </params>
          <reporter-output>
          </reporter-output>
        </test-method> <!-- beforeTest -->
        <test-method status="PASS" signature="AvalikultProfiililtpildivahetus()[pri:0, instance:GeneralFunctions.ChangeProfilePic2@5e025e70]" name="AvalikultProfiililtpildivahetus" duration-ms="69621" started-at="2014-11-17T15:37:35Z" finished-at="2014-11-17T15:38:45Z">
          <reporter-output>
          </reporter-output>
        </test-method> <!-- AvalikultProfiililtpildivahetus -->
        <test-method status="PASS" signature="closeBrowser()[pri:0, instance:GeneralFunctions.ChangeProfilePic2@5e025e70]" name="closeBrowser" is-config="true" duration-ms="1122" started-at="2014-11-17T15:38:45Z" finished-at="2014-11-17T15:38:46Z">
          <reporter-output>
          </reporter-output>
        </test-method> <!-- closeBrowser -->
      </class> <!-- GeneralFunctions.ChangeProfilePic2 -->
    </test> <!-- IE kask6intundubkorras -->
    <test name="IE betastaging" duration-ms="0" started-at="2014-11-17T13:38:46Z" finished-at="2014-11-17T13:38:46Z">
    </test> <!-- IE betastaging -->
    <test name="IE Live" duration-ms="0" started-at="2014-11-17T13:38:46Z" finished-at="2014-11-17T13:38:46Z">
    </test> <!-- IE Live -->
  </suite> <!-- Suite -->
</testng-results>
